[PUT] create 
[PUT] update 
[E] extent_server getattr failed
[E] extent_server 0000000000000001 getattr success
[PUT] update 
[PUT] create 
[E] extent_server 00000000301bb9b6 getattr success
[E] extent_server 00000000301bb9b6 getattr success
[E] extent_server getattr failed
[E] extent_server 00000000301bb9b6 getattr success
[PUT] update 
[PUT] create 
[E] extent_server 00000000ad98c498 getattr success
[E] extent_server 00000000ad98c498 getattr success
[PUT] update 
[E] extent_server 00000000301bb9b6 getattr success
[E] extent_server 00000000ad98c498 getattr success
[PUT] update 
[E] extent_server 00000000301bb9b6 getattr success
[E] extent_server getattr failed
[E] extent_server 00000000301bb9b6 getattr success
[PUT] update 
[PUT] create 
[E] extent_server 00000000a7d5f968 getattr success
[E] extent_server 00000000a7d5f968 getattr success
[PUT] update 
[E] extent_server 00000000301bb9b6 getattr success
[E] extent_server 00000000a7d5f968 getattr success
[E] extent_server 00000000a7d5f968 getattr success
[E] extent_server 00000000301bb9b6 getattr success
[E] extent_server 00000000a7d5f968 getattr success
[PUT] update 
[E] extent_server 00000000a7d5f968 getattr success
[E] extent_server 00000000a7d5f968 getattr success
[E] extent_server 00000000301bb9b6 getattr success
[E] extent_server 00000000a7d5f968 getattr success
[E] extent_server 00000000a7d5f968 getattr success
[PUT] update 
[E] extent_server 00000000301bb9b6 getattr success
[E] extent_server 00000000a7d5f968 getattr success
[E] extent_server 00000000a7d5f968 getattr success
[E] extent_server 00000000301bb9b6 getattr success
[E] extent_server 00000000a7d5f968 getattr success
[E] extent_server 00000000a7d5f968 getattr success
[E] extent_server 00000000301bb9b6 getattr success
[E] extent_server 00000000301bb9b6 getattr success
[E] extent_server 00000000301bb9b6 getattr success
[E] extent_server 00000000301bb9b6 getattr success
[E] extent_server 00000000a7d5f968 getattr success
[PUT] update 
[E] extent_server 00000000301bb9b6 getattr success
[E] extent_server 00000000301bb9b6 getattr success
[E] extent_server 00000000301bb9b6 getattr success
[E] extent_server 00000000301bb9b6 getattr success
[E] extent_server getattr failed
[E] extent_server 00000000301bb9b6 getattr success
[PUT] update 
[PUT] create 
[E] extent_server 000000008031ccea getattr success
[E] extent_server 000000008031ccea getattr success
[PUT] update 
[E] extent_server 00000000301bb9b6 getattr success
[E] extent_server getattr failed
[E] extent_server 00000000301bb9b6 getattr success
[PUT] update 
[PUT] create 
[E] extent_server 00000000c7df4d5e getattr success
[E] extent_server 00000000c7df4d5e getattr success
[PUT] update 
[E] extent_server 00000000301bb9b6 getattr success
[E] extent_server getattr failed
[E] extent_server 00000000301bb9b6 getattr success
[PUT] update 
[PUT] create 
[E] extent_server 00000000b13661da getattr success
[E] extent_server 00000000b13661da getattr success
[PUT] update 
[E] extent_server 00000000301bb9b6 getattr success
[E] extent_server getattr failed
[E] extent_server 00000000301bb9b6 getattr success
[PUT] update 
[PUT] create 
[E] extent_server 000000008ba523fa getattr success
[E] extent_server 000000008ba523fa getattr success
[PUT] update 
[E] extent_server 00000000301bb9b6 getattr success
[E] extent_server getattr failed
[E] extent_server 00000000301bb9b6 getattr success
[PUT] update 
[PUT] create 
[E] extent_server 00000000e85ae493 getattr success
[E] extent_server 00000000e85ae493 getattr success
[PUT] update 
[E] extent_server 00000000301bb9b6 getattr success
[E] extent_server getattr failed
[E] extent_server 00000000301bb9b6 getattr success
[PUT] update 
[PUT] create 
[E] extent_server 00000000ef745f75 getattr success
[E] extent_server 00000000ef745f75 getattr success
[PUT] update 
[E] extent_server 00000000301bb9b6 getattr success
[E] extent_server getattr failed
[E] extent_server 00000000301bb9b6 getattr success
[PUT] update 
[PUT] create 
[E] extent_server 00000000a14e5e8b getattr success
[E] extent_server 00000000a14e5e8b getattr success
[PUT] update 
[E] extent_server 00000000301bb9b6 getattr success
[E] extent_server getattr failed
[E] extent_server 00000000301bb9b6 getattr success
[PUT] update 
[PUT] create 
[E] extent_server 00000000d22654ce getattr success
[E] extent_server 00000000d22654ce getattr success
[PUT] update 
[E] extent_server 00000000301bb9b6 getattr success
[E] extent_server getattr failed
[E] extent_server 00000000301bb9b6 getattr success
[PUT] update 
[PUT] create 
[E] extent_server 00000000f55158ad getattr success
[E] extent_server 00000000f55158ad getattr success
[PUT] update 
[E] extent_server 00000000301bb9b6 getattr success
[E] extent_server getattr failed
[E] extent_server 00000000301bb9b6 getattr success
[PUT] update 
[PUT] create 
[E] extent_server 00000000bd6ce488 getattr success
[E] extent_server 00000000bd6ce488 getattr success
[PUT] update 
[E] extent_server 00000000301bb9b6 getattr success
[E] extent_server getattr failed
[E] extent_server 00000000301bb9b6 getattr success
[E] extent_server getattr failed
[E] extent_server 00000000301bb9b6 getattr success
[PUT] update 
[PUT] create 
[E] extent_server 00000000af381509 getattr success
[E] extent_server 00000000af381509 getattr success
[PUT] update 
[E] extent_server 00000000301bb9b6 getattr success
[E] extent_server getattr failed
[E] extent_server 00000000301bb9b6 getattr success
[PUT] update 
[PUT] create 
[E] extent_server 00000000f509af28 getattr success
[E] extent_server 00000000f509af28 getattr success
[PUT] update 
[E] extent_server 00000000301bb9b6 getattr success
[E] extent_server getattr failed
[E] extent_server 00000000301bb9b6 getattr success
[E] extent_server 00000000a14e5e8b getattr success
[PUT] update 
[E] extent_server 00000000301bb9b6 getattr success
[E] extent_server getattr failed
[E] extent_server 00000000301bb9b6 getattr success
[PUT] update 
[PUT] create 
[E] extent_server 00000000a56b5b0e getattr success
[E] extent_server 00000000a56b5b0e getattr success
[PUT] update 
[E] extent_server 00000000301bb9b6 getattr success
[E] extent_server 00000000ef745f75 getattr success
[PUT] update 
[E] extent_server 00000000301bb9b6 getattr success
[E] extent_server 00000000af381509 getattr success
[E] extent_server 00000000af381509 getattr success
[E] extent_server 00000000af381509 getattr success
[E] extent_server 00000000af381509 getattr success
[E] extent_server 00000000301bb9b6 getattr success
[E] extent_server 000000008031ccea getattr success
[E] extent_server 000000008031ccea getattr success
[E] extent_server 00000000301bb9b6 getattr success
[E] extent_server 000000008031ccea getattr success
[PUT] update 
[E] extent_server 000000008031ccea getattr success
[E] extent_server 000000008031ccea getattr success
[E] extent_server 00000000301bb9b6 getattr success
[E] extent_server 000000008031ccea getattr success
[E] extent_server 000000008031ccea getattr success
[PUT] update 
[E] extent_server 00000000301bb9b6 getattr success
[E] extent_server 000000008031ccea getattr success
[E] extent_server 000000008031ccea getattr success
[E] extent_server 00000000301bb9b6 getattr success
[E] extent_server 000000008031ccea getattr success
[E] extent_server 000000008031ccea getattr success
[E] extent_server 00000000301bb9b6 getattr success
[E] extent_server 000000008ba523fa getattr success
[PUT] update 
[E] extent_server 00000000301bb9b6 getattr success
[E] extent_server getattr failed
[E] extent_server 00000000301bb9b6 getattr success
[PUT] update 
[PUT] create 
[E] extent_server 00000000fb96118e getattr success
[E] extent_server 00000000fb96118e getattr success
[PUT] update 
[E] extent_server 00000000301bb9b6 getattr success
[E] extent_server getattr failed
[E] extent_server 00000000301bb9b6 getattr success
[PUT] update 
[PUT] create 
[E] extent_server 00000000864add9c getattr success
[E] extent_server 00000000864add9c getattr success
[PUT] update 
[E] extent_server 00000000301bb9b6 getattr success
[E] extent_server getattr failed
[E] extent_server 00000000301bb9b6 getattr success
[PUT] update 
[PUT] create 
[E] extent_server 00000000fffe81db getattr success
[E] extent_server 00000000fffe81db getattr success
[PUT] update 
[E] extent_server 00000000301bb9b6 getattr success
[E] extent_server 00000000af381509 getattr success
[PUT] update 
[E] extent_server 00000000301bb9b6 getattr success
[E] extent_server 00000000c7df4d5e getattr success
[E] extent_server 00000000c7df4d5e getattr success
[E] extent_server 00000000301bb9b6 getattr success
[E] extent_server 00000000c7df4d5e getattr success
[PUT] update 
[E] extent_server 00000000c7df4d5e getattr success
[E] extent_server 00000000c7df4d5e getattr success
[E] extent_server 00000000301bb9b6 getattr success
[E] extent_server 00000000c7df4d5e getattr success
[E] extent_server 00000000c7df4d5e getattr success
[PUT] update 
[E] extent_server 00000000301bb9b6 getattr success
[E] extent_server 00000000c7df4d5e getattr success
[E] extent_server 00000000c7df4d5e getattr success
[E] extent_server 00000000301bb9b6 getattr success
[E] extent_server 00000000c7df4d5e getattr success
[E] extent_server 00000000c7df4d5e getattr success
[E] extent_server 00000000301bb9b6 getattr success
[E] extent_server getattr failed
[E] extent_server 00000000301bb9b6 getattr success
[PUT] update 
[PUT] create 
[E] extent_server 00000000951b76fa getattr success
[E] extent_server 00000000951b76fa getattr success
[PUT] update 
[E] extent_server 00000000301bb9b6 getattr success
[E] extent_server 00000000c7df4d5e getattr success
[PUT] update 
[E] extent_server 00000000301bb9b6 getattr success
[E] extent_server 00000000951b76fa getattr success
[PUT] update 
[E] extent_server 00000000301bb9b6 getattr success
[E] extent_server getattr failed
[E] extent_server 00000000301bb9b6 getattr success
[PUT] update 
[PUT] create 
[E] extent_server 000000009a96b51a getattr success
[E] extent_server 000000009a96b51a getattr success
[PUT] update 
[E] extent_server 00000000301bb9b6 getattr success
[E] extent_server getattr failed
[E] extent_server 00000000301bb9b6 getattr success
[PUT] update 
[PUT] create 
[E] extent_server 00000000cede7a40 getattr success
[E] extent_server 00000000cede7a40 getattr success
[PUT] update 
[E] extent_server 00000000301bb9b6 getattr success
[E] extent_server getattr failed
[E] extent_server 00000000301bb9b6 getattr success
[E] extent_server getattr failed
[E] extent_server 00000000301bb9b6 getattr success
[PUT] update 
[PUT] create 
[E] extent_server 00000000b154be30 getattr success
[E] extent_server 00000000b154be30 getattr success
[PUT] update 
[E] extent_server 00000000301bb9b6 getattr success
[E] extent_server getattr failed
[E] extent_server 00000000301bb9b6 getattr success
[PUT] update 
[PUT] create 
[E] extent_server 00000000c46bd86d getattr success
[E] extent_server 00000000c46bd86d getattr success
[PUT] update 
[E] extent_server 00000000301bb9b6 getattr success
[E] extent_server 00000000bd6ce488 getattr success
[PUT] update 
[E] extent_server 00000000301bb9b6 getattr success
[E] extent_server 00000000c46bd86d getattr success
[E] extent_server 00000000c46bd86d getattr success
[E] extent_server 00000000301bb9b6 getattr success
[E] extent_server 00000000c46bd86d getattr success
[PUT] update 
[E] extent_server 00000000c46bd86d getattr success
[E] extent_server 00000000c46bd86d getattr success
[E] extent_server 00000000301bb9b6 getattr success
[E] extent_server 00000000c46bd86d getattr success
[E] extent_server 00000000c46bd86d getattr success
[PUT] update 
[E] extent_server 00000000301bb9b6 getattr success
[E] extent_server 00000000c46bd86d getattr success
[E] extent_server 00000000c46bd86d getattr success
[E] extent_server 00000000301bb9b6 getattr success
[E] extent_server 00000000c46bd86d getattr success
[E] extent_server 00000000c46bd86d getattr success
[E] extent_server 00000000301bb9b6 getattr success
[E] extent_server 00000000b13661da getattr success
[PUT] update 
[E] extent_server 00000000301bb9b6 getattr success
[E] extent_server getattr failed
[E] extent_server 00000000301bb9b6 getattr success
[E] extent_server getattr failed
[E] extent_server 00000000301bb9b6 getattr success
[PUT] update 
[PUT] create 
[E] extent_server 00000000fcbc31ab getattr success
[E] extent_server 00000000fcbc31ab getattr success
[PUT] update 
[E] extent_server 00000000301bb9b6 getattr success
[E] extent_server 00000000a56b5b0e getattr success
[PUT] update 
[E] extent_server 00000000301bb9b6 getattr success
[E] extent_server getattr failed
[E] extent_server 00000000301bb9b6 getattr success
[E] extent_server getattr failed
[E] extent_server 00000000301bb9b6 getattr success
[PUT] update 
[PUT] create 
[E] extent_server 00000000ee27b507 getattr success
[E] extent_server 00000000ee27b507 getattr success
[PUT] update 
[E] extent_server 00000000301bb9b6 getattr success
[E] extent_server getattr failed
[E] extent_server 00000000301bb9b6 getattr success
[E] extent_server 00000000301bb9b6 getattr success
[E] extent_server 00000000301bb9b6 getattr success
[E] extent_server 00000000301bb9b6 getattr success
[E] extent_server 00000000fb96118e getattr success
[PUT] update 
[E] extent_server 00000000301bb9b6 getattr success
[E] extent_server 00000000301bb9b6 getattr success
[E] extent_server 00000000301bb9b6 getattr success
[E] extent_server 00000000301bb9b6 getattr success
[E] extent_server getattr failed
[E] extent_server 00000000301bb9b6 getattr success
[PUT] update 
[PUT] create 
[E] extent_server 00000000b460e51a getattr success
[E] extent_server 00000000b460e51a getattr success
[PUT] update 
[E] extent_server 00000000301bb9b6 getattr success
[E] extent_server 000000009a96b51a getattr success
[PUT] update 
[E] extent_server 00000000301bb9b6 getattr success
[E] extent_server 00000000c46bd86d getattr success
[E] extent_server 00000000c46bd86d getattr success
[E] extent_server 00000000c46bd86d getattr success
[E] extent_server 00000000c46bd86d getattr success
[E] extent_server 00000000301bb9b6 getattr success
[E] extent_server getattr failed
[E] extent_server 00000000301bb9b6 getattr success
[PUT] update 
[PUT] create 
[E] extent_server 00000000b508794f getattr success
[E] extent_server 00000000b508794f getattr success
[PUT] update 
[E] extent_server 00000000301bb9b6 getattr success
[E] extent_server getattr failed
[E] extent_server 00000000301bb9b6 getattr success
[E] extent_server 000000008031ccea getattr success
[E] extent_server 000000008031ccea getattr success
[E] extent_server 000000008031ccea getattr success
[E] extent_server 000000008031ccea getattr success
[E] extent_server 00000000301bb9b6 getattr success
[E] extent_server 00000000301bb9b6 getattr success
[E] extent_server getattr failed
[E] extent_server 00000000301bb9b6 getattr success
[PUT] update 
[PUT] create 
[E] extent_server 00000000d0a0e1c1 getattr success
[E] extent_server 00000000d0a0e1c1 getattr success
[PUT] update 
[E] extent_server 00000000301bb9b6 getattr success
[E] extent_server 00000000b508794f getattr success
[PUT] update 
[E] extent_server 00000000301bb9b6 getattr success
[E] extent_server 00000000864add9c getattr success
[E] extent_server 00000000864add9c getattr success
[E] extent_server 00000000864add9c getattr success
[E] extent_server 00000000864add9c getattr success
[E] extent_server 00000000301bb9b6 getattr success
[E] extent_server 00000000b460e51a getattr success
[PUT] update 
[E] extent_server 00000000301bb9b6 getattr success
[E] extent_server 00000000d22654ce getattr success
[E] extent_server 00000000d22654ce getattr success
[E] extent_server 00000000d22654ce getattr success
[E] extent_server 00000000d22654ce getattr success
[E] extent_server 00000000301bb9b6 getattr success
[E] extent_server getattr failed
[E] extent_server 00000000301bb9b6 getattr success
[PUT] update 
[PUT] create 
[E] extent_server 00000000899c2618 getattr success
[E] extent_server 00000000899c2618 getattr success
[PUT] update 
[E] extent_server 00000000301bb9b6 getattr success
[E] extent_server 00000000d0a0e1c1 getattr success
[PUT] update 
[E] extent_server 00000000301bb9b6 getattr success
[E] extent_server 000000008031ccea getattr success
[E] extent_server 000000008031ccea getattr success
[E] extent_server 000000008031ccea getattr success
[E] extent_server 000000008031ccea getattr success
[E] extent_server 00000000301bb9b6 getattr success
[E] extent_server 00000000d22654ce getattr success
[PUT] update 
[E] extent_server 00000000301bb9b6 getattr success
[E] extent_server 000000008031ccea getattr success
[E] extent_server 000000008031ccea getattr success
[E] extent_server 000000008031ccea getattr success
[E] extent_server 000000008031ccea getattr success
[E] extent_server 00000000301bb9b6 getattr success
[E] extent_server 00000000301bb9b6 getattr success
[E] extent_server getattr failed
[E] extent_server 00000000301bb9b6 getattr success
[PUT] update 
[PUT] create 
[E] extent_server 00000000c9da26a4 getattr success
[E] extent_server 00000000c9da26a4 getattr success
[PUT] update 
[E] extent_server 00000000301bb9b6 getattr success
[E] extent_server 00000000899c2618 getattr success
[PUT] update 
[E] extent_server 00000000301bb9b6 getattr success
[E] extent_server getattr failed
[E] extent_server 00000000301bb9b6 getattr success
[PUT] update 
[PUT] create 
[E] extent_server 0000000080bc9b77 getattr success
[E] extent_server 0000000080bc9b77 getattr success
[PUT] update 
[E] extent_server 00000000301bb9b6 getattr success
[E] extent_server 00000000b154be30 getattr success
[E] extent_server 00000000b154be30 getattr success
[E] extent_server 00000000b154be30 getattr success
[E] extent_server 00000000b154be30 getattr success
[E] extent_server 00000000301bb9b6 getattr success
[E] extent_server 00000000301bb9b6 getattr success
[E] extent_server 00000000301bb9b6 getattr success
[E] extent_server 00000000301bb9b6 getattr success
[E] extent_server getattr failed
[E] extent_server 00000000301bb9b6 getattr success
[PUT] update 
[PUT] create 
[E] extent_server 00000000b734eab0 getattr success
[E] extent_server 00000000b734eab0 getattr success
[PUT] update 
[E] extent_server 00000000301bb9b6 getattr success
[E] extent_server 00000000301bb9b6 getattr success
[E] extent_server 00000000301bb9b6 getattr success
[E] extent_server 00000000301bb9b6 getattr success
[E] extent_server getattr failed
[E] extent_server 00000000301bb9b6 getattr success
[PUT] update 
[PUT] create 
[E] extent_server 00000000f1b0200c getattr success
[E] extent_server 00000000f1b0200c getattr success
[PUT] update 
[E] extent_server 00000000301bb9b6 getattr success
[E] extent_server 00000000e85ae493 getattr success
[PUT] update 
[E] extent_server 00000000301bb9b6 getattr success
[E] extent_server getattr failed
[E] extent_server 00000000301bb9b6 getattr success
[PUT] update 
[PUT] create 
[E] extent_server 0000000080ee6861 getattr success
[E] extent_server 0000000080ee6861 getattr success
[PUT] update 
[E] extent_server 00000000301bb9b6 getattr success
[E] extent_server 00000000fcbc31ab getattr success
[PUT] update 
[E] extent_server 00000000301bb9b6 getattr success
[E] extent_server getattr failed
[E] extent_server 00000000301bb9b6 getattr success
[E] extent_server getattr failed
[E] extent_server 00000000301bb9b6 getattr success
[PUT] update 
[PUT] create 
[E] extent_server 00000000ff14380e getattr success
[E] extent_server 00000000ff14380e getattr success
[PUT] update 
[E] extent_server 00000000301bb9b6 getattr success
[E] extent_server getattr failed
[E] extent_server 00000000301bb9b6 getattr success
[E] extent_server 00000000b734eab0 getattr success
[E] extent_server 00000000b734eab0 getattr success
[E] extent_server 00000000b734eab0 getattr success
[E] extent_server 00000000b734eab0 getattr success
[E] extent_server 00000000301bb9b6 getattr success
[E] extent_server 00000000301bb9b6 getattr success
[E] extent_server 00000000301bb9b6 getattr success
[E] extent_server 00000000301bb9b6 getattr success
[E] extent_server 00000000c9da26a4 getattr success
[PUT] update 
[E] extent_server 00000000301bb9b6 getattr success
[E] extent_server 00000000301bb9b6 getattr success
[E] extent_server 00000000301bb9b6 getattr success
[E] extent_server 00000000301bb9b6 getattr success
[E] extent_server getattr failed
[E] extent_server 00000000301bb9b6 getattr success
[E] extent_server getattr failed
[E] extent_server 00000000301bb9b6 getattr success
[PUT] update 
[PUT] create 
[E] extent_server 00000000a2e681e6 getattr success
[E] extent_server 00000000a2e681e6 getattr success
[PUT] update 
[E] extent_server 00000000301bb9b6 getattr success
[E] extent_server 00000000b734eab0 getattr success
[PUT] update 
[E] extent_server 00000000301bb9b6 getattr success
[E] extent_server 00000000a2e681e6 getattr success
[E] extent_server 00000000a2e681e6 getattr success
[E] extent_server 00000000301bb9b6 getattr success
[E] extent_server 00000000a2e681e6 getattr success
[PUT] update 
[E] extent_server 00000000a2e681e6 getattr success
[E] extent_server 00000000a2e681e6 getattr success
[E] extent_server 00000000301bb9b6 getattr success
[E] extent_server 00000000a2e681e6 getattr success
[E] extent_server 00000000a2e681e6 getattr success
[PUT] update 
[E] extent_server 00000000301bb9b6 getattr success
[E] extent_server 00000000a2e681e6 getattr success
[E] extent_server 00000000a2e681e6 getattr success
[E] extent_server 00000000301bb9b6 getattr success
[E] extent_server 00000000a2e681e6 getattr success
[E] extent_server 00000000a2e681e6 getattr success
[E] extent_server 00000000301bb9b6 getattr success
[E] extent_server getattr failed
[E] extent_server 00000000301bb9b6 getattr success
[PUT] update 
[PUT] create 
[E] extent_server 000000008c938c5b getattr success
[E] extent_server 000000008c938c5b getattr success
[PUT] update 
[E] extent_server 00000000301bb9b6 getattr success
[E] extent_server 00000000fffe81db getattr success
[PUT] update 
[E] extent_server 00000000301bb9b6 getattr success
[E] extent_server 00000000cede7a40 getattr success
[E] extent_server 00000000cede7a40 getattr success
[E] extent_server 00000000cede7a40 getattr success
[E] extent_server 00000000cede7a40 getattr success
[E] extent_server 00000000301bb9b6 getattr success
[E] extent_server getattr failed
[E] extent_server 00000000301bb9b6 getattr success
[PUT] update 
[PUT] create 
[E] extent_server 00000000e76f1ca1 getattr success
[E] extent_server 00000000e76f1ca1 getattr success
[PUT] update 
[E] extent_server 00000000301bb9b6 getattr success
[E] extent_server 00000000cede7a40 getattr success
[PUT] update 
[E] extent_server 00000000301bb9b6 getattr success
[E] extent_server getattr failed
[E] extent_server 00000000301bb9b6 getattr success
[E] extent_server getattr failed
[E] extent_server 00000000301bb9b6 getattr success
[E] extent_server 00000000c46bd86d getattr success
[E] extent_server 00000000c46bd86d getattr success
[E] extent_server 00000000301bb9b6 getattr success
[E] extent_server 00000000c46bd86d getattr success
[PUT] update 
[E] extent_server 00000000c46bd86d getattr success
[E] extent_server 00000000c46bd86d getattr success
[E] extent_server 00000000301bb9b6 getattr success
[E] extent_server 00000000c46bd86d getattr success
[E] extent_server 00000000c46bd86d getattr success
[PUT] update 
[E] extent_server 00000000301bb9b6 getattr success
[E] extent_server 00000000c46bd86d getattr success
[E] extent_server 00000000c46bd86d getattr success
[E] extent_server 00000000301bb9b6 getattr success
[E] extent_server 00000000c46bd86d getattr success
[E] extent_server 00000000c46bd86d getattr success
[E] extent_server 00000000301bb9b6 getattr success
[E] extent_server getattr failed
[E] extent_server 00000000301bb9b6 getattr success
[PUT] update 
[PUT] create 
[E] extent_server 00000000925ae15c getattr success
[E] extent_server 00000000925ae15c getattr success
[PUT] update 
[E] extent_server 00000000301bb9b6 getattr success
[E] extent_server 00000000ff14380e getattr success
[E] extent_server 00000000ff14380e getattr success
[E] extent_server 00000000ff14380e getattr success
[E] extent_server 00000000ff14380e getattr success
[E] extent_server 00000000301bb9b6 getattr success
[E] extent_server 00000000b154be30 getattr success
[PUT] update 
[E] extent_server 00000000301bb9b6 getattr success
[E] extent_server 00000000ee27b507 getattr success
[PUT] update 
[E] extent_server 00000000301bb9b6 getattr success
[E] extent_server 00000000301bb9b6 getattr success
[E] extent_server 000000008031ccea getattr success
[PUT] update 
[E] extent_server 00000000301bb9b6 getattr success
[E] extent_server 00000000c46bd86d getattr success
[PUT] update 
[E] extent_server 00000000301bb9b6 getattr success
[E] extent_server 00000000864add9c getattr success
[PUT] update 
[E] extent_server 00000000301bb9b6 getattr success
[E] extent_server 0000000080bc9b77 getattr success
[PUT] update 
[E] extent_server 00000000301bb9b6 getattr success
[E] extent_server 00000000f1b0200c getattr success
[PUT] update 
[E] extent_server 00000000301bb9b6 getattr success
[E] extent_server 00000000f509af28 getattr success
[PUT] update 
[E] extent_server 00000000301bb9b6 getattr success
[E] extent_server 00000000f55158ad getattr success
[PUT] update 
[E] extent_server 00000000301bb9b6 getattr success
[E] extent_server 0000000080ee6861 getattr success
[PUT] update 
[E] extent_server 00000000301bb9b6 getattr success
[E] extent_server 00000000ff14380e getattr success
[PUT] update 
[E] extent_server 00000000301bb9b6 getattr success
[E] extent_server 00000000e76f1ca1 getattr success
[PUT] update 
[E] extent_server 00000000301bb9b6 getattr success
[E] extent_server 00000000925ae15c getattr success
[PUT] update 
[E] extent_server 00000000301bb9b6 getattr success
[E] extent_server 00000000a2e681e6 getattr success
[PUT] update 
[E] extent_server 00000000301bb9b6 getattr success
[E] extent_server 000000008c938c5b getattr success
[PUT] update 
[E] extent_server 00000000301bb9b6 getattr success
[E] extent_server getattr failed
[E] extent_server 0000000000000001 getattr success
[PUT] update 
[PUT] create 
[E] extent_server 000000002de1eae6 getattr success
[E] extent_server 000000002de1eae6 getattr success
[E] extent_server getattr failed
[E] extent_server 000000002de1eae6 getattr success
[PUT] update 
[PUT] create 
[E] extent_server 00000000b995716f getattr success
[E] extent_server 00000000b995716f getattr success
[PUT] update 
[E] extent_server 000000002de1eae6 getattr success
[E] extent_server 00000000b995716f getattr success
[PUT] update 
[E] extent_server 000000002de1eae6 getattr success
[E] extent_server getattr failed
[E] extent_server 000000002de1eae6 getattr success
[PUT] update 
[PUT] create 
[E] extent_server 0000000087ac3a09 getattr success
[E] extent_server 0000000087ac3a09 getattr success
[PUT] update 
[E] extent_server 000000002de1eae6 getattr success
[E] extent_server 0000000087ac3a09 getattr success
[E] extent_server 0000000087ac3a09 getattr success
[E] extent_server 000000002de1eae6 getattr success
[E] extent_server 0000000087ac3a09 getattr success
[PUT] update 
[E] extent_server 0000000087ac3a09 getattr success
[E] extent_server 0000000087ac3a09 getattr success
[E] extent_server 000000002de1eae6 getattr success
[E] extent_server 0000000087ac3a09 getattr success
[E] extent_server 0000000087ac3a09 getattr success
[PUT] update 
[E] extent_server 000000002de1eae6 getattr success
[E] extent_server 0000000087ac3a09 getattr success
[E] extent_server 0000000087ac3a09 getattr success
[E] extent_server 000000002de1eae6 getattr success
[E] extent_server 0000000087ac3a09 getattr success
[E] extent_server 0000000087ac3a09 getattr success
[E] extent_server 000000002de1eae6 getattr success
[E] extent_server 000000002de1eae6 getattr success
[E] extent_server 000000002de1eae6 getattr success
[E] extent_server 000000002de1eae6 getattr success
[E] extent_server 0000000087ac3a09 getattr success
[PUT] update 
[E] extent_server 000000002de1eae6 getattr success
[E] extent_server 000000002de1eae6 getattr success
[E] extent_server 000000002de1eae6 getattr success
[E] extent_server 000000002de1eae6 getattr success
[E] extent_server getattr failed
[E] extent_server 000000002de1eae6 getattr success
[PUT] update 
[PUT] create 
[E] extent_server 00000000eb4ecf6f getattr success
[E] extent_server 00000000eb4ecf6f getattr success
[PUT] update 
[E] extent_server 000000002de1eae6 getattr success
[E] extent_server getattr failed
[E] extent_server 000000002de1eae6 getattr success
[PUT] update 
[PUT] create 
[E] extent_server 00000000e8cd8678 getattr success
[E] extent_server 00000000e8cd8678 getattr success
[PUT] update 
[E] extent_server 000000002de1eae6 getattr success
[E] extent_server getattr failed
[E] extent_server 000000002de1eae6 getattr success
[PUT] update 
[PUT] create 
[E] extent_server 00000000fcb5e931 getattr success
[E] extent_server 00000000fcb5e931 getattr success
[PUT] update 
[E] extent_server 000000002de1eae6 getattr success
[E] extent_server getattr failed
[E] extent_server 000000002de1eae6 getattr success
[PUT] update 
[PUT] create 
[E] extent_server 0000000090ba2a7d getattr success
[E] extent_server 0000000090ba2a7d getattr success
[PUT] update 
[E] extent_server 000000002de1eae6 getattr success
[E] extent_server getattr failed
[E] extent_server 000000002de1eae6 getattr success
[PUT] update 
[PUT] create 
[E] extent_server 00000000e4639807 getattr success
[E] extent_server 00000000e4639807 getattr success
[PUT] update 
[E] extent_server 000000002de1eae6 getattr success
[E] extent_server getattr failed
[E] extent_server 000000002de1eae6 getattr success
[PUT] update 
[PUT] create 
[E] extent_server 000000008300c6cd getattr success
[E] extent_server 000000008300c6cd getattr success
[PUT] update 
[E] extent_server 000000002de1eae6 getattr success
[E] extent_server getattr failed
[E] extent_server 000000002de1eae6 getattr success
[PUT] update 
[PUT] create 
[E] extent_server 0000000090b8ac58 getattr success
[E] extent_server 0000000090b8ac58 getattr success
[PUT] update 
[E] extent_server 000000002de1eae6 getattr success
[E] extent_server getattr failed
[E] extent_server 000000002de1eae6 getattr success
[PUT] update 
[PUT] create 
[E] extent_server 00000000f97f0f01 getattr success
[E] extent_server 00000000f97f0f01 getattr success
[PUT] update 
[E] extent_server 000000002de1eae6 getattr success
[E] extent_server getattr failed
[E] extent_server 000000002de1eae6 getattr success
[PUT] update 
[PUT] create 
[E] extent_server 000000009d977be7 getattr success
[E] extent_server 000000009d977be7 getattr success
[PUT] update 
[E] extent_server 000000002de1eae6 getattr success
[E] extent_server getattr failed
[E] extent_server 000000002de1eae6 getattr success
[PUT] update 
[PUT] create 
[E] extent_server 00000000df972698 getattr success
[E] extent_server 00000000df972698 getattr success
[PUT] update 
[E] extent_server 000000002de1eae6 getattr success
[E] extent_server 000000002de1eae6 getattr success
[E] extent_server getattr failed
[E] extent_server 000000002de1eae6 getattr success
[PUT] update 
[PUT] create 
[E] extent_server 00000000aad3cd31 getattr success
[E] extent_server 00000000aad3cd31 getattr success
[PUT] update 
[E] extent_server 000000002de1eae6 getattr success
[E] extent_server getattr failed
[E] extent_server 000000002de1eae6 getattr success
[E] extent_server 00000000fcb5e931 getattr success
[PUT] update 
[E] extent_server 000000002de1eae6 getattr success
[E] extent_server getattr failed
[E] extent_server 000000002de1eae6 getattr success
[PUT] update 
[PUT] create 
[E] extent_server 00000000e2035454 getattr success
[E] extent_server 00000000e2035454 getattr success
[PUT] update 
[E] extent_server 000000002de1eae6 getattr success
[E] extent_server 0000000090b8ac58 getattr success
[PUT] update 
[E] extent_server 000000002de1eae6 getattr success
[E] extent_server getattr failed
[E] extent_server 000000002de1eae6 getattr success
[E] extent_server 00000000eb4ecf6f getattr success
[E] extent_server 00000000eb4ecf6f getattr success
[E] extent_server 00000000eb4ecf6f getattr success
[E] extent_server 00000000eb4ecf6f getattr success
[E] extent_server 000000002de1eae6 getattr success
[E] extent_server getattr failed
[E] extent_server 000000002de1eae6 getattr success
[PUT] update 
[PUT] create 
[E] extent_server 00000000dc535843 getattr success
[E] extent_server 00000000dc535843 getattr success
[PUT] update 
[E] extent_server 000000002de1eae6 getattr success
[E] extent_server 00000000aad3cd31 getattr success
[PUT] update 
[E] extent_server 000000002de1eae6 getattr success
[E] extent_server getattr failed
[E] extent_server 000000002de1eae6 getattr success
[PUT] update 
[PUT] create 
[E] extent_server 0000000098fb8239 getattr success
[E] extent_server 0000000098fb8239 getattr success
[PUT] update 
[E] extent_server 000000002de1eae6 getattr success
[E] extent_server getattr failed
[E] extent_server 000000002de1eae6 getattr success
[PUT] update 
[PUT] create 
[E] extent_server 000000009664396e getattr success
[E] extent_server 000000009664396e getattr success
[PUT] update 
[E] extent_server 000000002de1eae6 getattr success
[E] extent_server 00000000dc535843 getattr success
[PUT] update 
[E] extent_server 000000002de1eae6 getattr success
[E] extent_server getattr failed
[E] extent_server 000000002de1eae6 getattr success
[E] extent_server getattr failed
[E] extent_server 000000002de1eae6 getattr success
[PUT] update 
[PUT] create 
[E] extent_server 00000000915bd192 getattr success
[E] extent_server 00000000915bd192 getattr success
[PUT] update 
[E] extent_server 000000002de1eae6 getattr success
[E] extent_server 00000000e2035454 getattr success
[PUT] update 
[E] extent_server 000000002de1eae6 getattr success
[E] extent_server 00000000f97f0f01 getattr success
[E] extent_server 00000000f97f0f01 getattr success
[E] extent_server 00000000f97f0f01 getattr success
[E] extent_server 00000000f97f0f01 getattr success
[E] extent_server 000000002de1eae6 getattr success
[E] extent_server 000000002de1eae6 getattr success
[E] extent_server 000000002de1eae6 getattr success
[E] extent_server 000000002de1eae6 getattr success
[E] extent_server getattr failed
[E] extent_server 000000002de1eae6 getattr success
[PUT] update 
[PUT] create 
[E] extent_server 00000000e99c63fa getattr success
[E] extent_server 00000000e99c63fa getattr success
[PUT] update 
[E] extent_server 000000002de1eae6 getattr success
[E] extent_server 000000002de1eae6 getattr success
[E] extent_server 000000002de1eae6 getattr success
[E] extent_server 000000002de1eae6 getattr success
[E] extent_server 00000000915bd192 getattr success
[PUT] update 
[E] extent_server 000000002de1eae6 getattr success
[E] extent_server getattr failed
[E] extent_server 000000002de1eae6 getattr success
[E] extent_server 000000009d977be7 getattr success
[PUT] update 
[E] extent_server 000000002de1eae6 getattr success
[E] extent_server getattr failed
[E] extent_server 000000002de1eae6 getattr success
[E] extent_server 00000000df972698 getattr success
[E] extent_server 00000000df972698 getattr success
[E] extent_server 00000000df972698 getattr success
[E] extent_server 00000000df972698 getattr success
[E] extent_server 000000002de1eae6 getattr success
[E] extent_server getattr failed
[E] extent_server 000000002de1eae6 getattr success
[PUT] update 
[PUT] create 
[E] extent_server 00000000a0005f86 getattr success
[E] extent_server 00000000a0005f86 getattr success
[PUT] update 
[E] extent_server 000000002de1eae6 getattr success
[E] extent_server 000000008300c6cd getattr success
[PUT] update 
[E] extent_server 000000002de1eae6 getattr success
[E] extent_server getattr failed
[E] extent_server 000000002de1eae6 getattr success
[PUT] update 
[PUT] create 
[E] extent_server 00000000db35f836 getattr success
[E] extent_server 00000000db35f836 getattr success
[PUT] update 
[E] extent_server 000000002de1eae6 getattr success
[E] extent_server getattr failed
[E] extent_server 000000002de1eae6 getattr success
[E] extent_server 00000000e8cd8678 getattr success
[E] extent_server 00000000e8cd8678 getattr success
[E] extent_server 000000002de1eae6 getattr success
[E] extent_server 00000000e8cd8678 getattr success
[PUT] update 
[E] extent_server 00000000e8cd8678 getattr success
[E] extent_server 00000000e8cd8678 getattr success
[E] extent_server 000000002de1eae6 getattr success
[E] extent_server 00000000e8cd8678 getattr success
[E] extent_server 00000000e8cd8678 getattr success
[PUT] update 
[E] extent_server 000000002de1eae6 getattr success
[E] extent_server 00000000e8cd8678 getattr success
[E] extent_server 00000000e8cd8678 getattr success
[E] extent_server 000000002de1eae6 getattr success
[E] extent_server 00000000e8cd8678 getattr success
[E] extent_server 00000000e8cd8678 getattr success
[E] extent_server 000000002de1eae6 getattr success
[E] extent_server 0000000098fb8239 getattr success
[PUT] update 
[E] extent_server 000000002de1eae6 getattr success
[E] extent_server 000000009664396e getattr success
[E] extent_server 000000009664396e getattr success
[E] extent_server 000000009664396e getattr success
[E] extent_server 000000009664396e getattr success
[E] extent_server 000000002de1eae6 getattr success
[E] extent_server getattr failed
[E] extent_server 000000002de1eae6 getattr success
[PUT] update 
[PUT] create 
[E] extent_server 00000000ea58ff71 getattr success
[E] extent_server 00000000ea58ff71 getattr success
[PUT] update 
[E] extent_server 000000002de1eae6 getattr success
[E] extent_server getattr failed
[E] extent_server 000000002de1eae6 getattr success
[E] extent_server 000000002de1eae6 getattr success
[E] extent_server 000000002de1eae6 getattr success
[E] extent_server 000000002de1eae6 getattr success
[E] extent_server 00000000ea58ff71 getattr success
[PUT] update 
[E] extent_server 000000002de1eae6 getattr success
[E] extent_server 000000002de1eae6 getattr success
[E] extent_server 000000002de1eae6 getattr success
[E] extent_server 000000002de1eae6 getattr success
[E] extent_server getattr failed
[E] extent_server 000000002de1eae6 getattr success
[PUT] update 
[PUT] create 
[E] extent_server 00000000d7354a36 getattr success
[E] extent_server 00000000d7354a36 getattr success
[PUT] update 
[E] extent_server 000000002de1eae6 getattr success
[E] extent_server 00000000df972698 getattr success
[PUT] update 
[E] extent_server 000000002de1eae6 getattr success
[E] extent_server 00000000d7354a36 getattr success
[PUT] update 
[E] extent_server 000000002de1eae6 getattr success
[E] extent_server 00000000f97f0f01 getattr success
[E] extent_server 00000000f97f0f01 getattr success
[E] extent_server 00000000f97f0f01 getattr success
[E] extent_server 00000000f97f0f01 getattr success
[E] extent_server 000000002de1eae6 getattr success
[E] extent_server 00000000e4639807 getattr success
[E] extent_server 00000000e4639807 getattr success
[E] extent_server 000000002de1eae6 getattr success
[E] extent_server 00000000e4639807 getattr success
[PUT] update 
[E] extent_server 00000000e4639807 getattr success
[E] extent_server 00000000e4639807 getattr success
[E] extent_server 000000002de1eae6 getattr success
[E] extent_server 00000000e4639807 getattr success
[E] extent_server 00000000e4639807 getattr success
[PUT] update 
[E] extent_server 000000002de1eae6 getattr success
[E] extent_server 00000000e4639807 getattr success
[E] extent_server 00000000e4639807 getattr success
[E] extent_server 000000002de1eae6 getattr success
[E] extent_server 00000000e4639807 getattr success
[E] extent_server 00000000e4639807 getattr success
[E] extent_server 000000002de1eae6 getattr success
[E] extent_server getattr failed
[E] extent_server 000000002de1eae6 getattr success
[E] extent_server 0000000090ba2a7d getattr success
[E] extent_server 0000000090ba2a7d getattr success
[E] extent_server 0000000090ba2a7d getattr success
[E] extent_server 0000000090ba2a7d getattr success
[E] extent_server 000000002de1eae6 getattr success
[E] extent_server 00000000e4639807 getattr success
[PUT] update 
[E] extent_server 000000002de1eae6 getattr success
[E] extent_server getattr failed
[E] extent_server 000000002de1eae6 getattr success
[E] extent_server getattr failed
[E] extent_server 000000002de1eae6 getattr success
[PUT] update 
[PUT] create 
[E] extent_server 00000000cce61842 getattr success
[E] extent_server 00000000cce61842 getattr success
[PUT] update 
[E] extent_server 000000002de1eae6 getattr success
[E] extent_server 00000000a0005f86 getattr success
[E] extent_server 00000000a0005f86 getattr success
[E] extent_server 000000002de1eae6 getattr success
[E] extent_server 00000000a0005f86 getattr success
[PUT] update 
[E] extent_server 00000000a0005f86 getattr success
[E] extent_server 00000000a0005f86 getattr success
[E] extent_server 000000002de1eae6 getattr success
[E] extent_server 00000000a0005f86 getattr success
[E] extent_server 00000000a0005f86 getattr success
[PUT] update 
[E] extent_server 000000002de1eae6 getattr success
[E] extent_server 00000000a0005f86 getattr success
[E] extent_server 00000000a0005f86 getattr success
[E] extent_server 000000002de1eae6 getattr success
[E] extent_server 00000000a0005f86 getattr success
[E] extent_server 00000000a0005f86 getattr success
[E] extent_server 000000002de1eae6 getattr success
[E] extent_server 00000000db35f836 getattr success
[PUT] update 
[E] extent_server 000000002de1eae6 getattr success
[E] extent_server getattr failed
[E] extent_server 000000002de1eae6 getattr success
[E] extent_server getattr failed
[E] extent_server 000000002de1eae6 getattr success
[PUT] update 
[PUT] create 
[E] extent_server 00000000eb4767d2 getattr success
[E] extent_server 00000000eb4767d2 getattr success
[PUT] update 
[E] extent_server 000000002de1eae6 getattr success
[E] extent_server 00000000e99c63fa getattr success
[PUT] update 
[E] extent_server 000000002de1eae6 getattr success
[E] extent_server 00000000eb4767d2 getattr success
[E] extent_server 00000000eb4767d2 getattr success
[E] extent_server 00000000eb4767d2 getattr success
[E] extent_server 00000000eb4767d2 getattr success
[E] extent_server 000000002de1eae6 getattr success
[E] extent_server getattr failed
[E] extent_server 000000002de1eae6 getattr success
[PUT] update 
[PUT] create 
[E] extent_server 00000000d6498244 getattr success
[E] extent_server 00000000d6498244 getattr success
[PUT] update 
[E] extent_server 000000002de1eae6 getattr success
[E] extent_server 00000000d6498244 getattr success
[PUT] update 
[E] extent_server 000000002de1eae6 getattr success
[E] extent_server 00000000f97f0f01 getattr success
[E] extent_server 00000000f97f0f01 getattr success
[E] extent_server 00000000f97f0f01 getattr success
[E] extent_server 00000000f97f0f01 getattr success
[E] extent_server 000000002de1eae6 getattr success
[E] extent_server 00000000eb4ecf6f getattr success
[PUT] update 
[E] extent_server 000000002de1eae6 getattr success
[E] extent_server getattr failed
[E] extent_server 000000002de1eae6 getattr success
[PUT] update 
[PUT] create 
[E] extent_server 00000000efcc9a29 getattr success
[E] extent_server 00000000efcc9a29 getattr success
[PUT] update 
[E] extent_server 000000002de1eae6 getattr success
[E] extent_server 00000000f97f0f01 getattr success
[PUT] update 
[E] extent_server 000000002de1eae6 getattr success
[E] extent_server getattr failed
[E] extent_server 000000002de1eae6 getattr success
[E] extent_server getattr failed
[E] extent_server 000000002de1eae6 getattr success
[PUT] update 
[PUT] create 
[E] extent_server 00000000f7daf42d getattr success
[E] extent_server 00000000f7daf42d getattr success
[PUT] update 
[E] extent_server 000000002de1eae6 getattr success
[E] extent_server getattr failed
[E] extent_server 000000002de1eae6 getattr success
[PUT] update 
[PUT] create 
[E] extent_server 00000000bdb89ee6 getattr success
[E] extent_server 00000000bdb89ee6 getattr success
[PUT] update 
[E] extent_server 000000002de1eae6 getattr success
[E] extent_server 00000000f7daf42d getattr success
[PUT] update 
[E] extent_server 000000002de1eae6 getattr success
[E] extent_server 00000000a0005f86 getattr success
[E] extent_server 00000000a0005f86 getattr success
[E] extent_server 00000000a0005f86 getattr success
[E] extent_server 00000000a0005f86 getattr success
[E] extent_server 000000002de1eae6 getattr success
[E] extent_server 00000000cce61842 getattr success
[PUT] update 
[E] extent_server 000000002de1eae6 getattr success
[E] extent_server 000000009664396e getattr success
[E] extent_server 000000009664396e getattr success
[E] extent_server 000000002de1eae6 getattr success
[E] extent_server 000000009664396e getattr success
[PUT] update 
[E] extent_server 000000009664396e getattr success
[E] extent_server 000000009664396e getattr success
[E] extent_server 000000002de1eae6 getattr success
[E] extent_server 000000009664396e getattr success
[E] extent_server 000000009664396e getattr success
[PUT] update 
[E] extent_server 000000002de1eae6 getattr success
[E] extent_server 000000009664396e getattr success
[E] extent_server 000000009664396e getattr success
[E] extent_server 000000002de1eae6 getattr success
[E] extent_server 000000009664396e getattr success
[E] extent_server 000000009664396e getattr success
[E] extent_server 000000002de1eae6 getattr success
[E] extent_server 00000000a0005f86 getattr success
[E] extent_server 00000000a0005f86 getattr success
[E] extent_server 00000000a0005f86 getattr success
[E] extent_server 00000000a0005f86 getattr success
[E] extent_server 000000002de1eae6 getattr success
[E] extent_server 00000000eb4767d2 getattr success
[E] extent_server 00000000eb4767d2 getattr success
[E] extent_server 000000002de1eae6 getattr success
[E] extent_server 00000000eb4767d2 getattr success
[PUT] update 
[E] extent_server 00000000eb4767d2 getattr success
[E] extent_server 00000000eb4767d2 getattr success
[E] extent_server 000000002de1eae6 getattr success
[E] extent_server 00000000eb4767d2 getattr success
[E] extent_server 00000000eb4767d2 getattr success
[PUT] update 
[E] extent_server 000000002de1eae6 getattr success
[E] extent_server 00000000eb4767d2 getattr success
[E] extent_server 00000000eb4767d2 getattr success
[E] extent_server 000000002de1eae6 getattr success
[E] extent_server 00000000eb4767d2 getattr success
[E] extent_server 00000000eb4767d2 getattr success
[E] extent_server 000000002de1eae6 getattr success
[E] extent_server getattr failed
[E] extent_server 000000002de1eae6 getattr success
[PUT] update 
[PUT] create 
[E] extent_server 0000000082277b85 getattr success
[E] extent_server 0000000082277b85 getattr success
[PUT] update 
[E] extent_server 000000002de1eae6 getattr success
[E] extent_server 0000000090ba2a7d getattr success
[E] extent_server 0000000090ba2a7d getattr success
[E] extent_server 000000002de1eae6 getattr success
[E] extent_server 0000000090ba2a7d getattr success
[PUT] update 
[E] extent_server 0000000090ba2a7d getattr success
[E] extent_server 0000000090ba2a7d getattr success
[E] extent_server 000000002de1eae6 getattr success
[E] extent_server 0000000090ba2a7d getattr success
[E] extent_server 0000000090ba2a7d getattr success
[E] extent_server 0000000000000001 getattr success
[E] extent_server 0000000000000001 getattr success
[PUT] update 
