unique: 1, opcode: INIT (26), nodeid: 0, insize: 56
INIT: 7.13
flags=0x0000007b
max_readahead=0x00020000
   INIT: 7.8
   flags=0x00000000
   max_readahead=0x00020000
   max_write=0x00020000
   unique: 1, error: 0 (Success), outsize: 40
unique: 2, opcode: GETATTR (3), nodeid: 1, insize: 56
get_attr start
getattr 0000000000000001 0
getdir 0000000000000001
   getattr -> 1351232430 1351232430 1351232420
   unique: 2, error: 0 (Success), outsize: 112
unique: 3, opcode: LOOKUP (1), nodeid: 1, insize: 46
[i] lookup_yfs_client B
[LOOK UP] 0000000000000001
[i] a8616
have found a8616
getattr 00000000ab12024e 1
getfile 00000000ab12024e
getfile 00000000ab12024e -> sz 65553
   getattr -> 65553
   unique: 3, error: 0 (Success), outsize: 136
unique: 4, opcode: OPEN (14), nodeid: 2870084174, insize: 48
Open_fuse
   unique: 4, error: 0 (Success), outsize: 32
unique: 5, opcode: ??? (39), nodeid: 2870084174, insize: 72
   unique: 5, error: -38 (Function not implemented), outsize: 16
unique: 6, opcode: GETATTR (3), nodeid: 2870084174, insize: 56
get_attr start
getattr 00000000ab12024e 1
getfile 00000000ab12024e
getfile 00000000ab12024e -> sz 65553
   getattr -> 65553
   unique: 6, error: 0 (Success), outsize: 112
unique: 7, opcode: READ (15), nodeid: 2870084174, insize: 80
[i] read_yfs_client
[i] read_read content: 0.2175118906033870.3694083739248630.6506183212577850.1548751443559690.06727569322485390.6142599367836750.06286384649830620.3078285081900420.9253519743652950.02716424207687140.9464409607111900.225680997105162.888048058957860.3007991233845430.4590812430656290.9967641139980260.3738575769487190.4043868497604070.006967374615530990.4843586201881750.4155261107277790.005645025727666560.3321054161628360.8612101947678210.4114685758863140.8382284624824980.9908164023411280.4191591691948990.1789143290301460.8696560789141540.6553705387389820.3359544004226650.1508393765039640.4476271998886080.826995327212590.4734225717911610.8531672075405760.2708178069867490.1835177836485290.7584607853396080.150576007038350.6774984260385890.4817583648301170.4024412154524550.8743606293907750.8960454688515330.3546130992346160.9104211896990790.2631080480440710.2206660459936740.4747985330436430.6280036313306140.5285253482419240.6190865958622350.9688742698854650.8155179016572020.8798050152309390.7428571950426250.05190791334542060.5367412819449270.5287435995460430.2822101886452590.08863992757956750.1286331960439920.7858921273720760.8136228693951680.4729991259467030.5711093591881990.02988017988597490.8475334032435530.2341959929352590.6089679077905570.4754157034234330.4548361096708430.3323886533041250.1645457821008730.6211396447846020.2832506191574640.4862078367803130.1080077607884250.5704537454953670.7584584110113820.6925004593614150.2764541463663480.08371158787393180.980693844360680.5478892657571810.2230027353841280.9389625768168880.09655409614475020.08265616427206980.2680079399806060.6040862768146660.4600674748693980.1686722479795040.2676013202121650.2120957163332060.5490714502289720.09137584686860480.1263749020492920.6931932338568850.615864488942840.5860241072555150.4935080565694680.6645264840772110.3086984788038690.3636213596440180.592811964165350.277335661432470.7773852184932440.803191726893960.5605093460344930.8402511439554950.9871402126788310.303671853511080.5791827763203510.2989639256698910.4154439027834440.5880351166081720.09693905453407580.8815447030895560.9434535460847470.6798290221050860.367801381802650.6936516232219780.4132622919901860.05174550853390160.8186320085611530.25018679935280.9826146569182230.6289073878956830.4811071680354640.7942080692973090.4377136307112790.5461259608765550.08164004174649620.4177704212439690.03128312040620780.2664727648734160.7805277828080360.05368135728583570.09649441399472640.4042452602034420.9324618124875740.1458515167376180.6877658900191580.2230498450765910.3079882678529770.4760764528693750.2474653709679520.7416587258966740.6892641758376640.1768928602522770.8644733819608560.9470276687241070.618876224222930.2969330980075820.03831719364524840.1340223327823260.8385494553583470.5134008593768980.09369896206302290.5417495502198650.8718743864196770.2654786126900430.9978805909915780.4918093804515030.5639495231385040.975349295496240.4513421964128310.2372818447943850.7389235447288060.3458909948451030.7748143108208370.8639717502889150.5373041586829430.3949293049558060.4682352895414610.3366137530492530.2776803177130770.777278031296060.9250688346067260.2197706037246010.6969077198737780.6328602199069420.8450211965018110.621548173170030.2691858393176010.2102984451553420.4864375127843420.4816341877244280.6137847217076880.5819412004727520.2640709576634990.7553014230732380.1650629875399550.07292141754730250.9466709706206090.2117832260349710.7040814810121820.4612189023754320.1007168675532670.1768374672530550.7114113441183750.4086411340502530.6110446772316960.3914971871984290.9841375478439860.9980917366656530.3761171515689270.3462200955933420.5206706371911310.1775333187483560.3059336328255210.6742775328531710.2845272067726940.5458665906946260.8653568868949650.9707743139106280.3480749813802220.4138610312840110.8168621917474820.3427968623355650.8403378937527890.7907291919694580.8769289664479270.01860601849367430.5959217922525110.6935073148013480.4526611014075360.9544056820986850.9571789367871730.4647846090324460.8535279671797230.909036839405250.6167308146114290.08033259517146620.6517778996667470.3211013409635550.01589059108532350.4007696960049110.6091288465669540.2587688498117340.7154702665723680.09262504439002940.6024508757614410.03724648471852630.4236499019192050.3392345999362160.7136114536144120.958101651106180.3613786638748880.2591324335378540.4353708623430710.2419571960824280.245146490880060.1304357625985770.2637309032008590.1532821560904590.01151245138487410.5187343131951070.6656191887119360.682963798547110.1547279237392020.3608781608683070.03802292509521270.9190752049821110.1210011312397510.05863367169974860.2100841878228790.4348801151150110.03889088061593780.9783898423341060.8232723614712750.0199009615115280.3690931395898930.1830175341408270.4872227121410690.8171997854473610.0482209116557470.1898071252730310.5214620492491160.1783928488750950.8654272863893480.4574562774772740.8179471759260150.1559710574386660.1488601239218350.7617941446347590.4986583860912430.6969875978099120.1175661351890080.6838817496728030.5895827040219290.03798428173307760.2558087077031960.8680157381747870.5210789413816810.1111667915557210.8386792623853410.2268045932375560.4192530297325520.6174391501982830.8438427729422950.7948279793771710.5386265360160890.7922271049696730.2533658978778130.8335014860671030.8587178468585890.3524415318725470.5265575289855210.1428459763074520.5224632773310350.06296424755953820.4199580115881360.3692233249694360.01959838347585930.2723125724005120.4700214033594960.6431938680363740.5407370980005550.4414134327010150.2292464727944430.8230456897705770.8660920275322970.5065755354734060.6647532577764110.344937262775030.2653624102281280.08579700780473230.1624244717335440.5308032383894210.8216908968419220.3426186772892560.01821142207147370.7241436743620650.1427955490621780.3780876926985890.5951439554243620.8086199957724420.7670833085539140.5214152575487570.9497098292756190.2152118262435430.5330347411632420.8541036859910530.4199323921656910.09386781207889430.4683311656749040.8293146030024050.6706530975265960.7715560045861270.2236133978509190.3648097116810370.02581874166139640.2499555780071140.9675803407226130.2988009520645290.6152089670215590.3254269546641770.8591445937587350.4365058907799870.2218690702261770.9071720976525730.4929751990889670.4922496215098310.5500130627142850.43559612716140.9920136549250390.2868441352117980.5204338130250220.5838758317882870.000112467190810150.4100928487680910.7362275159601520.9868253935276780.6561048426480550.8491195737561870.3062602477994860.8606450369582140.5442837129863350.5384404758326190.1432515408119880.5364896620316950.5929871819332320.4590423323011560.8092253070338980.06457213827426860.3009197689353660.4310834532981180.1206086231699290.7914151386499920.5187735458609880.5662028031701460.4712954180146480.761706486307570.2010644899816110.006940955543559110.1230115434884030.7419412894330680.1099061697030020.9467013507895420.2524216227356530.852719960964560.8293693016350190.4363947105757010.05333301624337140.1804098734891650.7074108311151620.4139212134621210.6554297921031490.2201901977385990.4440140557323460.08858696054888430.5391862918629470.6877297282263410.09170099523529270.9511811735120870.7665673113929190.6854665242276890.7211237739540830.5166412814767120.9910466293245150.6843613009934830.06380228601380370.5230123805673120.4062191764130890.4989040073089190.100664921675850.8688983031512580.6033211101214850.8110102337608640.9839067076053640.5610615252444160.5634080023256160.7093213238602910.4164689172323860.4316411827854160.5545008268027940.7295146199808720.8644551021497410.2661303730022870.6480440095795930.5368584804205160.8299446441722650.2324184983940150.5385060417882950.4158558652695450.09248539276992320.4196194804297060.7364926139094910.3079807196774420.955205796581460.7629550404293360.4165614746631410.1549183960495350.3647732231156550.3556517287326560.9088788098514730.6021952641757020.4627529500538760.9167737926866440.2174154386542990.7405687727951110.9593306672805040.1094091216869830.9806490997308970.007117860134240320.3795143133869840.1790352059953650.933443109492330.8348200770198520.03811774642058910.5277241078219990.4162632825741350.2818463967643190.7649631785806790.9547326807115330.5611507723615290.04629270.2783605509030950.3047244991006760.9794899798978350.7881691889786390.4361941492174780.6762659865271310.6168244551415820.05087840290752510.7636588293126960.4883388708620410.7226313378287440.76495582388220.93925428980220.9925471606119520.9215429186438510.9964583283932850.7311049681440170.9927271402914110.2461039075072340.3931487839355260.01968940113923880.9091762376036070.7945015370454060.5087239604279680.4669253485082480.04720883318407590.7701542682276280.6270943721808740.4321796893255580.2228569774612940.9195701642239410.8465915863743840.3706941286820540.314019361268070.4520895202684870.452521777422060.04730315843753630.9731055696989760.05723464419669710.1433991320319560.9669585638268860.6152324448516460.5552543368659430.5722994297485220.8628791194897830.9204381050135630.4625481863665040.214018050760640.4331540367068310.8234446280610860.5300878272832390.5181681092942480.7080082707440520.2526054178237480.3394453887780880.1082086894725160.03397603573312580.4913256464344650.802945025429580.8399705836221860.1398398669463820.8190767157351110.9127482550877490.4469928131316830.7049153791634450.2218962191369980.08496938098141980.3334678616247790.2762605575705730.1988562244471160.7314201134495450.5915122819030750.9114520467841130.6144026505635940.3111541924593270.2336524643312250.08211353664615470.8178498891176280.6300999080211080.8627881875908340.825442042903340.8599154385942460.8988324842135280.922539425512110.9322207092489310.1493819857005750.3706758962922120.3559900685068520.8065207769836250.7062868992678690.875186391771280.9787360474720220.1113946422322630.755094308272380.3616343479392160.3742701344101210.1538855107414390.563860630140230.564968682499170.330661749920790.2797911292771930.5533434108627840.01014540340851510.1449127456575030.1026084830423240.9813334470915760.95248060103350.8661096623139420.8313672628395420.2383441948056950.2003248129321240.2744947032065530.07867138641952210.5854282418496020.5359517914318420.09791192255304890.5038739680721060.2156909451256760.1108368391785040.3499472186110180.2982009315442650.8485440199933730.4778196104989260.3887909574365370.5607260163000730.7685197319757040.0859801692417790.1988557456496340.8989242984758550.7253071917038230.1210067092399640.7980493327516280.3582565981277880.4234589056418270.5566252441724520.5850291677288590.9256523360196450.2819560000264720.4891473218945350.8285710733980060.1362775987549940.646647226130330.0708479767527450.5343151477001380.6566374330210680.9317477839119630.217814264504170.2246776664338590.4255307805806650.06748198085306360.3388313907197040.06083375923236290.953942047923810.7850865858000620.4741502074667490.4997022724348990.5525291406725690.4013922564265220.8225832771391740.7952468313801230.5484929454202860.9248264260127460.8139083490308390.05671598305699990.3404517731806680.1228153431003310.8082445261337770.9043757504883810.4292852515225080.1252133787219840.59775917918310.6066602751930750.2541696292725040.7256870628307470.08723935466802860.7354257760742050.7962395008815050.6471873967578610.5428215858818820.08521012461481450.918143629668670.1011396245148040.3422452135936990.8182702398261730.3575039126833910.2632726450226560.2207281180901360.4230125544899120.1478506473565130.1607334224007280.08493671965855750.2156933093620770.1045331939502250.5920429147765030.8301357825607740.3335157066654060.3785569405601810.3384320061902490.5246845206816180.7241853108855560.08206423157377430.1551565035602530.3694453138275830.7484238361077580.6496726785451370.01566226384843010.06086656459801530.09682991738227640.08514809691032350.3092127580211790.4145934193548440.6528839413902960.1085852653352860.231184670636640.1861758055766390.2850178214962930.6616868492646330.3501902894071270.06713406429875590.8508300566186440.3347832289208060.2611312703843010.4642849429136360.6771668247272050.276462687091190.6399846839947580.2794264228338080.6254815426847640.653246506034840.784451867515020.902455350904930.4503235870887430.001436058240862790.5625713432174880.6865986854972160.3508120282402380.005493015077156830.3851417208427570.4781539204008570.4444675938694010.63712840308110.4815769007587710.2790584745045520.8568759632794180.8773354722629070.08500684265361610.7984680952460650.4195332086357520.7411942668177790.6415504763763270.7346721814896850.7552000607230520.2443164685746030.4493558190889250.8720859493077880.1616109941190550.6428265798468470.1319838387229630.9963371046221710.9900172138930370.488953887595450.56288988034520.7558347122956230.6674847951257980.1554279674638720.6161373619295920.7285218245552020.5969407902688990.7683428068021460.8341957617066280.4012477150759390.5556063901127820.3650200127596220.5159864732160920.6154518211572510.02274751441664690.3663240873952770.1546287089257030.3713562876840370.9268048305673880.5681514590298140.7401111012956140.07396889548053310.3882574654806030.1513439202454450.4110057939676220.223879705737190.129472899833640.1606054005271390.8431084478379810.8456945239194060.7608700271288560.3792926580332290.731412519634080.2642128434516880.2716684355246990.03699457288370670.7131172167577840.1059788340118360.8441349403429510.7300253261611330.1295585040820870.06008775396701080.86651357216240.8513729170320160.4982992485928190.1812184538370620.4888079219424350.6469302675156210.4055008487534230.5795119601802550.6974702731844750.3102806529525920.5036323197384750.7014780494625650.08316062423490320.7608264386573820.2591866057303670.06456280179394010.8465158339600660.5221791620764050.216125678803710.0319519273934930.1898850236821480.4226339375179360.5781485730333210.7858437467803160.8409373499541710.3110210396702020.4495777048542240.1246536414776360.7627526389730510.143676405180720.7718214588759520.6358851379653030.04340945668164050.3167397410328690.8392528848084770.5108231062191070.8982592913938380.04813800682476450.8423282683934770.1144984079351870.7352149605913460.6517323078309620.5623631197521530.01489228095383060.3558064328863220.2791117594090980.6052195788597210.6350693579691860.8239132925211510.8599477234015110.211996182436710.9124520518399780.01454037968475670.6678400361759960.1035311819085680.238002659201030.7444570278643110.9339825083502480.2101419607276430.6775145011164620.02579110192193570.8751621405512040.7946583837754310.7360062967126590.9167020300879150.1856242302733550.009724934268067640.1684663155826340.6671225320951460.644847904519260.5319280670743640.0356312397631910.07245208674401840.8365726639308870.6060591441232680.0874606487522840.8073266677826150.7704103290520340.7113824301264520.8804581838562480.8716242196140590.2986074006999710.5548997276718270.8145963136350930.4512640565010710.870154346668620.2091711323550850.5435497728488060.4898161631272120.2462597686359160.7772729035089620.2660847455986470.04927356309503850.08963284870470290.8960813867637580.06026327180465780.278502817693290.750085986969360.9205241036276880.2547067372641440.1279446325485020.4063451823695130.5831183530120150.4372452237956420.1742837970908190.9349275413675780.9405317626434490.9412125098889130.3273655736095510.29 size: 16384
   unique: 7, error: 0 (Success), outsize: 16400
unique: 8, opcode: READ (15), nodeid: 2870084174, insize: 80
[i] read_yfs_client
[i] read_read content:  size: 32768
   unique: 8, error: 0 (Success), outsize: 32784
unique: 9, opcode: READ (15), nodeid: 2870084174, insize: 80
[i] read_yfs_client
[i] read_read content:  size: 16401
   unique: 9, error: 0 (Success), outsize: 16417
unique: 10, opcode: GETATTR (3), nodeid: 2870084174, insize: 56
get_attr start
getattr 00000000ab12024e 1
getfile 00000000ab12024e
getfile 00000000ab12024e -> sz 65553
   getattr -> 65553
   unique: 10, error: 0 (Success), outsize: 112
unique: 11, opcode: GETATTR (3), nodeid: 2870084174, insize: 56
get_attr start
getattr 00000000ab12024e 1
getfile 00000000ab12024e
getfile 00000000ab12024e -> sz 65553
   getattr -> 65553
   unique: 11, error: 0 (Success), outsize: 112
unique: 12, opcode: FLUSH (25), nodeid: 2870084174, insize: 64
   unique: 12, error: -38 (Function not implemented), outsize: 16
unique: 13, opcode: RELEASE (18), nodeid: 2870084174, insize: 64
   unique: 13, error: 0 (Success), outsize: 16
unique: 14, opcode: LOOKUP (1), nodeid: 1, insize: 46
[i] lookup_yfs_client B
[LOOK UP] 0000000000000001
[i] b8616
have found b8616
getattr 000000009e55f376 1
getfile 000000009e55f376
getfile 000000009e55f376 -> sz 4111
   getattr -> 4111
   unique: 14, error: 0 (Success), outsize: 136
unique: 15, opcode: OPEN (14), nodeid: 2656433014, insize: 48
Open_fuse
   unique: 15, error: 0 (Success), outsize: 32
unique: 16, opcode: ??? (39), nodeid: 2656433014, insize: 72
   unique: 16, error: -38 (Function not implemented), outsize: 16
unique: 17, opcode: GETATTR (3), nodeid: 2656433014, insize: 56
get_attr start
getattr 000000009e55f376 1
getfile 000000009e55f376
getfile 000000009e55f376 -> sz 4111
   getattr -> 4111
   unique: 17, error: 0 (Success), outsize: 112
unique: 18, opcode: READ (15), nodeid: 2656433014, insize: 80
[i] read_yfs_client
[i] read_read content: 0.1387325890488750.02402056095625940.5445217449859820.5387082531953740.6162571582226840.7484409887691750.3592342887881550.4851586530799990.9133151663723890.01864878616005680.1945123373544640.06389816266004540.9458829881008950.6889103950835820.4550232967840880.4073465808988960.2841210100446180.07604272629548350.1273451971703960.9429455225092840.03695080554448180.4598600610092380.6136840658007080.5587607080248420.4412765870087480.2472614665689010.9113413491126570.4648041069152030.09383659461332530.07347657319925820.3697116740107840.175138351728670.02015888003400690.1318136392167020.7992433692739630.5423299000843470.9430227322351680.8565706350627810.2316850674424520.5650973590797790.9470745814507960.5148041646571220.9007666892628060.3958462658305210.8198234198862940.3392539783574480.7430424889896120.1216055009147180.3432784058433250.1203691777616740.8289029220949510.1447224609586540.7042481844250440.9991775311905830.9958111997196790.4041981949683660.5521803752154040.9094081724493460.6448348290151070.9510389787878280.4568884578437780.317171906882180.2058425178693250.1083813257458320.07822474264499490.7255989603066690.4077678588893970.3369522716415860.0574700582049310.741732840642840.8926735134188380.1068199912132070.8558060329431680.2509076014367930.2736785043092560.3061604636336530.7067222065267660.5826457635197640.7979570086357160.6463280688852890.8027204913330660.1702820282406920.8809250310473790.9399107275771930.4164715268844680.5581452655639510.9234718474781220.2153375563883980.05503404366452360.164944645333620.7108614500063450.2092780623457240.9833772894921860.7053567626716980.9730457092488330.5584407040764250.6288806841799510.8546757512999510.2180409133005380.8479842695138230.9184819690316640.6303692440535540.04229305439029570.8077620197782170.509588019347110.09170619048951780.7872900286120020.2638149906057310.9877590029930770.6221395397838310.6158911028114280.7253312882544450.3296595087744160.07231420555858390.9938808984608410.6317317287800040.5080974472936970.9835301103838110.8041870576367780.6062928104420640.864525756724380.5769480239585650.2182230035307920.5080648412783190.4386710389400190.04313392289176930.2792500997686710.4797001300644940.5486100202408190.2756722740756320.3979423616906070.5327125514665670.6093969879989660.703141540372940.5550519911529750.8618095776856550.09413591240546640.4429628892243190.5879107068518540.04506009179635130.1361976336438070.0513571143225420.09728043713910140.4662000247859690.08123809173959630.6143517201982580.04273274430377330.729372151515030.1870359115403950.5195715319150050.2453596708248650.9557103029384630.08031954126629510.6871486395811670.7363948516658030.7267008654524080.7832033923393770.3058525325525070.08257303477683920.03309980566309180.4662318532490030.7184454835212220.5902239070984160.002890642712223720.2470974635399760.294913170665950.1997526480168230.910501853037410.5887377481219470.2058327391719250.193000238912870.1460501965965410.2407320394909820.5085715642215120.763821558665040.4721534616417170.3748478686280980.9497364485026050.4660140032205180.1819011995911740.07848399679457780.197416430885880.424544095130710.2505492249168030.7560067026802710.6910093616816790.5510496087622950.4417020497402790.1430853448786170.04514447630330660.3711604412406010.6730810715124060.5367353009609880.5933869357357790.1807281205589920.9949842972382260.7856289540029910.5986372614376020.2851517731962010.9043897317045340.4512212677767490.2976453366878930.9283328865229770.6681283425668810.04836347546569540.95969673843220.02620260875012190.009067804459739650.1904793161823090.712775165877630.0281889436719460.2098440800064270.9133109012742330.9784602069414060.635497331492370.09001838022451380.1250884908906080.9292111936667450.9078620730853650.7359112228478390.5502480230479740.6738670053859720.6438081656371080.5196872370178840.2971449749839690.6401349462330330.1798886852442050.1880731091351540.2143508624170960.3731508140861020.7314021892005190.3745506899053690.009952208942184630.2390935536557350.6034430298946030.1757668492656350.02680895768373050.1101830097250340.5026152859604270.7076552364324090.0051028630031 size: 4111
   unique: 18, error: 0 (Success), outsize: 4127
unique: 19, opcode: GETATTR (3), nodeid: 2656433014, insize: 56
get_attr start
getattr 000000009e55f376 1
getfile 000000009e55f376
getfile 000000009e55f376 -> sz 4111
   getattr -> 4111
   unique: 19, error: 0 (Success), outsize: 112
unique: 20, opcode: GETATTR (3), nodeid: 2656433014, insize: 56
get_attr start
getattr 000000009e55f376 1
getfile 000000009e55f376
getfile 000000009e55f376 -> sz 4111
   getattr -> 4111
   unique: 20, error: 0 (Success), outsize: 112
unique: 21, opcode: RELEASE (18), nodeid: 2656433014, insize: 64
   unique: 21, error: 0 (Success), outsize: 16
unique: 22, opcode: OPENDIR (27), nodeid: 1, insize: 48
   unique: 22, error: 0 (Success), outsize: 32
unique: 23, opcode: READDIR (28), nodeid: 1, insize: 80
fuseserver_readdir
[i] readdir_yfs_client
[i] 0000000000000001
   unique: 23, error: 0 (Success), outsize: 4112
unique: 24, opcode: READDIR (28), nodeid: 1, insize: 80
fuseserver_readdir
[i] readdir_yfs_client
[i] 0000000000000001
   unique: 24, error: 0 (Success), outsize: 4112
unique: 25, opcode: READDIR (28), nodeid: 1, insize: 80
fuseserver_readdir
[i] readdir_yfs_client
[i] 0000000000000001
   unique: 25, error: 0 (Success), outsize: 4112
unique: 26, opcode: READDIR (28), nodeid: 1, insize: 80
fuseserver_readdir
[i] readdir_yfs_client
[i] 0000000000000001
   unique: 26, error: 0 (Success), outsize: 4112
unique: 27, opcode: READDIR (28), nodeid: 1, insize: 80
fuseserver_readdir
[i] readdir_yfs_client
[i] 0000000000000001
   unique: 27, error: 0 (Success), outsize: 3760
unique: 28, opcode: READDIR (28), nodeid: 1, insize: 80
fuseserver_readdir
[i] readdir_yfs_client
[i] 0000000000000001
   unique: 28, error: 0 (Success), outsize: 16
unique: 29, opcode: RELEASEDIR (29), nodeid: 1, insize: 64
   unique: 29, error: 0 (Success), outsize: 16
unique: 30, opcode: FORGET (2), nodeid: 2656433014, insize: 48
unique: 31, opcode: FORGET (2), nodeid: 2870084174, insize: 48
unique: 32, opcode: FORGET (2), nodeid: 1, insize: 48
