[PUT] create 
[PUT] update 
[E] extent_server 0000000000000001 getattr success
[E] extent_server getattr failed
[E] extent_server 0000000000000001 getattr success
[PUT] update 
[PUT] create 
[E] extent_server 000000004d6b6dc5 getattr success
[E] extent_server 000000004d6b6dc5 getattr success
[E] extent_server getattr failed
[E] extent_server 000000004d6b6dc5 getattr success
[PUT] update 
[PUT] create 
RPC STATS: 1:2 6001:6 6002:9 6003:8 
[E] extent_server 00000000f17e183c getattr success
[E] extent_server 00000000f17e183c getattr success
[PUT] update 
[E] extent_server 000000004d6b6dc5 getattr success
[E] extent_server 00000000f17e183c getattr success
[PUT] update 
[E] extent_server 000000004d6b6dc5 getattr success
[E] extent_server getattr failed
[E] extent_server 000000004d6b6dc5 getattr success
[PUT] update 
[PUT] create 
[E] extent_server 00000000d7908da5 getattr success
[E] extent_server 00000000d7908da5 getattr success
RPC STATS: 1:2 6001:11 6002:20 6003:16 6004:1 
[PUT] update 
[E] extent_server 000000004d6b6dc5 getattr success
[E] extent_server 00000000d7908da5 getattr success
[E] extent_server 00000000d7908da5 getattr success
[E] extent_server 000000004d6b6dc5 getattr success
[E] extent_server 00000000d7908da5 getattr success
[PUT] update 
[E] extent_server 00000000d7908da5 getattr success
[E] extent_server 00000000d7908da5 getattr success
[E] extent_server 000000004d6b6dc5 getattr success
[E] extent_server 00000000d7908da5 getattr success
[E] extent_server 00000000d7908da5 getattr success
[PUT] update 
[E] extent_server 000000004d6b6dc5 getattr success
[E] extent_server 00000000d7908da5 getattr success
RPC STATS: 1:2 6001:13 6002:30 6003:29 6004:1 
[E] extent_server 00000000d7908da5 getattr success
[E] extent_server 000000004d6b6dc5 getattr success
[E] extent_server 00000000d7908da5 getattr success
[E] extent_server 00000000d7908da5 getattr success
[E] extent_server 000000004d6b6dc5 getattr success
[E] extent_server 000000004d6b6dc5 getattr success
[E] extent_server 000000004d6b6dc5 getattr success
[E] extent_server 000000004d6b6dc5 getattr success
[E] extent_server 00000000d7908da5 getattr success
[PUT] update 
[E] extent_server 000000004d6b6dc5 getattr success
[E] extent_server 000000004d6b6dc5 getattr success
[E] extent_server 000000004d6b6dc5 getattr success
RPC STATS: 1:2 6001:14 6002:41 6003:41 6004:2 
[E] extent_server 000000004d6b6dc5 getattr success
[E] extent_server getattr failed
[E] extent_server 000000004d6b6dc5 getattr success
[PUT] update 
[PUT] create 
[E] extent_server 00000000e8e5c26a getattr success
[E] extent_server 00000000e8e5c26a getattr success
[PUT] update 
[E] extent_server 000000004d6b6dc5 getattr success
[E] extent_server getattr failed
[E] extent_server 000000004d6b6dc5 getattr success
[PUT] update 
[PUT] create 
[E] extent_server 00000000b7adf690 getattr success
[E] extent_server 00000000b7adf690 getattr success
RPC STATS: 1:2 6001:19 6002:52 6003:50 6004:2 
[PUT] update 
[E] extent_server 000000004d6b6dc5 getattr success
[E] extent_server getattr failed
[E] extent_server 000000004d6b6dc5 getattr success
[PUT] update 
[PUT] create 
[E] extent_server 000000009f0117a9 getattr success
[E] extent_server 000000009f0117a9 getattr success
[PUT] update 
[E] extent_server 000000004d6b6dc5 getattr success
[E] extent_server getattr failed
[E] extent_server 000000004d6b6dc5 getattr success
[PUT] update 
RPC STATS: 1:2 6001:25 6002:63 6003:58 6004:2 
[PUT] create 
[E] extent_server 00000000f1c40cfe getattr success
[E] extent_server 00000000f1c40cfe getattr success
[PUT] update 
[E] extent_server 000000004d6b6dc5 getattr success
[E] extent_server getattr failed
[E] extent_server 000000004d6b6dc5 getattr success
[PUT] update 
[PUT] create 
[E] extent_server 00000000efea07b7 getattr success
[E] extent_server 00000000efea07b7 getattr success
[PUT] update 
[E] extent_server 000000004d6b6dc5 getattr success
[E] extent_server getattr failed
[E] extent_server 000000004d6b6dc5 getattr success
RPC STATS: 1:2 6001:29 6002:74 6003:68 6004:2 
[PUT] update 
[PUT] create 
[E] extent_server 00000000a7c98f08 getattr success
[E] extent_server 00000000a7c98f08 getattr success
[PUT] update 
[E] extent_server 000000004d6b6dc5 getattr success
[E] extent_server getattr failed
[E] extent_server 000000004d6b6dc5 getattr success
[PUT] update 
[PUT] create 
[E] extent_server 00000000b21f251a getattr success
[E] extent_server 00000000b21f251a getattr success
[PUT] update 
[E] extent_server 000000004d6b6dc5 getattr success
RPC STATS: 1:2 6001:35 6002:84 6003:77 6004:2 
[E] extent_server getattr failed
[E] extent_server 000000004d6b6dc5 getattr success
[PUT] update 
[PUT] create 
[E] extent_server 00000000d225ac6e getattr success
[E] extent_server 00000000d225ac6e getattr success
[PUT] update 
[E] extent_server 000000004d6b6dc5 getattr success
[E] extent_server getattr failed
[E] extent_server 000000004d6b6dc5 getattr success
[PUT] update 
[PUT] create 
[E] extent_server 00000000b301bd65 getattr success
[E] extent_server 00000000b301bd65 getattr success
[PUT] update 
RPC STATS: 1:2 6001:41 6002:95 6003:85 6004:2 
[E] extent_server 000000004d6b6dc5 getattr success
[E] extent_server getattr failed
[E] extent_server 000000004d6b6dc5 getattr success
[PUT] update 
[PUT] create 
[E] extent_server 00000000aca30101 getattr success
[E] extent_server 00000000aca30101 getattr success
[PUT] update 
[E] extent_server 000000004d6b6dc5 getattr success
[E] extent_server getattr failed
[E] extent_server 000000004d6b6dc5 getattr success
[PUT] update 
[PUT] create 
[E] extent_server 00000000cec7f4c4 getattr success
RPC STATS: 1:2 6001:46 6002:105 6003:95 6004:2 
[E] extent_server 00000000cec7f4c4 getattr success
[PUT] update 
[E] extent_server 000000004d6b6dc5 getattr success
[E] extent_server 00000000efea07b7 getattr success
[PUT] update 
[E] extent_server 000000004d6b6dc5 getattr success
[E] extent_server getattr failed
[E] extent_server 000000004d6b6dc5 getattr success
[PUT] update 
[PUT] create 
[E] extent_server 00000000fd52e878 getattr success
[E] extent_server 00000000fd52e878 getattr success
[PUT] update 
RPC STATS: 1:2 6001:51 6002:117 6003:102 6004:3 
[E] extent_server 000000004d6b6dc5 getattr success
[E] extent_server 00000000e8e5c26a getattr success
[PUT] update 
[E] extent_server 000000004d6b6dc5 getattr success
[E] extent_server getattr failed
[E] extent_server 000000004d6b6dc5 getattr success
[PUT] update 
[PUT] create 
[E] extent_server 00000000fcdd37d1 getattr success
[E] extent_server 00000000fcdd37d1 getattr success
[PUT] update 
[E] extent_server 000000004d6b6dc5 getattr success
RPC STATS: 1:2 6001:55 6002:128 6003:111 6004:4 
[E] extent_server 00000000a7c98f08 getattr success
[PUT] update 
[E] extent_server 000000004d6b6dc5 getattr success
[E] extent_server 00000000f1c40cfe getattr success
[E] extent_server 00000000f1c40cfe getattr success
[E] extent_server 00000000f1c40cfe getattr success
[E] extent_server 00000000f1c40cfe getattr success
[E] extent_server 000000004d6b6dc5 getattr success
[E] extent_server 000000004d6b6dc5 getattr success
[E] extent_server 000000004d6b6dc5 getattr success
[E] extent_server 000000004d6b6dc5 getattr success
[E] extent_server 00000000b301bd65 getattr success
RPC STATS: 1:2 6001:57 6002:139 6003:121 6004:6 
[PUT] update 
[E] extent_server 000000004d6b6dc5 getattr success
[E] extent_server 000000004d6b6dc5 getattr success
[E] extent_server 000000004d6b6dc5 getattr success
[E] extent_server 000000004d6b6dc5 getattr success
[E] extent_server getattr failed
[E] extent_server 000000004d6b6dc5 getattr success
[E] extent_server 000000009f0117a9 getattr success
[PUT] update 
[E] extent_server 000000004d6b6dc5 getattr success
[E] extent_server getattr failed
[E] extent_server 000000004d6b6dc5 getattr success
RPC STATS: 1:2 6001:58 6002:152 6003:131 6004:7 
[PUT] update 
[PUT] create 
[E] extent_server 00000000f6f0f354 getattr success
[E] extent_server 00000000f6f0f354 getattr success
[PUT] update 
[E] extent_server 000000004d6b6dc5 getattr success
[E] extent_server 00000000aca30101 getattr success
[PUT] update 
[E] extent_server 000000004d6b6dc5 getattr success
[E] extent_server 00000000cec7f4c4 getattr success
[PUT] update 
[E] extent_server 000000004d6b6dc5 getattr success
RPC STATS: 1:2 6001:63 6002:163 6003:138 6004:9 
[E] extent_server getattr failed
[E] extent_server 000000004d6b6dc5 getattr success
[E] extent_server 00000000b7adf690 getattr success
[E] extent_server 00000000b7adf690 getattr success
[E] extent_server 00000000b7adf690 getattr success
[E] extent_server 00000000b7adf690 getattr success
[E] extent_server 000000004d6b6dc5 getattr success
[E] extent_server 000000004d6b6dc5 getattr success
[E] extent_server 000000004d6b6dc5 getattr success
[E] extent_server 000000004d6b6dc5 getattr success
[E] extent_server getattr failed
[E] extent_server 000000004d6b6dc5 getattr success
[PUT] update 
[PUT] create 
RPC STATS: 1:2 6001:65 6002:173 6003:151 6004:9 
[E] extent_server 00000000c48b244c getattr success
[E] extent_server 00000000c48b244c getattr success
[PUT] update 
[E] extent_server 000000004d6b6dc5 getattr success
[E] extent_server 000000004d6b6dc5 getattr success
[E] extent_server 000000004d6b6dc5 getattr success
[E] extent_server 000000004d6b6dc5 getattr success
[E] extent_server getattr failed
[E] extent_server 000000004d6b6dc5 getattr success
[PUT] update 
[PUT] create 
[E] extent_server 00000000b768f55f getattr success
[E] extent_server 00000000b768f55f getattr success
[PUT] update 
[E] extent_server 000000004d6b6dc5 getattr success
RPC STATS: 1:2 6001:69 6002:184 6003:161 6004:9 
[E] extent_server 00000000c48b244c getattr success
[PUT] update 
[E] extent_server 000000004d6b6dc5 getattr success
[E] extent_server getattr failed
[E] extent_server 000000004d6b6dc5 getattr success
[PUT] update 
[PUT] create 
[E] extent_server 00000000f1047fd5 getattr success
[E] extent_server 00000000f1047fd5 getattr success
[PUT] update 
[E] extent_server 000000004d6b6dc5 getattr success
[E] extent_server 00000000b7adf690 getattr success
[E] extent_server 00000000b7adf690 getattr success
RPC STATS: 1:2 6001:73 6002:195 6003:170 6004:10 
[E] extent_server 000000004d6b6dc5 getattr success
[E] extent_server 00000000b7adf690 getattr success
[PUT] update 
[E] extent_server 00000000b7adf690 getattr success
[E] extent_server 00000000b7adf690 getattr success
[E] extent_server 000000004d6b6dc5 getattr success
[E] extent_server 00000000b7adf690 getattr success
[E] extent_server 00000000b7adf690 getattr success
[PUT] update 
[E] extent_server 000000004d6b6dc5 getattr success
[E] extent_server 00000000b7adf690 getattr success
[E] extent_server 00000000b7adf690 getattr success
[E] extent_server 000000004d6b6dc5 getattr success
[E] extent_server 00000000b7adf690 getattr success
[E] extent_server 00000000b7adf690 getattr success
RPC STATS: 1:2 6001:75 6002:205 6003:183 6004:10 
[E] extent_server 000000004d6b6dc5 getattr success
[E] extent_server getattr failed
[E] extent_server 000000004d6b6dc5 getattr success
[PUT] update 
[PUT] create 
[E] extent_server 00000000f39f1b21 getattr success
[E] extent_server 00000000f39f1b21 getattr success
[PUT] update 
[E] extent_server 000000004d6b6dc5 getattr success
[E] extent_server 00000000f1047fd5 getattr success
[PUT] update 
[E] extent_server 000000004d6b6dc5 getattr success
RPC STATS: 1:2 6001:79 6002:216 6003:192 6004:11 
[E] extent_server getattr failed
[E] extent_server 000000004d6b6dc5 getattr success
[PUT] update 
[PUT] create 
[E] extent_server 00000000922e9b2d getattr success
[E] extent_server 00000000922e9b2d getattr success
[PUT] update 
[E] extent_server 000000004d6b6dc5 getattr success
[E] extent_server getattr failed
[E] extent_server 000000004d6b6dc5 getattr success
[PUT] update 
[PUT] create 
[E] extent_server 00000000fe4cdcde getattr success
[E] extent_server 00000000fe4cdcde getattr success
[PUT] update 
RPC STATS: 1:2 6001:85 6002:227 6003:200 6004:11 
[E] extent_server 000000004d6b6dc5 getattr success
[E] extent_server 00000000fd52e878 getattr success
[PUT] update 
[E] extent_server 000000004d6b6dc5 getattr success
[E] extent_server getattr failed
[E] extent_server 000000004d6b6dc5 getattr success
[PUT] update 
[PUT] create 
[E] extent_server 0000000088777cf7 getattr success
[E] extent_server 0000000088777cf7 getattr success
[PUT] update 
[E] extent_server 000000004d6b6dc5 getattr success
RPC STATS: 1:2 6001:89 6002:238 6003:209 6004:12 
[E] extent_server getattr failed
[E] extent_server 000000004d6b6dc5 getattr success
[PUT] update 
[PUT] create 
[E] extent_server 00000000c73917ef getattr success
[E] extent_server 00000000c73917ef getattr success
[PUT] update 
[E] extent_server 000000004d6b6dc5 getattr success
[E] extent_server 00000000c73917ef getattr success
[PUT] update 
[E] extent_server 000000004d6b6dc5 getattr success
[E] extent_server getattr failed
[E] extent_server 000000004d6b6dc5 getattr success
RPC STATS: 1:2 6001:93 6002:250 6003:217 6004:13 
[PUT] update 
[PUT] create 
[E] extent_server 00000000d5d0ac17 getattr success
[E] extent_server 00000000d5d0ac17 getattr success
[PUT] update 
[E] extent_server 000000004d6b6dc5 getattr success
[E] extent_server 00000000f1c40cfe getattr success
[PUT] update 
[E] extent_server 000000004d6b6dc5 getattr success
[E] extent_server 00000000b21f251a getattr success
[E] extent_server 00000000b21f251a getattr success
[E] extent_server 00000000b21f251a getattr success
[E] extent_server 00000000b21f251a getattr success
RPC STATS: 1:2 6001:97 6002:260 6003:227 6004:14 
[E] extent_server 000000004d6b6dc5 getattr success
[E] extent_server getattr failed
[E] extent_server 000000004d6b6dc5 getattr success
[PUT] update 
[PUT] create 
[E] extent_server 000000008e9212af getattr success
[E] extent_server 000000008e9212af getattr success
[PUT] update 
[E] extent_server 000000004d6b6dc5 getattr success
[E] extent_server 00000000b7adf690 getattr success
[PUT] update 
[E] extent_server 000000004d6b6dc5 getattr success
[E] extent_server getattr failed
RPC STATS: 1:2 6001:101 6002:272 6003:235 6004:15 
[E] extent_server 000000004d6b6dc5 getattr success
[E] extent_server getattr failed
[E] extent_server 000000004d6b6dc5 getattr success
[PUT] update 
[PUT] create 
[E] extent_server 00000000e148d929 getattr success
[E] extent_server 00000000e148d929 getattr success
[PUT] update 
[E] extent_server 000000004d6b6dc5 getattr success
[E] extent_server 00000000fcdd37d1 getattr success
[PUT] update 
[E] extent_server 000000004d6b6dc5 getattr success
RPC STATS: 1:2 6001:105 6002:283 6003:244 6004:16 
[E] extent_server getattr failed
[E] extent_server 000000004d6b6dc5 getattr success
[PUT] update 
[PUT] create 
[E] extent_server 00000000fda253f9 getattr success
[E] extent_server 00000000fda253f9 getattr success
[PUT] update 
[E] extent_server 000000004d6b6dc5 getattr success
[E] extent_server 00000000e148d929 getattr success
[PUT] update 
[E] extent_server 000000004d6b6dc5 getattr success
[E] extent_server getattr failed
[E] extent_server 000000004d6b6dc5 getattr success
RPC STATS: 1:2 6001:109 6002:295 6003:252 6004:17 
[PUT] update 
[PUT] create 
[E] extent_server 0000000081c3ed82 getattr success
[E] extent_server 0000000081c3ed82 getattr success
[PUT] update 
[E] extent_server 000000004d6b6dc5 getattr success
[E] extent_server 00000000b21f251a getattr success
[PUT] update 
[E] extent_server 000000004d6b6dc5 getattr success
[E] extent_server 0000000081c3ed82 getattr success
[E] extent_server 0000000081c3ed82 getattr success
[E] extent_server 000000004d6b6dc5 getattr success
[E] extent_server 0000000081c3ed82 getattr success
RPC STATS: 1:2 6001:113 6002:306 6003:261 6004:18 
[PUT] update 
[E] extent_server 0000000081c3ed82 getattr success
[E] extent_server 0000000081c3ed82 getattr success
[E] extent_server 000000004d6b6dc5 getattr success
[E] extent_server 0000000081c3ed82 getattr success
[E] extent_server 0000000081c3ed82 getattr success
[PUT] update 
[E] extent_server 000000004d6b6dc5 getattr success
[E] extent_server 0000000081c3ed82 getattr success
[E] extent_server 0000000081c3ed82 getattr success
[E] extent_server 000000004d6b6dc5 getattr success
[E] extent_server 0000000081c3ed82 getattr success
[E] extent_server 0000000081c3ed82 getattr success
[E] extent_server 000000004d6b6dc5 getattr success
[E] extent_server 00000000d225ac6e getattr success
RPC STATS: 1:2 6001:115 6002:316 6003:274 6004:18 
[PUT] update 
[E] extent_server 000000004d6b6dc5 getattr success
[E] extent_server getattr failed
[E] extent_server 000000004d6b6dc5 getattr success
[PUT] update 
[PUT] create 
[E] extent_server 00000000a6e919ad getattr success
[E] extent_server 00000000a6e919ad getattr success
[PUT] update 
[E] extent_server 000000004d6b6dc5 getattr success
[E] extent_server 0000000081c3ed82 getattr success
RPC STATS: 1:2 6001:120 6002:327 6003:281 6004:20 
[PUT] update 
[E] extent_server 000000004d6b6dc5 getattr success
[E] extent_server getattr failed
[E] extent_server 000000004d6b6dc5 getattr success
[PUT] update 
[PUT] create 
[E] extent_server 00000000cb0dc1be getattr success
[E] extent_server 00000000cb0dc1be getattr success
[PUT] update 
[E] extent_server 000000004d6b6dc5 getattr success
[E] extent_server 000000004d6b6dc5 getattr success
[E] extent_server getattr failed
[E] extent_server 000000004d6b6dc5 getattr success
RPC STATS: 1:2 6001:123 6002:340 6003:290 6004:20 
[PUT] update 
[PUT] create 
[E] extent_server 00000000f34205bf getattr success
[E] extent_server 00000000f34205bf getattr success
[PUT] update 
[E] extent_server 000000004d6b6dc5 getattr success
[E] extent_server 00000000f6f0f354 getattr success
[PUT] update 
[E] extent_server 000000004d6b6dc5 getattr success
[E] extent_server 00000000f34205bf getattr success
[E] extent_server 00000000f34205bf getattr success
[E] extent_server 00000000f34205bf getattr success
[E] extent_server 00000000f34205bf getattr success
RPC STATS: 1:2 6001:127 6002:350 6003:300 6004:21 
[E] extent_server 000000004d6b6dc5 getattr success
[E] extent_server getattr failed
[E] extent_server 000000004d6b6dc5 getattr success
[PUT] update 
[PUT] create 
[E] extent_server 00000000fe79a752 getattr success
[E] extent_server 00000000fe79a752 getattr success
[PUT] update 
[E] extent_server 000000004d6b6dc5 getattr success
[E] extent_server getattr failed
[E] extent_server 000000004d6b6dc5 getattr success
[E] extent_server 00000000922e9b2d getattr success
[E] extent_server 00000000922e9b2d getattr success
[E] extent_server 00000000922e9b2d getattr success
[E] extent_server 00000000922e9b2d getattr success
RPC STATS: 1:2 6001:130 6002:361 6003:311 6004:21 
[E] extent_server 000000004d6b6dc5 getattr success
[E] extent_server 000000004d6b6dc5 getattr success
[E] extent_server 000000004d6b6dc5 getattr success
[E] extent_server 000000004d6b6dc5 getattr success
[E] extent_server 00000000fe79a752 getattr success
[PUT] update 
[E] extent_server 000000004d6b6dc5 getattr success
[E] extent_server 000000004d6b6dc5 getattr success
[E] extent_server 000000004d6b6dc5 getattr success
[E] extent_server 000000004d6b6dc5 getattr success
[E] extent_server 000000008e9212af getattr success
RPC STATS: 1:2 6001:132 6002:372 6003:321 6004:23 
[PUT] update 
[E] extent_server 000000004d6b6dc5 getattr success
[E] extent_server 00000000f39f1b21 getattr success
[E] extent_server 00000000f39f1b21 getattr success
[E] extent_server 00000000f39f1b21 getattr success
[E] extent_server 00000000f39f1b21 getattr success
[E] extent_server 000000004d6b6dc5 getattr success
[E] extent_server 00000000f39f1b21 getattr success
[PUT] update 
[E] extent_server 000000004d6b6dc5 getattr success
[E] extent_server getattr failed
[E] extent_server 000000004d6b6dc5 getattr success
[E] extent_server 00000000f34205bf getattr success
RPC STATS: 1:2 6001:133 6002:383 6003:333 6004:24 
[E] extent_server 00000000f34205bf getattr success
[E] extent_server 00000000f34205bf getattr success
[E] extent_server 00000000f34205bf getattr success
[E] extent_server 000000004d6b6dc5 getattr success
[E] extent_server getattr failed
[E] extent_server 000000004d6b6dc5 getattr success
[PUT] update 
[PUT] create 
[E] extent_server 00000000b3f38428 getattr success
[E] extent_server 00000000b3f38428 getattr success
[PUT] update 
[E] extent_server 000000004d6b6dc5 getattr success
[E] extent_server 00000000f34205bf getattr success
RPC STATS: 1:2 6001:137 6002:394 6003:342 6004:25 
[PUT] update 
[E] extent_server 000000004d6b6dc5 getattr success
[E] extent_server getattr failed
[E] extent_server 000000004d6b6dc5 getattr success
[PUT] update 
[PUT] create 
[E] extent_server 00000000aaeffc4f getattr success
[E] extent_server 00000000aaeffc4f getattr success
[PUT] update 
[E] extent_server 000000004d6b6dc5 getattr success
[E] extent_server 00000000b3f38428 getattr success
[PUT] update 
[E] extent_server 000000004d6b6dc5 getattr success
RPC STATS: 1:2 6001:141 6002:406 6003:350 6004:26 
[E] extent_server getattr failed
[E] extent_server 000000004d6b6dc5 getattr success
[E] extent_server getattr failed
[E] extent_server 000000004d6b6dc5 getattr success
[PUT] update 
[PUT] create 
[E] extent_server 000000009d7abefc getattr success
[E] extent_server 000000009d7abefc getattr success
[PUT] update 
[E] extent_server 000000004d6b6dc5 getattr success
[E] extent_server 000000009d7abefc getattr success
[PUT] update 
RPC STATS: 1:2 6001:145 6002:417 6003:359 6004:27 
[E] extent_server 000000004d6b6dc5 getattr success
[E] extent_server getattr failed
[E] extent_server 000000004d6b6dc5 getattr success
[E] extent_server 000000004d6b6dc5 getattr success
[E] extent_server 000000004d6b6dc5 getattr success
[E] extent_server 000000004d6b6dc5 getattr success
[E] extent_server 0000000088777cf7 getattr success
[PUT] update 
[E] extent_server 000000004d6b6dc5 getattr success
[E] extent_server 000000004d6b6dc5 getattr success
[E] extent_server 000000004d6b6dc5 getattr success
[E] extent_server 000000004d6b6dc5 getattr success
[E] extent_server getattr failed
RPC STATS: 1:2 6001:146 6002:428 6003:371 6004:28 
[E] extent_server 000000004d6b6dc5 getattr success
[PUT] update 
[PUT] create 
[E] extent_server 00000000a5b79127 getattr success
[E] extent_server 00000000a5b79127 getattr success
[PUT] update 
[E] extent_server 000000004d6b6dc5 getattr success
[E] extent_server 00000000a5b79127 getattr success
[PUT] update 
[E] extent_server 000000004d6b6dc5 getattr success
[E] extent_server getattr failed
[E] extent_server 000000004d6b6dc5 getattr success
RPC STATS: 1:2 6001:150 6002:441 6003:378 6004:29 
[PUT] update 
[PUT] create 
[E] extent_server 000000009ada0406 getattr success
[E] extent_server 000000009ada0406 getattr success
[PUT] update 
[E] extent_server 000000004d6b6dc5 getattr success
[E] extent_server 00000000fe4cdcde getattr success
[PUT] update 
[E] extent_server 000000004d6b6dc5 getattr success
[E] extent_server getattr failed
[E] extent_server 000000004d6b6dc5 getattr success
[PUT] update 
[PUT] create 
RPC STATS: 1:2 6001:156 6002:451 6003:386 6004:30 
[E] extent_server 00000000c5444e04 getattr success
[E] extent_server 00000000c5444e04 getattr success
[PUT] update 
[E] extent_server 000000004d6b6dc5 getattr success
[E] extent_server 00000000c5444e04 getattr success
[PUT] update 
[E] extent_server 000000004d6b6dc5 getattr success
[E] extent_server 00000000fda253f9 getattr success
[PUT] update 
[E] extent_server 000000004d6b6dc5 getattr success
[E] extent_server getattr failed
[E] extent_server 000000004d6b6dc5 getattr success
RPC STATS: 1:2 6001:159 6002:463 6003:394 6004:32 
[PUT] update 
[PUT] create 
[E] extent_server 00000000d7d6b641 getattr success
[E] extent_server 00000000d7d6b641 getattr success
[PUT] update 
[E] extent_server 000000004d6b6dc5 getattr success
[E] extent_server 000000009ada0406 getattr success
[E] extent_server 000000009ada0406 getattr success
[E] extent_server 000000009ada0406 getattr success
[E] extent_server 000000009ada0406 getattr success
[E] extent_server 000000004d6b6dc5 getattr success
[E] extent_server 00000000d7d6b641 getattr success
[E] extent_server 00000000d7d6b641 getattr success
[E] extent_server 000000004d6b6dc5 getattr success
RPC STATS: 1:2 6001:162 6002:473 6003:406 6004:32 
[E] extent_server 00000000d7d6b641 getattr success
[PUT] update 
[E] extent_server 00000000d7d6b641 getattr success
[E] extent_server 00000000d7d6b641 getattr success
[E] extent_server 000000004d6b6dc5 getattr success
[E] extent_server 00000000d7d6b641 getattr success
[E] extent_server 00000000d7d6b641 getattr success
[PUT] update 
[E] extent_server 000000004d6b6dc5 getattr success
[E] extent_server 00000000d7d6b641 getattr success
[E] extent_server 00000000d7d6b641 getattr success
[E] extent_server 000000004d6b6dc5 getattr success
[E] extent_server 00000000d7d6b641 getattr success
[E] extent_server 00000000d7d6b641 getattr success
[E] extent_server 000000004d6b6dc5 getattr success
RPC STATS: 1:2 6001:164 6002:483 6003:419 6004:32 
[E] extent_server getattr failed
[E] extent_server 000000004d6b6dc5 getattr success
[PUT] update 
[PUT] create 
[E] extent_server 00000000ecffb074 getattr success
[E] extent_server 00000000ecffb074 getattr success
[PUT] update 
[E] extent_server 000000004d6b6dc5 getattr success
[E] extent_server 00000000ecffb074 getattr success
[PUT] update 
[E] extent_server 000000004d6b6dc5 getattr success
[E] extent_server 00000000cb0dc1be getattr success
RPC STATS: 1:2 6001:168 6002:495 6003:426 6004:34 
[PUT] update 
[E] extent_server 000000004d6b6dc5 getattr success
[E] extent_server 000000004d6b6dc5 getattr success
[E] extent_server 00000000d7d6b641 getattr success
[PUT] update 
[E] extent_server 000000004d6b6dc5 getattr success
[E] extent_server 000000009ada0406 getattr success
[PUT] update 
[E] extent_server 000000004d6b6dc5 getattr success
RPC STATS: 1:2 6001:171 6002:508 6003:433 6004:36 
[E] extent_server 00000000a6e919ad getattr success
[PUT] update 
[E] extent_server 000000004d6b6dc5 getattr success
[E] extent_server 00000000b768f55f getattr success
[PUT] update 
[E] extent_server 000000004d6b6dc5 getattr success
[E] extent_server 00000000922e9b2d getattr success
[PUT] update 
[E] extent_server 000000004d6b6dc5 getattr success
[E] extent_server 00000000aaeffc4f getattr success
RPC STATS: 1:2 6001:174 6002:521 6003:439 6004:39 
[PUT] update 
[E] extent_server 000000004d6b6dc5 getattr success
[E] extent_server 00000000d5d0ac17 getattr success
[PUT] update 
[E] extent_server 000000004d6b6dc5 getattr success
