unique: 1, opcode: INIT (26), nodeid: 0, insize: 56
INIT: 7.13
flags=0x0000007b
max_readahead=0x00020000
   INIT: 7.8
   flags=0x00000000
   max_readahead=0x00020000
   max_write=0x00020000
   unique: 1, error: 0 (Success), outsize: 40
unique: 2, opcode: GETATTR (3), nodeid: 1, insize: 56
get_attr start
getattr 0000000000000001 0
getdir 0000000000000001
   getattr -> 1351424471 1351424471 1351424471
   unique: 2, error: 0 (Success), outsize: 112
unique: 3, opcode: LOOKUP (1), nodeid: 1, insize: 47
[LOOK UP] under dir 0000000000000001
[i] look up a17297
[i] readdir_yfs_client
[i] 0000000000000001
have found a17297 00000000fbd2275b
getattr 00000000fbd2275b 1
getfile 00000000fbd2275b
getfile 00000000fbd2275b -> sz 65553
   getattr -> 65553
   unique: 3, error: 0 (Success), outsize: 136
unique: 4, opcode: OPEN (14), nodeid: 4224853851, insize: 48
Open_fuse
   unique: 4, error: 0 (Success), outsize: 32
unique: 5, opcode: ??? (39), nodeid: 4224853851, insize: 72
   unique: 5, error: -38 (Function not implemented), outsize: 16
unique: 6, opcode: GETATTR (3), nodeid: 4224853851, insize: 56
get_attr start
getattr 00000000fbd2275b 1
getfile 00000000fbd2275b
getfile 00000000fbd2275b -> sz 65553
   getattr -> 65553
   unique: 6, error: 0 (Success), outsize: 112
unique: 7, opcode: READ (15), nodeid: 4224853851, insize: 80
[i] read_yfs_client
[i] read_read content: 0.4211946879224440.3152305644426040.1219449166609370.7720873745196680.04221484827085220.02027184092695580.1938980902667850.7667782204663320.706799695347620.7551016637239090.3652202119366450.0.3699680149298148006784009286390.8328404440949450.0456442377641650.5881244138247690.833490905271240.1076774930378160.971959525310410.9149252998665640.3678188952350540.2089718147748730.9095529007049240.7032919707157210.1944890036104920.9516284664616740.5131692440506580.8968738040351920.4216422882638610.9172737709353280.7185577861412040.3626992735158550.4679743585459950.3569607076521240.5926433624772470.9115896726507740.6187367041554590.2011646460753020.2860522087039640.7160854681376310.4503409107977560.65968703816640.6560810673820750.8018336643332980.5801375800385880.3139035648074650.8240029719525380.1056948934364320.5171899702121650.7358313474364630.7270546423583820.4754092988572260.9332927036146330.08013000341457040.9672755305469560.006705964047849730.1373874049881390.1819013541615990.5569187554918640.302571968412860.5078139099826520.9286453013946420.6394060289461410.8274594382957860.8430467723705630.8607225813850940.8173537573667320.2010725169463220.150866267783250.4710516025105460.2522823748351040.4197363153119760.06709000213913190.7295341800206110.3870871788398350.9490269379687780.5274596472394320.2369965163595860.6706730679842820.9432809180075560.3000763067207330.7315050480939110.4884391805359770.5128741537255160.7015716251725410.6191546039787460.09226906774411250.6789600310373170.08927905425348830.8023365054655220.4146892685175490.08100415111551840.255944744571430.4297096035011980.4948805448780010.4913942753972510.5055294034305790.7203755962999910.85586315308160.05320906225214730.2015652087929780.7249841243797060.5846569259367840.904593213796030.8371345614519830.6116709040473470.378390190137480.4519300900555660.9522441529720780.7159963511925480.2426752008778270.1730709934410260.4352175889122450.4106605762023920.443183407118170.09334349176752350.1953866977192220.6501061105475860.3119680271318690.306114645379520.8311147379524120.4726900686074520.4570456778784260.3846491457791320.5769480526838110.5225454671001050.1930397258207530.7343224720356960.4740053725042440.8363149315642070.7439071735328750.7984955396622520.736740000061310.3565118272000410.123144828329160.195225267084080.6957385819548490.341351772520230.9952507786871650.9162953297951160.379665150622380.5766343411842350.2030803939334620.4587484243000080.7998596620598380.9228983425958610.7131837250153130.429255935472820.7491204273420990.6930072078293290.2049698816908430.713468304527790.493128699433150.9220515067170290.3949652566363680.6392699428933040.08072529420741860.111616296980930.9454929222917910.791061542407160.2303625584416620.1808096696196660.7244017042435190.8113804069094320.3576943102809550.3918683188746750.5412418980790930.919041286998660.4272206318327040.02165404249132410.833371907438760.1953564509378330.9635876515992620.6830645811648030.1763628019364630.360819682948570.910593778922610.951560947515620.7758474872262580.6559848779150850.6338373059836970.3890441871758870.1073644082499210.127331211334020.4225449376744380.0757051700851470.7171240331175280.6300038176918970.444360708342010.3338543413933230.5059563516450540.9258968218288960.4712889594929590.7578721809484570.9825808318015560.5621747487559040.4437376465387860.8311882407082190.3980032717032740.6497041003311740.3314882780650730.02260486305675970.0331383268329830.0638095446736990.9348403304128470.09646384243230340.3951587443602160.005224028692307310.5361800860737490.5583681903759480.6386840612914850.7841395081427260.3424705790197680.3827996125984790.135469283189380.3250802056892860.7739397561136270.9515231184295810.006089417865467790.3882336680436640.06547214367760290.07077617056264170.3502152562741540.220331710880.7074243046364120.9576587588384520.38504103331320.09474392738392720.7049502468939650.6967555584223990.2564821268713470.4888261054825270.8632287602541670.1998397226223610.722762326754520.9425749625228940.5846444797525760.5656626762683070.5384319885693430.615224376918970.4080273602286510.6725833295297190.2678021437462230.327647086569510.5351652628374170.1615162367832460.5249719281440120.2734949461644720.3222605614748130.8258891931606090.633419080594280.3792406023428720.5007181382725960.04262940520557730.2974923118155030.4741191695420320.210167914906570.8054015041489360.7226916158559790.429980482786430.6451042229560710.2882831031716830.3685746531090360.3859460791037430.7437559144529970.6327921461692690.09033573848515180.1743405292264240.283199215565340.849807767453530.2610452830228240.4065794182390870.5283289945730520.7247105920340320.7703133245735780.1076164703651830.1447774124132270.3513921671068840.7864776057062530.75537534165090.998500912596960.1691543396466420.3336660771417140.4906377773999220.1894612497318990.9845706950457790.07322228535143440.7195744613396440.8061428147223850.6048714600762290.9576114059318570.3950582831576350.4347409524632230.1452233625588980.4262712725012680.6967872327365930.04551334699350920.3824146425195670.584788186656880.3498860056367440.03342293213359680.3730555377834610.9147381404771270.3459969876265880.5758552350911470.9247239334158370.8306419016576570.7319828888461010.1425296388913820.9709072816522630.1774637651293030.4844402330009490.6480318192620230.8506231794798430.1572902264223050.321585486331980.9625876352850540.4048749473294780.3132329436133290.8491691474812020.01931609321533050.4763729969193130.9738116889203640.3784679252836830.6944047218602020.2161105216508650.8793141103952990.4797965194542220.7492338583147030.7684309016019060.745751591205050.1851888016083870.05985100715350460.7112969995839830.9605108711893280.2728686835594340.9094016668937210.6848270474375550.9007409452366910.2509339688658480.4638228771617960.1411808952240570.9906406380302570.2085073246686840.5115892910230780.1130718327417560.302475737380490.2727874964535990.8364828818643630.4251758053411160.5093322111847410.8564063309994160.06077551555753050.2892694468454560.3319053985317170.510833384933260.6880326188765840.7349337539940170.3192607161038410.03096519050177090.273755116790760.666119241717130.1623309193214770.4493109388885830.9326897568130410.4109138592269980.5724148661202410.8842857371602370.668893950546270.6867446258627050.6442146123561660.4881170102058650.5942044034382330.7533606753643660.1587180840932230.3009543663504780.9289181360324430.816796990268930.3258550859437430.9372686371673460.5921640861830110.2027373769189640.3963015787045240.1899771508919590.1661623842898830.4890399886558360.5276825562599470.771509917248220.4265006751048550.3045417626300270.4299540336081830.1569306019370020.4784915825591650.3226273068038990.06078118740757080.443067264007890.7270266408701290.6395658706460560.9327491301375370.0833361313368890.4741488083971250.09354486822153160.1343467113219390.5476275109660770.3154921028364370.5930428083683420.6755786867724540.340461584625640.7650720098698050.4531962359185440.2321391419756940.2919336378544240.6395681848131930.4347572129707550.2802957610699510.7211985262620960.7807606506501870.318867782551170.2545919608360240.5209632071342120.1813262585785440.6870785711114320.004398622261319930.6863592712709270.6385626813488370.1928180137043150.0210907130274620.5284749111708140.7171967177307650.1690094388519760.7186630652188770.1906829699231840.2212912609055810.4059932415766280.3060355161533720.9967789429555120.1120549869522520.4217234152998120.3338570989954660.1790353645970380.05936971437034090.427879618834030.9426535462292520.1899072157652990.6669965342642360.4447005359893020.8086486056398460.8247321504593080.09224227590126330.9357593548973320.170129127680980.9589297696513020.9085267163503450.8014505645172570.5280431274910740.7196111841084270.8925772283082480.294646749429550.3224706168611250.2089840151464380.106305349527140.1899474734484730.2801655036550270.5194240968194460.4768281129700180.4634374902885590.1616348310364510.2246537770829310.7372499614397510.5152812180069080.278925638866170.9983131815317240.397007746452850.1133124757107030.6427813372997380.6536554139103250.5757157410607260.3506657185681270.6810852504377040.0725847352199160.4110688426590840.9211952329909860.6661304783590370.00835860040.08263426707024020.4278247804686440.8284690015032230.1166853507888810.6630741018335510.5840698184254660.4177505746575040.2604896741590430.2909071571957680.4589104921477830.009539991252992760.813232965133150.9693776902560320.08922389578149040.2307013047769150.4764357587474530.440014843589360.1594914551376870.8792861353679910.8541497825015620.5033290969478730.1709895030613810.5083118285780020.468888188950370.1997147418206350.8157810119170850.8023405323548190.04138950480770730.8985494162208950.6863118298252040.1429737800307290.1251340759348910.4408671435636290.1191584501444720.2914854739846220.7234466130267910.5496191673967060.8494841398382430.03668081918763730.4131251627787370.1608412255556080.2771689742862870.4021663205391380.04778075631955050.679055825524550.880644786308810.7836479952533750.06352343322917520.3516176299059810.6025710481557560.4133680240669970.2094846180238470.5607482994258180.6431400794820130.3106957352035520.5792432490874370.3106181333334420.880632524377990.3761836453534070.732968940154560.1425546558933420.2716145788550970.2876848349060310.5335801041092450.137456985409450.8197597892969850.1436307728063330.8361337005524060.1945584513736020.6256981947800040.4181403921977850.08383639481207790.9342225583861890.8016769643401350.3087483139623120.09543974932230630.02451809495996570.6434172967187560.2993041838704470.2494249210798040.5325620136871190.9647550173559020.07273269281502340.9554905237019360.7483327290250870.31396483791730.401206551017680.7817511419552940.4077557526382590.3777234499402380.4408490486697330.1081787730010680.08088717632059430.04122231876343460.8559504196974790.3877455245116540.8081324815183070.6908800392674160.3010795947267440.4041485377523450.6214275648721850.6274342235944380.1712516463625490.6597376361926980.02758978350573930.1880469254408760.8789478570969750.7532679397141030.6476583044982580.9706933782200370.6863814400118710.3114339435132760.1796491526010090.6049041478797110.7816840774527950.421003651865870.5040401512802010.8404034879263270.5740081755165820.2230815925100950.7933885071019590.4279645467564310.3458736250172340.2340332300371660.7723081588124710.7716429282262740.4580374750732970.3584707588336580.04475926271059190.6433367580016130.28495682609470.4711268003102270.5460173775605810.2023616731224290.2654009972380040.8322484678719310.4612091078493070.06555584289107590.6964251818463230.6342749088372810.2959632261551160.4666010581474640.7588459354936390.2780870977963840.4931956862647340.4441439057311990.3332855075130540.8702346532130.009612520949922040.1524338879481810.3081287908044890.1965710909210080.4330904544972970.5191958656580090.6703400887896440.5441115270427550.5152202126725670.6350802106785840.8486185451105260.1462357112649610.7801360442946150.0771683610656630.7030575135526220.3542897218472910.1600959414952210.3036618939676750.6491659252148170.4820119987094350.2995345225468850.8441825776799480.605285399645410.4219689429444560.302523584354070.114316949727570.4651970090171180.8424023826394030.7044080038223580.746534603792430.3417828019236850.988761108448610.3981260308453830.622902367567580.8883409885467870.7400317304608390.1012871330810370.6667397286708660.08252664426412080.7122456130283260.8140064865263740.5772720290798680.2205034667481410.4197889188840630.08294701864472390.3283199126615170.7979730847396380.06207715056302380.8877866649489690.4821240877623190.9981482274713760.6145943283638180.6268242580015410.3536764699989770.727931284664280.9881854023391520.1637012922546080.2886700118442360.3716519806221750.9508989735867140.7629127615230470.8567728178391470.5114336147108390.8578012099265460.1841974106582070.5068852997804960.9049481469231470.5343412953966540.3119501416720780.1559849575309790.6409628938043710.6394891643755860.693026029649410.5898596906797910.002277309240184880.6805579520488830.8628704977794330.3223601666426140.5616238189947040.4500618558757840.6146027362392420.397772504432570.09171351992691260.8469652601832640.5579134889675360.314657192757540.1743223070110820.8741963405164160.7144529380803060.9132765588043160.8992372161403070.568398248407430.1844436502991940.3949240525563940.7217430307020580.9167686932898360.4168464757886380.1505819232597820.6324770575806440.6028145988804110.5344479697295770.3670023522000360.03689199606377260.05436782897808360.8582654032953410.3772885817838050.6598445636088850.5528410647873830.9858438059395450.935229857529510.9161975680597290.6151450850634280.8891377975561380.351024889464330.318636989194630.9447602640961570.7841432896284530.1417458550985380.9426399159352030.6351013733034530.4013095214469540.2622065201032660.8147854416477570.118606062486020.5586844133445440.4081866575541430.4291054112294010.4141090191113190.05501492617366210.4697384146207960.7872768025868880.3113560708395760.1945530774310740.1811914193810540.2781390741885020.2264107203818320.206646542024110.9182400525187720.001879582097785710.9997800951881960.299484422166280.5610212415254980.4614947267827030.02803336990393390.5974128687905630.3333821811688190.8116553945348240.9103236895017060.1544458386753220.5787273559140150.5113590730303910.5474997980002420.1530124396906770.9061809501907630.4758393079186480.1004762742129340.217268113692320.9796869933829160.8848524898325680.8464168045342680.06574139511513270.1976032106870240.1640238813831440.1693935958677560.9606052257506190.4699583510340130.3143858740206580.2929631619259360.1829908650300570.4215945515985910.4891832676248670.9651146157912470.06866737287939630.3867888875322370.2886794538208190.9039965833160260.6098795213623520.09764945794819720.7109253198080130.1215332281605690.7915858743847440.6657439873607880.6227260354378790.1804439625201690.3488057241960620.3033007882363310.32946120487810.3803555203752290.5619326517933490.7943058475494130.6697077179620270.8858345049130170.7449927481078970.4024135807557090.6511335877374620.9315936011153210.8148310565368960.165425252891470.1038516723013880.6992806808832160.4846396374700460.1769260110898220.04794601323567350.940717333978380.3212588744553170.8743917181653740.3604371423435990.3119072459998020.9010793020483940.7476881355611940.05638767542805570.02140562708548190.2435583996970150.5385202883760660.7576423890495080.3296738845306460.3843845267242830.5343068678949730.1649493260553640.6599092415471940.5528325330941830.1615361005321350.04464686068213550.2957323454535830.7611516316679210.7744134488634740.1250776366977960.5003573941800250.4098199225913460.4131706229741960.6213804348740130.2519042526008340.6137305817915930.7995274811773110.8869168915564390.9599107423639840.6040062258052570.9493663007701690.957538140736020.5215610830773550.6419594068107630.3476994143887320.8090384503152850.8584836514318790.1701426372942550.5596191481930820.8019553317108570.8151331205937390.3354998557412260.6823711770727850.6204599830369380.6198289574809730.8570068856152280.9953716417970110.618164842374270.3346695028542930.4211602721604140.1824024660519430.7236080415451340.1290987509976380.2101559677462960.307001080106790.3079342248871480.2853167946409170.77713 size: 16384
   unique: 7, error: 0 (Success), outsize: 16400
unique: 8, opcode: READ (15), nodeid: 4224853851, insize: 80
[i] read_yfs_client
[i] read_read content:  size: 32768
   unique: 8, error: 0 (Success), outsize: 32784
unique: 9, opcode: READ (15), nodeid: 4224853851, insize: 80
[i] read_yfs_client
[i] read_read content:  size: 16401
   unique: 9, error: 0 (Success), outsize: 16417
unique: 10, opcode: GETATTR (3), nodeid: 4224853851, insize: 56
get_attr start
getattr 00000000fbd2275b 1
getfile 00000000fbd2275b
getfile 00000000fbd2275b -> sz 65553
   getattr -> 65553
   unique: 10, error: 0 (Success), outsize: 112
unique: 11, opcode: GETATTR (3), nodeid: 4224853851, insize: 56
get_attr start
getattr 00000000fbd2275b 1
getfile 00000000fbd2275b
getfile 00000000fbd2275b -> sz 65553
   getattr -> 65553
   unique: 11, error: 0 (Success), outsize: 112
unique: 12, opcode: FLUSH (25), nodeid: 4224853851, insize: 64
   unique: 12, error: -38 (Function not implemented), outsize: 16
unique: 13, opcode: RELEASE (18), nodeid: 4224853851, insize: 64
   unique: 13, error: 0 (Success), outsize: 16
unique: 14, opcode: LOOKUP (1), nodeid: 1, insize: 47
[LOOK UP] under dir 0000000000000001
[i] look up b17297
[i] readdir_yfs_client
[i] 0000000000000001
have found b17297 00000000f0604549
getattr 00000000f0604549 1
getfile 00000000f0604549
getfile 00000000f0604549 -> sz 4111
   getattr -> 4111
   unique: 14, error: 0 (Success), outsize: 136
unique: 15, opcode: OPEN (14), nodeid: 4032841033, insize: 48
Open_fuse
   unique: 15, error: 0 (Success), outsize: 32
unique: 16, opcode: ??? (39), nodeid: 4032841033, insize: 72
   unique: 16, error: -38 (Function not implemented), outsize: 16
unique: 17, opcode: GETATTR (3), nodeid: 4032841033, insize: 56
get_attr start
getattr 00000000f0604549 1
getfile 00000000f0604549
getfile 00000000f0604549 -> sz 4111
   getattr -> 4111
   unique: 17, error: 0 (Success), outsize: 112
unique: 18, opcode: READ (15), nodeid: 4032841033, insize: 80
[i] read_yfs_client
[i] read_read content: 0.5099304443817410.4387106468758330.3390523008247010.1326114476098250.7760283121588460.9569970720330050.162543122411460.9741322699352180.8656341162301150.01956817406870930.9736348019461010.3182661579687580.2149659685641760.7705358615513940.6212248251786820.7356014363696270.267346525389730.2458380245458760.06933968564251460.1109895785541750.03185242749154680.7225623893950230.6334401484789220.06622757489245860.56926426819830.001442137517599920.9413828130186030.3792414039483490.905802747707870.2085411352834110.9133182647232270.63733302474720.1316254724445860.7199727023491820.5974582372178610.8685573668929790.608985646472920.6468126488171040.2235351048030160.6845757331009070.04920149110352060.7484013997127620.1056020075245630.1741769078620270.3011614312200130.7188329610701490.756401287100470.9334811490127850.6881277150288450.0770768278587610.6858079952552560.8716841884455770.6233580003895190.7149742525912760.2179043387962840.8457224465653680.5959233581188990.8640191472100720.350255360580430.4497359348728690.8415699231808310.4417278422668860.2232562348654130.002585844736422870.5731828809711780.5574975389821330.3984525919169890.6664886605026010.3431234204884140.2877521239989850.5470675926514270.8102218540896970.3253045315412810.5781026360320.7112983620321490.9601268786086550.2463578817875640.4690596406511820.3620901724101020.6106973428626430.6487542938218840.4600026466395520.5820047574993870.5839329792893510.7485323652354940.177739047215880.8475396467128850.7135273775292390.5487463480573530.07079845442395080.7720237506470620.2076285068283640.1073733407533870.3439592776557840.4513309141008330.824279855416030.03385395850962780.03036954009847650.586563095640340.8292556363354250.8284377483550180.9876047923728490.6501285448796740.8400100094495220.5879475172910030.7313291332668680.0269731428370470.9756567109949330.7134732564875930.6837423457577930.2669352594466080.005695927613039940.4809892852794240.4271835649642950.4962313780580660.33464876375060.9142154176504140.4952212757733040.2780116520394640.9815102921911960.1475971836319340.6990173541460790.1089468059129180.158279009754260.03156923105700930.8360608800240640.5692406852988480.4576776063800660.8359228019118810.2375021238272980.3887516088211350.004086358406958370.6018804346063330.1208800052667130.286620793533910.5718302383412280.6092716013455290.2842540050763920.02364282587006630.6400830563204560.02000966092868240.7284755398128770.2663917450823410.5331906752777580.5690261042236850.2650407495658980.3937821081497330.2292096350272670.06318040477194490.7617580607783910.5273677266552390.5385714426103410.8598156729639650.1170663338834430.7864569197053550.2303053997673530.7000795614937980.3216044506318380.9613724250574580.2770982058315850.616509294849340.5635374013061070.5693518657481850.8051757581796080.7964471089254950.5287888599955290.1672411941740780.06372563511670390.517490600958570.1209424492412980.1059741422652640.9051267502262520.6613993173728580.3260049561520470.8396757076136050.9160296752686530.01980716030415760.9379512330372530.8660224136687270.6253762031782560.11798768502010.1710939592094860.2463068098985380.6944239260758780.6691689026934460.6595684193662950.008683737625286620.8620399979899320.9270036085021080.0929445303785030.1046415915939280.7628619006607740.1014033363284920.386152084883960.6982884687065190.7839309958908060.9447966109108030.2231321393143160.6051410262645440.4952509918970020.4818580386603240.4541342183671450.549448385000570.1401972365229010.3538817620012120.8392170999767640.4174948196512780.3522180394737760.1653737115132290.2037569470343640.8927485943259190.9648650814515560.6693697378628690.159722026961560.2642304339574190.183530452685240.301833903994680.1188647702512780.002259089187813150.8106420393779030.9947607798221760.6161610267558610.04911356263540870.8733909065230780.9609303192065290.7247696463245890.03257713211800350.2468730718811330.1774016248413410.09409450087127880.5873676435647150.4389876911504660.1046654332731020.4124323405874430.175806965538410.9903332410186680.09691229217952820.6830350003074560.700560311011440.2170968573354980.3972469677018080.9206800054794 size: 4111
   unique: 18, error: 0 (Success), outsize: 4127
unique: 19, opcode: GETATTR (3), nodeid: 4032841033, insize: 56
get_attr start
getattr 00000000f0604549 1
getfile 00000000f0604549
getfile 00000000f0604549 -> sz 4111
   getattr -> 4111
   unique: 19, error: 0 (Success), outsize: 112
unique: 20, opcode: GETATTR (3), nodeid: 4032841033, insize: 56
get_attr start
getattr 00000000f0604549 1
getfile 00000000f0604549
getfile 00000000f0604549 -> sz 4111
   getattr -> 4111
   unique: 20, error: 0 (Success), outsize: 112
unique: 21, opcode: RELEASE (18), nodeid: 4032841033, insize: 64
   unique: 21, error: 0 (Success), outsize: 16
unique: 22, opcode: OPENDIR (27), nodeid: 1, insize: 48
   unique: 22, error: 0 (Success), outsize: 32
unique: 23, opcode: READDIR (28), nodeid: 1, insize: 80
fuseserver_readdir
[i] readdir_yfs_client
[i] 0000000000000001
   unique: 23, error: 0 (Success), outsize: 4112
unique: 24, opcode: READDIR (28), nodeid: 1, insize: 80
fuseserver_readdir
[i] readdir_yfs_client
[i] 0000000000000001
   unique: 24, error: 0 (Success), outsize: 4112
unique: 25, opcode: READDIR (28), nodeid: 1, insize: 80
fuseserver_readdir
[i] readdir_yfs_client
[i] 0000000000000001
   unique: 25, error: 0 (Success), outsize: 4112
unique: 26, opcode: READDIR (28), nodeid: 1, insize: 80
fuseserver_readdir
[i] readdir_yfs_client
[i] 0000000000000001
   unique: 26, error: 0 (Success), outsize: 4112
unique: 27, opcode: READDIR (28), nodeid: 1, insize: 80
fuseserver_readdir
[i] readdir_yfs_client
[i] 0000000000000001
   unique: 27, error: 0 (Success), outsize: 4112
unique: 28, opcode: READDIR (28), nodeid: 1, insize: 80
fuseserver_readdir
[i] readdir_yfs_client
[i] 0000000000000001
   unique: 28, error: 0 (Success), outsize: 320
unique: 29, opcode: READDIR (28), nodeid: 1, insize: 80
fuseserver_readdir
[i] readdir_yfs_client
[i] 0000000000000001
   unique: 29, error: 0 (Success), outsize: 16
unique: 30, opcode: RELEASEDIR (29), nodeid: 1, insize: 64
   unique: 30, error: 0 (Success), outsize: 16
unique: 31, opcode: GETATTR (3), nodeid: 1, insize: 56
get_attr start
getattr 0000000000000001 0
getdir 0000000000000001
   getattr -> 1351424625 1351424591 1351424591
   unique: 31, error: 0 (Success), outsize: 112
