unique: 1, opcode: INIT (26), nodeid: 0, insize: 56
INIT: 7.13
flags=0x0000007b
max_readahead=0x00020000
   INIT: 7.8
   flags=0x00000000
   max_readahead=0x00020000
   max_write=0x00020000
   unique: 1, error: 0 (Success), outsize: 40
unique: 2, opcode: GETATTR (3), nodeid: 1, insize: 56
get_attr start
getattr 0000000000000001 0
getdir 0000000000000001
   getattr -> 1351405694 1351405696 1351405694
   unique: 2, error: 0 (Success), outsize: 112
unique: 3, opcode: GETATTR (3), nodeid: 1, insize: 56
get_attr start
getattr 0000000000000001 0
getdir 0000000000000001
   getattr -> 1351405694 1351405696 1351405694
   unique: 3, error: 0 (Success), outsize: 112
unique: 4, opcode: GETATTR (3), nodeid: 1, insize: 56
get_attr start
getattr 0000000000000001 0
getdir 0000000000000001
   getattr -> 1351405694 1351405696 1351405694
   unique: 4, error: 0 (Success), outsize: 112
unique: 5, opcode: GETATTR (3), nodeid: 1, insize: 56
get_attr start
getattr 0000000000000001 0
getdir 0000000000000001
   getattr -> 1351405694 1351405696 1351405694
   unique: 5, error: 0 (Success), outsize: 112
unique: 6, opcode: ACCESS (34), nodeid: 1, insize: 48
   unique: 6, error: -38 (Function not implemented), outsize: 16
unique: 7, opcode: OPENDIR (27), nodeid: 1, insize: 48
   unique: 7, error: 0 (Success), outsize: 32
unique: 8, opcode: READDIR (28), nodeid: 1, insize: 80
fuseserver_readdir
[i] readdir_yfs_client
[i] 0000000000000001
   unique: 8, error: 0 (Success), outsize: 16
unique: 9, opcode: RELEASEDIR (29), nodeid: 1, insize: 64
   unique: 9, error: 0 (Success), outsize: 16
unique: 10, opcode: LOOKUP (1), nodeid: 1, insize: 42
[i] lookup_yfs_client B
[LOOK UP] 0000000000000001
[i] a
have not found a
getattr b75ef3a000000003 0
getdir b75ef3a000000003
   unique: 10, error: -2 (No such file or directory), outsize: 16
unique: 11, opcode: MKDIR (9), nodeid: 1, insize: 50
[i] create_yfs_client
[i] lookup_yfs_client B
[LOOK UP] 0000000000000001
[i] a
have not found a
getattr 000000002610f345 0
getdir 000000002610f345
   getattr -> 1351405705 1351405705 1351405705
mkdir  000000002610f345 0
   unique: 11, error: 0 (Success), outsize: 136
unique: 12, opcode: OPENDIR (27), nodeid: 1, insize: 48
   unique: 12, error: 0 (Success), outsize: 32
unique: 13, opcode: READDIR (28), nodeid: 1, insize: 80
fuseserver_readdir
[i] readdir_yfs_client
[i] 0000000000000001
   unique: 13, error: 0 (Success), outsize: 48
unique: 14, opcode: READDIR (28), nodeid: 1, insize: 80
fuseserver_readdir
[i] readdir_yfs_client
[i] 0000000000000001
   unique: 14, error: 0 (Success), outsize: 16
unique: 15, opcode: RELEASEDIR (29), nodeid: 1, insize: 64
   unique: 15, error: 0 (Success), outsize: 16
unique: 16, opcode: OPENDIR (27), nodeid: 1, insize: 48
   unique: 16, error: 0 (Success), outsize: 32
unique: 17, opcode: READDIR (28), nodeid: 1, insize: 80
fuseserver_readdir
[i] readdir_yfs_client
[i] 0000000000000001
   unique: 17, error: 0 (Success), outsize: 48
unique: 18, opcode: READDIR (28), nodeid: 1, insize: 80
fuseserver_readdir
[i] readdir_yfs_client
[i] 0000000000000001
   unique: 18, error: 0 (Success), outsize: 16
unique: 19, opcode: RELEASEDIR (29), nodeid: 1, insize: 64
   unique: 19, error: 0 (Success), outsize: 16
unique: 20, opcode: LOOKUP (1), nodeid: 1, insize: 42
[i] lookup_yfs_client B
[LOOK UP] 0000000000000001
[i] a
have found a
have found 638645061:a
 off 10
terminate called after throwing an instance of 'std::out_of_range'
  what():  basic_string::substr
