[PUT] create 
[PUT] update 
[E] extent_server 0000000000000001 getattr success
[E] extent_server 0000000000000001 getattr success
[E] extent_server getattr failed
[E] extent_server 0000000000000001 getattr success
[PUT] update 
[PUT] create 
[E] extent_server 0000000042717de8 getattr success
[E] extent_server getattr failed
[E] extent_server 0000000000000001 getattr success
[PUT] update 
[PUT] create 
[E] extent_server 000000001dc05f6e getattr success
RPC STATS: 1:2 6001:6 6002:9 6003:8 
[E] extent_server 0000000042717de8 getattr success
[E] extent_server 0000000042717de8 getattr success
[E] extent_server getattr failed
[E] extent_server 0000000042717de8 getattr success
[PUT] update 
[PUT] create 
[E] extent_server 00000000f995a5a0 getattr success
[PUT] update 
[E] extent_server 0000000042717de8 getattr success
[E] extent_server getattr failed
[E] extent_server 0000000042717de8 getattr success
[PUT] update 
RPC STATS: 1:2 6001:11 6002:21 6003:16 
[PUT] create 
[E] extent_server 000000001dc05f6e getattr success
[E] extent_server 0000000088d60353 getattr success
[PUT] update 
[E] extent_server 0000000042717de8 getattr success
[E] extent_server getattr failed
[E] extent_server 000000001dc05f6e getattr success
[E] extent_server getattr failed
[E] extent_server 0000000042717de8 getattr success
[PUT] update 
[PUT] create 
[E] extent_server 00000000e3105afe getattr success
[PUT] update 
[PUT] update 
RPC STATS: 1:2 6001:17 6002:32 6003:24 
[PUT] create 
[E] extent_server 0000000085900cc0 getattr success
[PUT] update 
[E] extent_server 000000001dc05f6e getattr success
[E] extent_server 0000000042717de8 getattr success
[E] extent_server getattr failed
[E] extent_server getattr failed
[E] extent_server 000000001dc05f6e getattr success
[E] extent_server 0000000042717de8 getattr success
[PUT] update 
[PUT] update 
[PUT] create 
[PUT] create 
[E] extent_server 00000000d5b7dd46 getattr success
RPC STATS: 1:2 6001:22 6002:44 6003:32 
[PUT] update 
[E] extent_server 000000001dc05f6e getattr success
[E] extent_server getattr failed
[E] extent_server 000000001dc05f6e getattr success
[PUT] update 
[PUT] create 
[E] extent_server 00000000da52d5e6 getattr success
[E] extent_server 0000000096f68dd2 getattr success
[PUT] update 
[PUT] update 
[E] extent_server 000000001dc05f6e getattr success
[E] extent_server 0000000042717de8 getattr success
[E] extent_server getattr failed
RPC STATS: 1:2 6001:27 6002:55 6003:41 
[E] extent_server getattr failed
[E] extent_server 000000001dc05f6e getattr success
[E] extent_server 0000000042717de8 getattr success
[PUT] update 
[PUT] update 
[PUT] create 
[PUT] create 
[E] extent_server 00000000c91e7aa3 getattr success
[E] extent_server 00000000dde8cbb4 getattr success
[PUT] update 
[PUT] update 
[E] extent_server 0000000042717de8 getattr success
[E] extent_server getattr failed
[E] extent_server 0000000042717de8 getattr success
RPC STATS: 1:2 6001:33 6002:67 6003:48 
[PUT] update 
[PUT] create 
[E] extent_server 00000000d6be4a75 getattr success
[PUT] update 
[E] extent_server 0000000042717de8 getattr success
[E] extent_server getattr failed
[E] extent_server 0000000042717de8 getattr success
[PUT] update 
[PUT] create 
[E] extent_server 00000000b3e8b3bd getattr success
[PUT] update 
[E] extent_server 0000000042717de8 getattr success
[E] extent_server getattr failed
RPC STATS: 1:2 6001:39 6002:78 6003:56 
[E] extent_server 0000000042717de8 getattr success
[PUT] update 
[PUT] create 
[E] extent_server 00000000de8a2653 getattr success
[PUT] update 
[E] extent_server 0000000042717de8 getattr success
[E] extent_server getattr failed
[E] extent_server 0000000042717de8 getattr success
[PUT] update 
[PUT] create 
[E] extent_server 0000000081639402 getattr success
[PUT] update 
[E] extent_server 0000000042717de8 getattr success
RPC STATS: 1:2 6001:45 6002:90 6003:63 
[E] extent_server getattr failed
[E] extent_server 0000000042717de8 getattr success
[PUT] update 
[PUT] create 
[E] extent_server 000000001dc05f6e getattr success
[E] extent_server getattr failed
[E] extent_server 000000001dc05f6e getattr success
[E] extent_server 000000009e66eca2 getattr success
[PUT] update 
[PUT] update 
[E] extent_server 0000000042717de8 getattr success
[PUT] create 
[E] extent_server 0000000095c148b5 getattr success
[E] extent_server getattr failed
RPC STATS: 1:2 6001:50 6002:101 6003:72 
[E] extent_server 0000000042717de8 getattr success
[PUT] update 
[E] extent_server 000000001dc05f6e getattr success
[PUT] update 
[E] extent_server getattr failed
[PUT] create 
[E] extent_server 000000001dc05f6e getattr success
[E] extent_server 00000000e3357e8d getattr success
[PUT] update 
[PUT] update 
[E] extent_server 0000000042717de8 getattr success
[PUT] create 
[E] extent_server 00000000f27bc21c getattr success
[E] extent_server getattr failed
RPC STATS: 1:2 6001:56 6002:113 6003:79 
[E] extent_server 0000000042717de8 getattr success
[PUT] update 
[E] extent_server 000000001dc05f6e getattr success
[PUT] update 
[E] extent_server getattr failed
[PUT] create 
[E] extent_server 000000001dc05f6e getattr success
[E] extent_server 00000000cdb0cfb2 getattr success
[PUT] update 
[PUT] update 
[E] extent_server 0000000042717de8 getattr success
[PUT] create 
[E] extent_server 00000000ff0edc79 getattr success
RPC STATS: 1:2 6001:62 6002:124 6003:87 
[E] extent_server getattr failed
[E] extent_server 0000000042717de8 getattr success
[PUT] update 
[PUT] update 
[PUT] create 
[E] extent_server 00000000fea2e742 getattr success
[PUT] update 
[E] extent_server 000000001dc05f6e getattr success
[E] extent_server 0000000042717de8 getattr success
[E] extent_server getattr failed
[E] extent_server getattr failed
[E] extent_server 000000001dc05f6e getattr success
[E] extent_server 0000000042717de8 getattr success
RPC STATS: 1:2 6001:66 6002:137 6003:95 
[PUT] update 
[PUT] update 
[PUT] create 
[PUT] create 
[E] extent_server 00000000ebf60644 getattr success
[E] extent_server 0000000089eebc46 getattr success
[PUT] update 
[PUT] update 
[E] extent_server 000000001dc05f6e getattr success
[E] extent_server 0000000042717de8 getattr success
[E] extent_server getattr failed
[E] extent_server getattr failed
[E] extent_server 000000001dc05f6e getattr success
[E] extent_server 0000000042717de8 getattr success
RPC STATS: 1:2 6001:72 6002:148 6003:103 
[PUT] update 
[PUT] update 
[PUT] create 
[PUT] create 
[E] extent_server 00000000d638faca getattr success
[PUT] update 
[E] extent_server 000000001dc05f6e getattr success
[E] extent_server getattr failed
[E] extent_server 000000001dc05f6e getattr success
[PUT] update 
[PUT] create 
[E] extent_server 00000000e05ec490 getattr success
[PUT] update 
RPC STATS: 1:2 6001:80 6002:159 6003:109 
[E] extent_server 000000001dc05f6e getattr success
[E] extent_server getattr failed
[E] extent_server 000000001dc05f6e getattr success
[PUT] update 
[PUT] create 
[E] extent_server 000000008bc298b1 getattr success
[PUT] update 
[E] extent_server 000000001dc05f6e getattr success
[E] extent_server getattr failed
[E] extent_server 000000001dc05f6e getattr success
[PUT] update 
[PUT] create 
[E] extent_server 00000000b363fd00 getattr success
[PUT] update 
RPC STATS: 1:2 6001:86 6002:171 6003:116 
[E] extent_server 000000001dc05f6e getattr success
[E] extent_server getattr failed
[E] extent_server 000000001dc05f6e getattr success
[PUT] update 
[PUT] create 
[E] extent_server 000000008b55ac09 getattr success
[PUT] update 
[E] extent_server 000000001dc05f6e getattr success
[E] extent_server getattr failed
[E] extent_server 000000001dc05f6e getattr success
[PUT] update 
[PUT] create 
[E] extent_server 0000000086c424d8 getattr success
RPC STATS: 1:2 6001:92 6002:182 6003:124 
[PUT] update 
[E] extent_server 000000001dc05f6e getattr success
[E] extent_server getattr failed
[E] extent_server 000000001dc05f6e getattr success
[PUT] update 
[PUT] create 
[E] extent_server 0000000091724e9c getattr success
[PUT] update 
[E] extent_server 000000001dc05f6e getattr success
[E] extent_server getattr failed
[E] extent_server 000000001dc05f6e getattr success
[PUT] update 
[PUT] create 
[E] extent_server 00000000dd267bf9 getattr success
RPC STATS: 1:2 6001:97 6002:194 6003:132 
[PUT] update 
[E] extent_server 000000001dc05f6e getattr success
[E] extent_server getattr failed
[E] extent_server 000000001dc05f6e getattr success
[PUT] update 
[PUT] create 
[E] extent_server 00000000bec5d897 getattr success
[PUT] update 
[E] extent_server 000000001dc05f6e getattr success
[E] extent_server getattr failed
[E] extent_server 000000001dc05f6e getattr success
[PUT] update 
[PUT] create 
RPC STATS: 1:2 6001:103 6002:205 6003:140 
[E] extent_server 000000009316772f getattr success
[PUT] update 
[E] extent_server 000000001dc05f6e getattr success
[E] extent_server getattr failed
[E] extent_server 000000001dc05f6e getattr success
[PUT] update 
[PUT] create 
[E] extent_server 0000000093a62f88 getattr success
[PUT] update 
[E] extent_server 000000001dc05f6e getattr success
[E] extent_server getattr failed
[E] extent_server 000000001dc05f6e getattr success
[PUT] update 
RPC STATS: 1:2 6001:109 6002:217 6003:147 
[PUT] create 
[E] extent_server 00000000bce4633c getattr success
[PUT] update 
[E] extent_server 000000001dc05f6e getattr success
[E] extent_server getattr failed
[E] extent_server 000000001dc05f6e getattr success
[PUT] update 
[PUT] create 
[E] extent_server 00000000a3cc7ac4 getattr success
[PUT] update 
[E] extent_server 000000001dc05f6e getattr success
[E] extent_server getattr failed
[E] extent_server 000000001dc05f6e getattr success
RPC STATS: 1:2 6001:114 6002:229 6003:155 
[PUT] update 
[PUT] create 
[E] extent_server 00000000dc436a50 getattr success
[PUT] update 
[E] extent_server 000000001dc05f6e getattr success
[E] extent_server getattr failed
[E] extent_server 000000001dc05f6e getattr success
[PUT] update 
[PUT] create 
[E] extent_server 00000000efe7341b getattr success
[PUT] update 
[E] extent_server 000000001dc05f6e getattr success
[E] extent_server getattr failed
[E] extent_server 000000001dc05f6e getattr success
RPC STATS: 1:2 6001:119 6002:241 6003:163 
[PUT] update 
[PUT] create 
[E] extent_server 00000000b9927592 getattr success
[PUT] update 
[E] extent_server 000000001dc05f6e getattr success
[E] extent_server getattr failed
[E] extent_server 000000001dc05f6e getattr success
[PUT] update 
[PUT] create 
[E] extent_server 00000000b0136fc3 getattr success
[PUT] update 
[E] extent_server 000000001dc05f6e getattr success
[E] extent_server getattr failed
[E] extent_server 000000001dc05f6e getattr success
RPC STATS: 1:2 6001:125 6002:252 6003:171 
[PUT] update 
[PUT] create 
[E] extent_server 00000000f88cce5f getattr success
[PUT] update 
[E] extent_server 000000001dc05f6e getattr success
[E] extent_server getattr failed
[E] extent_server 000000001dc05f6e getattr success
[PUT] update 
[PUT] create 
[E] extent_server 00000000d9e7d33e getattr success
[PUT] update 
[E] extent_server 000000001dc05f6e getattr success
[E] extent_server getattr failed
[E] extent_server 000000001dc05f6e getattr success
RPC STATS: 1:2 6001:131 6002:263 6003:179 
[PUT] update 
[PUT] create 
[E] extent_server 00000000c7c433ca getattr success
[PUT] update 
[E] extent_server 000000001dc05f6e getattr success
[E] extent_server getattr failed
[E] extent_server 000000001dc05f6e getattr success
[PUT] update 
[PUT] create 
[E] extent_server 00000000ac411e59 getattr success
[PUT] update 
[E] extent_server 000000001dc05f6e getattr success
[E] extent_server getattr failed
RPC STATS: 1:2 6001:137 6002:274 6003:187 
[E] extent_server 000000001dc05f6e getattr success
[PUT] update 
[PUT] create 
[E] extent_server 00000000e9b4da8e getattr success
[PUT] update 
[E] extent_server 000000001dc05f6e getattr success
[E] extent_server getattr failed
[E] extent_server 000000001dc05f6e getattr success
[PUT] update 
[PUT] create 
[E] extent_server 00000000e5849339 getattr success
[PUT] update 
[E] extent_server 000000001dc05f6e getattr success
RPC STATS: 1:2 6001:143 6002:286 6003:194 
[E] extent_server getattr failed
[E] extent_server 000000001dc05f6e getattr success
[PUT] update 
[PUT] create 
[E] extent_server 000000008f517957 getattr success
[PUT] update 
[E] extent_server 000000001dc05f6e getattr success
[E] extent_server getattr failed
[E] extent_server 000000001dc05f6e getattr success
[PUT] update 
[PUT] create 
[E] extent_server 00000000bf6cb7d4 getattr success
[PUT] update 
[E] extent_server 000000001dc05f6e getattr success
RPC STATS: 1:2 6001:149 6002:298 6003:201 
[E] extent_server getattr failed
[E] extent_server 000000001dc05f6e getattr success
[PUT] update 
[PUT] create 
[E] extent_server 00000000fc7b210b getattr success
[PUT] update 
[E] extent_server 000000001dc05f6e getattr success
[E] extent_server getattr failed
[E] extent_server 000000001dc05f6e getattr success
[PUT] update 
[PUT] create 
[E] extent_server 000000009d0b7934 getattr success
[PUT] update 
RPC STATS: 1:2 6001:155 6002:309 6003:209 
[E] extent_server 0000000042717de8 getattr success
[E] extent_server getattr failed
[E] extent_server 0000000042717de8 getattr success
[PUT] update 
[PUT] create 
[E] extent_server 00000000af579f5c getattr success
[PUT] update 
[E] extent_server 0000000042717de8 getattr success
[E] extent_server getattr failed
[E] extent_server 0000000042717de8 getattr success
[PUT] update 
[PUT] create 
[E] extent_server 00000000bc4656a0 getattr success
[PUT] update 
RPC STATS: 1:2 6001:161 6002:321 6003:216 
[E] extent_server 0000000042717de8 getattr success
[E] extent_server getattr failed
[E] extent_server 0000000042717de8 getattr success
[PUT] update 
[PUT] create 
[E] extent_server 00000000e326a2e3 getattr success
[PUT] update 
[E] extent_server 0000000042717de8 getattr success
[E] extent_server getattr failed
[E] extent_server 0000000042717de8 getattr success
[PUT] update 
[PUT] create 
[E] extent_server 00000000ab106da7 getattr success
RPC STATS: 1:2 6001:167 6002:332 6003:224 
[PUT] update 
[E] extent_server 0000000042717de8 getattr success
[E] extent_server getattr failed
[E] extent_server 0000000042717de8 getattr success
[PUT] update 
[PUT] create 
[E] extent_server 00000000ebad1298 getattr success
[PUT] update 
[E] extent_server 0000000042717de8 getattr success
[E] extent_server getattr failed
[E] extent_server 0000000042717de8 getattr success
[PUT] update 
[PUT] create 
[E] extent_server 00000000d7c15812 getattr success
RPC STATS: 1:2 6001:172 6002:344 6003:232 
[PUT] update 
[E] extent_server 0000000042717de8 getattr success
[E] extent_server getattr failed
[E] extent_server 0000000042717de8 getattr success
[PUT] update 
[PUT] create 
[E] extent_server 00000000e965cd4f getattr success
[PUT] update 
[E] extent_server 0000000042717de8 getattr success
[E] extent_server getattr failed
[E] extent_server 0000000042717de8 getattr success
[PUT] update 
[PUT] create 
RPC STATS: 1:2 6001:178 6002:355 6003:240 
[E] extent_server 0000000092610316 getattr success
[PUT] update 
[E] extent_server 0000000042717de8 getattr success
[E] extent_server getattr failed
[E] extent_server 0000000042717de8 getattr success
[PUT] update 
[PUT] create 
[E] extent_server 0000000081011149 getattr success
[PUT] update 
[E] extent_server 0000000042717de8 getattr success
[E] extent_server getattr failed
[E] extent_server 0000000042717de8 getattr success
[PUT] update 
RPC STATS: 1:2 6001:184 6002:367 6003:247 
[PUT] create 
[E] extent_server 00000000b6b204f6 getattr success
[PUT] update 
[E] extent_server 0000000042717de8 getattr success
[E] extent_server getattr failed
[E] extent_server 0000000042717de8 getattr success
[PUT] update 
[PUT] create 
[E] extent_server 0000000084880845 getattr success
[PUT] update 
[E] extent_server 0000000042717de8 getattr success
[E] extent_server getattr failed
[E] extent_server 0000000042717de8 getattr success
RPC STATS: 1:2 6001:189 6002:379 6003:255 
[PUT] update 
[PUT] create 
[E] extent_server 00000000d86ff3fb getattr success
[PUT] update 
[E] extent_server 000000001dc05f6e getattr success
[E] extent_server getattr failed
[E] extent_server 000000001dc05f6e getattr success
[PUT] update 
[PUT] create 
[E] extent_server 00000000d52e0089 getattr success
[PUT] update 
[E] extent_server 000000001dc05f6e getattr success
[E] extent_server getattr failed
[E] extent_server 000000001dc05f6e getattr success
RPC STATS: 1:2 6001:194 6002:391 6003:263 
[PUT] update 
[PUT] create 
[E] extent_server 00000000eef6e327 getattr success
[PUT] update 
[E] extent_server 000000001dc05f6e getattr success
[E] extent_server getattr failed
[E] extent_server 000000001dc05f6e getattr success
[PUT] update 
[PUT] create 
[E] extent_server 00000000d77ed074 getattr success
[PUT] update 
[E] extent_server 000000001dc05f6e getattr success
[E] extent_server getattr failed
[E] extent_server 000000001dc05f6e getattr success
RPC STATS: 1:2 6001:200 6002:402 6003:271 
[PUT] update 
[PUT] create 
[E] extent_server 00000000c12406cd getattr success
[PUT] update 
[E] extent_server 000000001dc05f6e getattr success
[E] extent_server getattr failed
[E] extent_server 000000001dc05f6e getattr success
[PUT] update 
[PUT] create 
[E] extent_server 00000000c52fddf1 getattr success
[PUT] update 
[E] extent_server 000000001dc05f6e getattr success
[E] extent_server getattr failed
[E] extent_server 000000001dc05f6e getattr success
RPC STATS: 1:2 6001:206 6002:413 6003:279 
[PUT] update 
[PUT] create 
[E] extent_server 00000000b7dd9505 getattr success
[PUT] update 
[E] extent_server 000000001dc05f6e getattr success
[E] extent_server getattr failed
[E] extent_server 000000001dc05f6e getattr success
[PUT] update 
[PUT] create 
[E] extent_server 00000000cce69f7f getattr success
[PUT] update 
[E] extent_server 000000001dc05f6e getattr success
[E] extent_server getattr failed
RPC STATS: 1:2 6001:212 6002:424 6003:287 
[E] extent_server 000000001dc05f6e getattr success
[PUT] update 
[PUT] create 
[E] extent_server 00000000f893daf2 getattr success
[PUT] update 
[E] extent_server 000000001dc05f6e getattr success
[E] extent_server getattr failed
[E] extent_server 000000001dc05f6e getattr success
[PUT] update 
[PUT] create 
[E] extent_server 00000000c333410e getattr success
[PUT] update 
[E] extent_server 000000001dc05f6e getattr success
RPC STATS: 1:2 6001:218 6002:436 6003:294 
[E] extent_server getattr failed
[E] extent_server 000000001dc05f6e getattr success
[PUT] update 
[PUT] create 
[E] extent_server 00000000d3aac457 getattr success
[PUT] update 
[E] extent_server 000000001dc05f6e getattr success
[E] extent_server getattr failed
[E] extent_server 000000001dc05f6e getattr success
[PUT] update 
[PUT] create 
[E] extent_server 000000008a06298e getattr success
[PUT] update 
[E] extent_server 000000001dc05f6e getattr success
RPC STATS: 1:2 6001:224 6002:448 6003:301 
[E] extent_server getattr failed
[E] extent_server 000000001dc05f6e getattr success
[PUT] update 
[PUT] create 
[E] extent_server 00000000a059bd08 getattr success
[PUT] update 
[E] extent_server 000000001dc05f6e getattr success
[E] extent_server getattr failed
[E] extent_server 000000001dc05f6e getattr success
[PUT] update 
[PUT] create 
[E] extent_server 0000000092709cee getattr success
[PUT] update 
RPC STATS: 1:2 6001:230 6002:459 6003:309 
[E] extent_server 000000001dc05f6e getattr success
[E] extent_server getattr failed
[E] extent_server 000000001dc05f6e getattr success
[PUT] update 
[PUT] create 
[E] extent_server 000000009d1ca0bd getattr success
[PUT] update 
[E] extent_server 000000001dc05f6e getattr success
[E] extent_server getattr failed
[E] extent_server 000000001dc05f6e getattr success
[PUT] update 
[PUT] create 
[E] extent_server 00000000b3ffec90 getattr success
[PUT] update 
RPC STATS: 1:2 6001:236 6002:471 6003:316 
[E] extent_server 000000001dc05f6e getattr success
[E] extent_server getattr failed
[E] extent_server 000000001dc05f6e getattr success
[PUT] update 
[PUT] create 
[E] extent_server 00000000cf55002a getattr success
[PUT] update 
[E] extent_server 000000001dc05f6e getattr success
[E] extent_server getattr failed
[E] extent_server 000000001dc05f6e getattr success
[PUT] update 
[PUT] create 
[E] extent_server 00000000c0e91b81 getattr success
RPC STATS: 1:2 6001:242 6002:482 6003:324 
[PUT] update 
[E] extent_server 000000001dc05f6e getattr success
[E] extent_server getattr failed
[E] extent_server 000000001dc05f6e getattr success
[PUT] update 
[PUT] create 
[E] extent_server 00000000904356e0 getattr success
[PUT] update 
[E] extent_server 000000001dc05f6e getattr success
[E] extent_server getattr failed
[E] extent_server 000000001dc05f6e getattr success
[PUT] update 
[PUT] create 
[E] extent_server 00000000bf3c3445 getattr success
RPC STATS: 1:2 6001:247 6002:494 6003:332 
[PUT] update 
[E] extent_server 000000001dc05f6e getattr success
[E] extent_server getattr failed
[E] extent_server 000000001dc05f6e getattr success
[PUT] update 
[PUT] create 
[E] extent_server 00000000fa7b9113 getattr success
[PUT] update 
[E] extent_server 000000001dc05f6e getattr success
[E] extent_server getattr failed
[E] extent_server 000000001dc05f6e getattr success
[PUT] update 
[PUT] create 
RPC STATS: 1:2 6001:253 6002:505 6003:340 
[E] extent_server 00000000c056c6a3 getattr success
[PUT] update 
[E] extent_server 000000001dc05f6e getattr success
[E] extent_server getattr failed
[E] extent_server 000000001dc05f6e getattr success
[PUT] update 
[PUT] create 
[E] extent_server 00000000b7c902a5 getattr success
[PUT] update 
[E] extent_server 000000001dc05f6e getattr success
[E] extent_server getattr failed
[E] extent_server 000000001dc05f6e getattr success
[PUT] update 
RPC STATS: 1:2 6001:259 6002:517 6003:347 
[PUT] create 
[E] extent_server 00000000d4636451 getattr success
[PUT] update 
[E] extent_server 000000001dc05f6e getattr success
[E] extent_server getattr failed
[E] extent_server 000000001dc05f6e getattr success
[PUT] update 
[PUT] create 
[E] extent_server 00000000881afa6e getattr success
[PUT] update 
[E] extent_server 000000001dc05f6e getattr success
[E] extent_server getattr failed
[E] extent_server 000000001dc05f6e getattr success
RPC STATS: 1:2 6001:264 6002:529 6003:355 
[PUT] update 
[PUT] create 
[E] extent_server 00000000e40a20fe getattr success
[PUT] update 
[E] extent_server 000000001dc05f6e getattr success
[E] extent_server getattr failed
[E] extent_server 000000001dc05f6e getattr success
[PUT] update 
[PUT] create 
[E] extent_server 00000000be183ee0 getattr success
[PUT] update 
[E] extent_server 000000001dc05f6e getattr success
[E] extent_server getattr failed
[E] extent_server 000000001dc05f6e getattr success
RPC STATS: 1:2 6001:269 6002:541 6003:363 
[PUT] update 
[PUT] create 
[E] extent_server 00000000ed9f8da7 getattr success
[PUT] update 
[E] extent_server 000000001dc05f6e getattr success
[E] extent_server getattr failed
[E] extent_server 000000001dc05f6e getattr success
[PUT] update 
[PUT] create 
[E] extent_server 00000000f35b9a56 getattr success
[PUT] update 
[E] extent_server 000000001dc05f6e getattr success
[E] extent_server getattr failed
[E] extent_server 000000001dc05f6e getattr success
RPC STATS: 1:2 6001:275 6002:552 6003:371 
[PUT] update 
[PUT] create 
[E] extent_server 00000000fd84f6b4 getattr success
[PUT] update 
[E] extent_server 000000001dc05f6e getattr success
[E] extent_server getattr failed
[E] extent_server 000000001dc05f6e getattr success
[PUT] update 
[PUT] create 
[E] extent_server 00000000ea1aaeb2 getattr success
[PUT] update 
[E] extent_server 000000001dc05f6e getattr success
[E] extent_server getattr failed
[E] extent_server 000000001dc05f6e getattr success
RPC STATS: 1:2 6001:281 6002:563 6003:379 
[PUT] update 
[PUT] create 
[E] extent_server 00000000cbcb8e51 getattr success
[PUT] update 
[E] extent_server 000000001dc05f6e getattr success
[E] extent_server getattr failed
[E] extent_server 000000001dc05f6e getattr success
[PUT] update 
[PUT] create 
[E] extent_server 00000000d2b2f73e getattr success
[PUT] update 
[E] extent_server 000000001dc05f6e getattr success
[E] extent_server getattr failed
RPC STATS: 1:2 6001:287 6002:574 6003:387 
[E] extent_server 000000001dc05f6e getattr success
[PUT] update 
[PUT] create 
[E] extent_server 00000000d91191d9 getattr success
[PUT] update 
[E] extent_server 000000001dc05f6e getattr success
[E] extent_server getattr failed
[E] extent_server 000000001dc05f6e getattr success
[PUT] update 
[PUT] create 
[E] extent_server 00000000a34a5ec5 getattr success
[PUT] update 
[E] extent_server 000000001dc05f6e getattr success
RPC STATS: 1:2 6001:293 6002:586 6003:394 
[E] extent_server getattr failed
[E] extent_server 000000001dc05f6e getattr success
[PUT] update 
[PUT] create 
[E] extent_server 0000000093d6fe0b getattr success
[PUT] update 
[E] extent_server 000000001dc05f6e getattr success
[E] extent_server getattr failed
[E] extent_server 000000001dc05f6e getattr success
[PUT] update 
[PUT] create 
[E] extent_server 000000009e416fca getattr success
[PUT] update 
[E] extent_server 000000001dc05f6e getattr success
RPC STATS: 1:2 6001:299 6002:598 6003:401 
[E] extent_server getattr failed
[E] extent_server 000000001dc05f6e getattr success
[PUT] update 
[PUT] create 
[E] extent_server 00000000db27f3ca getattr success
[PUT] update 
[E] extent_server 000000001dc05f6e getattr success
[E] extent_server getattr failed
[E] extent_server 000000001dc05f6e getattr success
[PUT] update 
[PUT] create 
[E] extent_server 00000000e0bd9d8a getattr success
[PUT] update 
RPC STATS: 1:2 6001:305 6002:609 6003:409 
[E] extent_server 000000001dc05f6e getattr success
[E] extent_server getattr failed
[E] extent_server 000000001dc05f6e getattr success
[PUT] update 
[PUT] create 
[E] extent_server 0000000096d54abc getattr success
[PUT] update 
[E] extent_server 000000001dc05f6e getattr success
[E] extent_server getattr failed
[E] extent_server 000000001dc05f6e getattr success
[PUT] update 
[PUT] create 
[E] extent_server 000000009e5b34d9 getattr success
[PUT] update 
RPC STATS: 1:2 6001:311 6002:621 6003:416 
[E] extent_server 000000001dc05f6e getattr success
[E] extent_server getattr failed
[E] extent_server 000000001dc05f6e getattr success
[PUT] update 
[PUT] create 
[E] extent_server 00000000b46861e1 getattr success
[PUT] update 
[E] extent_server 000000001dc05f6e getattr success
[E] extent_server getattr failed
[E] extent_server 000000001dc05f6e getattr success
[PUT] update 
[PUT] create 
[E] extent_server 00000000a0db744a getattr success
RPC STATS: 1:2 6001:317 6002:632 6003:424 
[PUT] update 
[E] extent_server 000000001dc05f6e getattr success
[E] extent_server getattr failed
[E] extent_server 000000001dc05f6e getattr success
[PUT] update 
[PUT] create 
[E] extent_server 00000000beb4f1e1 getattr success
[PUT] update 
[E] extent_server 000000001dc05f6e getattr success
[E] extent_server getattr failed
[E] extent_server 000000001dc05f6e getattr success
[PUT] update 
[PUT] create 
[E] extent_server 00000000c6d8fecf getattr success
RPC STATS: 1:2 6001:322 6002:644 6003:432 
[PUT] update 
[E] extent_server 000000001dc05f6e getattr success
[E] extent_server getattr failed
[E] extent_server 000000001dc05f6e getattr success
[PUT] update 
[PUT] create 
[E] extent_server 00000000bdf81507 getattr success
[PUT] update 
[E] extent_server 000000001dc05f6e getattr success
[E] extent_server getattr failed
[E] extent_server 000000001dc05f6e getattr success
[PUT] update 
[PUT] create 
RPC STATS: 1:2 6001:328 6002:655 6003:440 
[E] extent_server 00000000f2b4de71 getattr success
[PUT] update 
[E] extent_server 000000001dc05f6e getattr success
[E] extent_server getattr failed
[E] extent_server 000000001dc05f6e getattr success
[PUT] update 
[PUT] create 
[E] extent_server 00000000962dfefa getattr success
[PUT] update 
[E] extent_server 000000001dc05f6e getattr success
[E] extent_server getattr failed
[E] extent_server 000000001dc05f6e getattr success
[PUT] update 
RPC STATS: 1:2 6001:334 6002:667 6003:447 
[PUT] create 
[E] extent_server 00000000fee13088 getattr success
[PUT] update 
[E] extent_server 000000001dc05f6e getattr success
[E] extent_server getattr failed
[E] extent_server 000000001dc05f6e getattr success
[PUT] update 
[PUT] create 
[E] extent_server 0000000082f83551 getattr success
[PUT] update 
[E] extent_server 000000001dc05f6e getattr success
[E] extent_server getattr failed
[E] extent_server 000000001dc05f6e getattr success
RPC STATS: 1:2 6001:339 6002:679 6003:455 
[PUT] update 
[PUT] create 
[E] extent_server 00000000d56a333f getattr success
[PUT] update 
[E] extent_server 000000001dc05f6e getattr success
[E] extent_server getattr failed
[E] extent_server 000000001dc05f6e getattr success
[PUT] update 
[PUT] create 
[E] extent_server 00000000f95cc19c getattr success
[PUT] update 
[E] extent_server 000000001dc05f6e getattr success
[E] extent_server getattr failed
[E] extent_server 000000001dc05f6e getattr success
RPC STATS: 1:2 6001:344 6002:691 6003:463 
[PUT] update 
[PUT] create 
[E] extent_server 00000000c34efbf4 getattr success
[PUT] update 
[E] extent_server 000000001dc05f6e getattr success
[E] extent_server getattr failed
[E] extent_server 000000001dc05f6e getattr success
[PUT] update 
[PUT] create 
[E] extent_server 000000008d3335e4 getattr success
[PUT] update 
[E] extent_server 000000001dc05f6e getattr success
[E] extent_server getattr failed
[E] extent_server 000000001dc05f6e getattr success
RPC STATS: 1:2 6001:350 6002:702 6003:471 
[PUT] update 
[PUT] create 
[E] extent_server 00000000cdc025ed getattr success
[PUT] update 
[E] extent_server 000000001dc05f6e getattr success
[E] extent_server getattr failed
[E] extent_server 000000001dc05f6e getattr success
[PUT] update 
[PUT] create 
[E] extent_server 00000000cb69f662 getattr success
[PUT] update 
[E] extent_server 000000001dc05f6e getattr success
[E] extent_server getattr failed
[E] extent_server 000000001dc05f6e getattr success
RPC STATS: 1:2 6001:356 6002:713 6003:479 
[PUT] update 
[PUT] create 
[E] extent_server 00000000f13d56e3 getattr success
[PUT] update 
[E] extent_server 000000001dc05f6e getattr success
[E] extent_server getattr failed
[E] extent_server 000000001dc05f6e getattr success
[PUT] update 
[PUT] create 
[E] extent_server 000000008bd864cd getattr success
[PUT] update 
[E] extent_server 000000001dc05f6e getattr success
[E] extent_server getattr failed
RPC STATS: 1:2 6001:362 6002:724 6003:487 
[E] extent_server 000000001dc05f6e getattr success
[PUT] update 
[PUT] create 
[E] extent_server 00000000aa80192b getattr success
[PUT] update 
[E] extent_server 00000000b9098409 getattr success
[PUT] update 
[E] extent_server 000000001dc05f6e getattr success
[E] extent_server getattr failed
[E] extent_server 0000000042717de8 getattr success
[E] extent_server 000000001dc05f6e getattr success
[E] extent_server getattr failed
[E] extent_server 0000000042717de8 getattr success
RPC STATS: 1:2 6001:366 6002:737 6003:495 
[PUT] update 
[PUT] update 
[PUT] create 
[PUT] create 
[E] extent_server 00000000f1bddf06 getattr success
[E] extent_server 00000000e498f139 getattr success
[PUT] update 
[PUT] update 
[E] extent_server 0000000042717de8 getattr success
[E] extent_server 000000001dc05f6e getattr success
[E] extent_server getattr failed
[E] extent_server 0000000042717de8 getattr success
[E] extent_server getattr failed
[E] extent_server 000000001dc05f6e getattr success
RPC STATS: 1:2 6001:372 6002:748 6003:503 
[PUT] update 
[PUT] create 
[PUT] update 
[E] extent_server 000000009dd27d2d getattr success
[PUT] create 
[E] extent_server 00000000895d5b82 getattr success
[PUT] update 
[PUT] update 
[E] extent_server 0000000042717de8 getattr success
[E] extent_server 000000001dc05f6e getattr success
[E] extent_server getattr failed
[E] extent_server 0000000042717de8 getattr success
[E] extent_server getattr failed
RPC STATS: 1:2 6001:378 6002:760 6003:510 
[PUT] update 
[PUT] create 
[E] extent_server 000000008f27c6b1 getattr success
[PUT] update 
[E] extent_server 0000000042717de8 getattr success
[E] extent_server getattr failed
[E] extent_server 000000001dc05f6e getattr success
[E] extent_server 0000000042717de8 getattr success
[PUT] update 
[PUT] create 
[E] extent_server 00000000b42f5cee getattr success
[PUT] update 
[PUT] update 
RPC STATS: 1:2 6001:386 6002:771 6003:516 
[PUT] create 
[E] extent_server 00000000a32432bb getattr success
[E] extent_server 0000000042717de8 getattr success
[PUT] update 
[E] extent_server getattr failed
[E] extent_server 000000001dc05f6e getattr success
[E] extent_server 0000000042717de8 getattr success
[E] extent_server getattr failed
[E] extent_server 000000001dc05f6e getattr success
[PUT] update 
[PUT] create 
[PUT] update 
[E] extent_server 00000000976822cd getattr success
[PUT] create 
RPC STATS: 1:2 6001:391 6002:782 6003:525 
[E] extent_server 00000000b0647f8a getattr success
[PUT] update 
[PUT] update 
[E] extent_server 0000000042717de8 getattr success
[E] extent_server getattr failed
[E] extent_server 0000000042717de8 getattr success
[PUT] update 
[PUT] create 
[E] extent_server 0000000097fdca04 getattr success
[PUT] update 
[E] extent_server 0000000042717de8 getattr success
[E] extent_server getattr failed
[E] extent_server 0000000042717de8 getattr success
RPC STATS: 1:2 6001:397 6002:794 6003:532 
[PUT] update 
[PUT] create 
[E] extent_server 00000000b9bf69af getattr success
[PUT] update 
[E] extent_server 0000000042717de8 getattr success
[E] extent_server getattr failed
[E] extent_server 0000000042717de8 getattr success
[PUT] update 
[PUT] create 
[E] extent_server 00000000f1baf8b3 getattr success
[PUT] update 
[E] extent_server 0000000042717de8 getattr success
[E] extent_server getattr failed
[E] extent_server 0000000042717de8 getattr success
RPC STATS: 1:2 6001:402 6002:806 6003:540 
[PUT] update 
[PUT] create 
[E] extent_server 00000000f5e695b8 getattr success
[PUT] update 
[E] extent_server 0000000042717de8 getattr success
[E] extent_server getattr failed
[E] extent_server 0000000042717de8 getattr success
[PUT] update 
[PUT] create 
[E] extent_server 00000000907db424 getattr success
[PUT] update 
[E] extent_server 0000000042717de8 getattr success
[E] extent_server getattr failed
[E] extent_server 0000000042717de8 getattr success
RPC STATS: 1:2 6001:408 6002:817 6003:548 
[PUT] update 
[PUT] create 
[E] extent_server 00000000a5a3ac71 getattr success
[PUT] update 
[E] extent_server 0000000042717de8 getattr success
[E] extent_server getattr failed
[E] extent_server 0000000042717de8 getattr success
[PUT] update 
[PUT] create 
[E] extent_server 000000001dc05f6e getattr success
[E] extent_server getattr failed
[E] extent_server 000000001dc05f6e getattr success
[E] extent_server 00000000d470bc0b getattr success
RPC STATS: 1:2 6001:413 6002:829 6003:556 
[PUT] update 
[PUT] create 
[E] extent_server 00000000dc1052c0 getattr success
[PUT] update 
[PUT] update 
[E] extent_server 000000001dc05f6e getattr success
[E] extent_server 0000000042717de8 getattr success
[E] extent_server getattr failed
[E] extent_server getattr failed
[E] extent_server 0000000042717de8 getattr success
[E] extent_server 000000001dc05f6e getattr success
[PUT] update 
RPC STATS: 1:2 6001:419 6002:841 6003:563 
[PUT] create 
[E] extent_server 0000000091e14826 getattr success
[PUT] update 
[PUT] update 
[PUT] create 
[E] extent_server 0000000042717de8 getattr success
[E] extent_server 00000000fc35c494 getattr success
[E] extent_server getattr failed
[PUT] update 
[E] extent_server 000000001dc05f6e getattr success
[E] extent_server 0000000042717de8 getattr success
[E] extent_server getattr failed
[PUT] update 
[PUT] create 
[E] extent_server 00000000c40a9913 getattr success
[E] extent_server 000000001dc05f6e getattr success
RPC STATS: 1:2 6001:425 6002:851 6003:572 
[PUT] update 
[E] extent_server 0000000042717de8 getattr success
[PUT] update 
[E] extent_server getattr failed
[PUT] create 
[E] extent_server 00000000d3aede4f getattr success
[E] extent_server 0000000042717de8 getattr success
[PUT] update 
[PUT] update 
[PUT] create 
[E] extent_server 00000000b7a63a99 getattr success
[PUT] update 
[E] extent_server 0000000042717de8 getattr success
RPC STATS: 1:2 6001:432 6002:863 6003:578 
[E] extent_server getattr failed
[E] extent_server 0000000042717de8 getattr success
[PUT] update 
[PUT] create 
[E] extent_server 00000000df9217d9 getattr success
[PUT] update 
[E] extent_server 0000000042717de8 getattr success
[E] extent_server getattr failed
[E] extent_server 0000000042717de8 getattr success
[PUT] update 
[PUT] create 
[E] extent_server 00000000c2ad8055 getattr success
[PUT] update 
RPC STATS: 1:2 6001:438 6002:874 6003:586 
[E] extent_server 0000000042717de8 getattr success
[E] extent_server getattr failed
[E] extent_server 0000000042717de8 getattr success
[PUT] update 
[PUT] create 
[E] extent_server 00000000c194f6df getattr success
[PUT] update 
[E] extent_server 0000000042717de8 getattr success
[E] extent_server getattr failed
[E] extent_server 0000000042717de8 getattr success
[PUT] update 
[PUT] create 
[E] extent_server 00000000fc9d910d getattr success
[PUT] update 
RPC STATS: 1:2 6001:444 6002:886 6003:593 
[E] extent_server 0000000042717de8 getattr success
[E] extent_server getattr failed
[E] extent_server 0000000042717de8 getattr success
[PUT] update 
[PUT] create 
[E] extent_server 00000000f2051fb2 getattr success
[PUT] update 
[E] extent_server 0000000042717de8 getattr success
[E] extent_server getattr failed
[E] extent_server 0000000042717de8 getattr success
[PUT] update 
[PUT] create 
[E] extent_server 00000000fddb4d7f getattr success
RPC STATS: 1:2 6001:450 6002:897 6003:601 
[PUT] update 
[E] extent_server 0000000042717de8 getattr success
[E] extent_server getattr failed
[E] extent_server 0000000042717de8 getattr success
[PUT] update 
[PUT] create 
[E] extent_server 00000000dfc433f0 getattr success
[PUT] update 
[E] extent_server 000000001dc05f6e getattr success
[E] extent_server 00000000e3105afe getattr success
[PUT] update 
[E] extent_server 000000001dc05f6e getattr success
RPC STATS: 1:2 6001:454 6002:910 6003:608 6004:1 
[E] extent_server 00000000d5b7dd46 getattr success
[E] extent_server 0000000042717de8 getattr success
[E] extent_server getattr failed
[E] extent_server 0000000042717de8 getattr success
[PUT] update 
[PUT] create 
[PUT] update 
[E] extent_server 000000009d158d59 getattr success
[E] extent_server 000000001dc05f6e getattr success
[PUT] update 
[E] extent_server 0000000096f68dd2 getattr success
RPC STATS: 1:2 6001:459 6002:921 6003:615 6004:3 
[PUT] update 
[E] extent_server 000000001dc05f6e getattr success
[E] extent_server 00000000c91e7aa3 getattr success
[PUT] update 
[E] extent_server 000000001dc05f6e getattr success
[E] extent_server 0000000095c148b5 getattr success
[PUT] update 
[E] extent_server 000000001dc05f6e getattr success
[E] extent_server 00000000f27bc21c getattr success
[PUT] update 
RPC STATS: 1:2 6001:462 6002:934 6003:621 6004:6 
[E] extent_server 000000001dc05f6e getattr success
[E] extent_server 00000000ff0edc79 getattr success
[PUT] update 
[E] extent_server 000000001dc05f6e getattr success
[E] extent_server 00000000ebf60644 getattr success
[PUT] update 
[E] extent_server 000000001dc05f6e getattr success
[E] extent_server 00000000d638faca getattr success
[PUT] update 
RPC STATS: 1:2 6001:465 6002:946 6003:628 6004:9 
[E] extent_server 000000001dc05f6e getattr success
[E] extent_server 00000000e05ec490 getattr success
[PUT] update 
[E] extent_server 000000001dc05f6e getattr success
[E] extent_server 000000008bc298b1 getattr success
[PUT] update 
[E] extent_server 000000001dc05f6e getattr success
[E] extent_server 00000000b363fd00 getattr success
[PUT] update 
[E] extent_server 000000001dc05f6e getattr success
RPC STATS: 1:2 6001:468 6002:959 6003:634 6004:12 
[E] extent_server 000000008b55ac09 getattr success
[PUT] update 
[E] extent_server 000000001dc05f6e getattr success
[E] extent_server 0000000086c424d8 getattr success
[PUT] update 
[E] extent_server 000000001dc05f6e getattr success
[E] extent_server 0000000091724e9c getattr success
[PUT] update 
[E] extent_server 000000001dc05f6e getattr success
RPC STATS: 1:2 6001:471 6002:971 6003:641 6004:15 
[E] extent_server 00000000dd267bf9 getattr success
[PUT] update 
[E] extent_server 000000001dc05f6e getattr success
[E] extent_server 00000000bec5d897 getattr success
[PUT] update 
[E] extent_server 000000001dc05f6e getattr success
[E] extent_server 000000009316772f getattr success
[PUT] update 
[E] extent_server 000000001dc05f6e getattr success
[E] extent_server 0000000093a62f88 getattr success
RPC STATS: 1:2 6001:474 6002:984 6003:647 6004:18 
[PUT] update 
[E] extent_server 000000001dc05f6e getattr success
[E] extent_server 00000000bce4633c getattr success
[PUT] update 
[E] extent_server 000000001dc05f6e getattr success
[E] extent_server 00000000a3cc7ac4 getattr success
[PUT] update 
[E] extent_server 000000001dc05f6e getattr success
[E] extent_server 00000000dc436a50 getattr success
RPC STATS: 1:2 6001:477 6002:996 6003:653 6004:22 
[PUT] update 
[E] extent_server 000000001dc05f6e getattr success
[E] extent_server 00000000efe7341b getattr success
[PUT] update 
[E] extent_server 000000001dc05f6e getattr success
[E] extent_server 00000000b9927592 getattr success
[PUT] update 
[E] extent_server 000000001dc05f6e getattr success
[E] extent_server 00000000b0136fc3 getattr success
RPC STATS: 1:2 6001:480 6002:1009 6003:659 6004:25 
[PUT] update 
[E] extent_server 000000001dc05f6e getattr success
[E] extent_server 00000000f88cce5f getattr success
[PUT] update 
[E] extent_server 000000001dc05f6e getattr success
[E] extent_server 00000000d9e7d33e getattr success
[PUT] update 
[E] extent_server 000000001dc05f6e getattr success
[E] extent_server 00000000c7c433ca getattr success
RPC STATS: 1:2 6001:484 6002:1021 6003:665 6004:28 
[PUT] update 
[E] extent_server 000000001dc05f6e getattr success
[E] extent_server 00000000ac411e59 getattr success
[PUT] update 
[E] extent_server 000000001dc05f6e getattr success
[E] extent_server 00000000e9b4da8e getattr success
[PUT] update 
[E] extent_server 000000001dc05f6e getattr success
[E] extent_server 00000000e5849339 getattr success
[PUT] update 
RPC STATS: 1:2 6001:487 6002:1034 6003:671 6004:31 
[E] extent_server 000000001dc05f6e getattr success
[E] extent_server 000000008f517957 getattr success
[PUT] update 
[E] extent_server 000000001dc05f6e getattr success
[E] extent_server 00000000bf6cb7d4 getattr success
[PUT] update 
[E] extent_server 000000001dc05f6e getattr success
[E] extent_server 00000000fc7b210b getattr success
[PUT] update 
RPC STATS: 1:2 6001:490 6002:1046 6003:678 6004:34 
[E] extent_server 000000001dc05f6e getattr success
[E] extent_server 00000000d86ff3fb getattr success
[PUT] update 
[E] extent_server 000000001dc05f6e getattr success
[E] extent_server 00000000d52e0089 getattr success
[PUT] update 
[E] extent_server 000000001dc05f6e getattr success
[E] extent_server 00000000eef6e327 getattr success
[PUT] update 
[E] extent_server 000000001dc05f6e getattr success
RPC STATS: 1:2 6001:493 6002:1059 6003:684 6004:37 
[E] extent_server 00000000d77ed074 getattr success
[PUT] update 
[E] extent_server 000000001dc05f6e getattr success
[E] extent_server 00000000c12406cd getattr success
[PUT] update 
[E] extent_server 000000001dc05f6e getattr success
[E] extent_server 00000000c52fddf1 getattr success
[PUT] update 
[E] extent_server 000000001dc05f6e getattr success
RPC STATS: 1:2 6001:496 6002:1071 6003:691 6004:40 
[E] extent_server 00000000b7dd9505 getattr success
[PUT] update 
[E] extent_server 000000001dc05f6e getattr success
[E] extent_server 00000000cce69f7f getattr success
[PUT] update 
[E] extent_server 000000001dc05f6e getattr success
[E] extent_server 00000000f893daf2 getattr success
[PUT] update 
[E] extent_server 000000001dc05f6e getattr success
[E] extent_server 00000000c333410e getattr success
RPC STATS: 1:2 6001:499 6002:1084 6003:697 6004:43 
[PUT] update 
[E] extent_server 000000001dc05f6e getattr success
[E] extent_server 00000000d3aac457 getattr success
[PUT] update 
[E] extent_server 000000001dc05f6e getattr success
[E] extent_server 000000008a06298e getattr success
[PUT] update 
[E] extent_server 000000001dc05f6e getattr success
[E] extent_server 00000000a059bd08 getattr success
RPC STATS: 1:2 6001:502 6002:1096 6003:703 6004:47 
[PUT] update 
[E] extent_server 000000001dc05f6e getattr success
[E] extent_server 0000000092709cee getattr success
[PUT] update 
[E] extent_server 000000001dc05f6e getattr success
[E] extent_server 000000009d1ca0bd getattr success
[PUT] update 
[E] extent_server 000000001dc05f6e getattr success
[E] extent_server 00000000b3ffec90 getattr success
RPC STATS: 1:2 6001:505 6002:1109 6003:709 6004:50 
[PUT] update 
[E] extent_server 000000001dc05f6e getattr success
[E] extent_server 00000000cf55002a getattr success
[PUT] update 
[E] extent_server 000000001dc05f6e getattr success
[E] extent_server 00000000c0e91b81 getattr success
[PUT] update 
[E] extent_server 000000001dc05f6e getattr success
[E] extent_server 00000000904356e0 getattr success
RPC STATS: 1:2 6001:509 6002:1121 6003:715 6004:53 
[PUT] update 
[E] extent_server 000000001dc05f6e getattr success
[E] extent_server 00000000bf3c3445 getattr success
[PUT] update 
[E] extent_server 000000001dc05f6e getattr success
[E] extent_server 00000000fa7b9113 getattr success
[PUT] update 
[E] extent_server 000000001dc05f6e getattr success
[E] extent_server 00000000c056c6a3 getattr success
[PUT] update 
RPC STATS: 1:2 6001:512 6002:1134 6003:721 6004:56 
[E] extent_server 000000001dc05f6e getattr success
[E] extent_server 00000000b7c902a5 getattr success
[PUT] update 
[E] extent_server 000000001dc05f6e getattr success
[E] extent_server 00000000d4636451 getattr success
[PUT] update 
[E] extent_server 000000001dc05f6e getattr success
[E] extent_server 00000000881afa6e getattr success
[PUT] update 
RPC STATS: 1:2 6001:515 6002:1146 6003:728 6004:59 
[E] extent_server 000000001dc05f6e getattr success
[E] extent_server 00000000e40a20fe getattr success
[PUT] update 
[E] extent_server 000000001dc05f6e getattr success
[E] extent_server 00000000be183ee0 getattr success
[PUT] update 
[E] extent_server 000000001dc05f6e getattr success
[E] extent_server 00000000ed9f8da7 getattr success
[PUT] update 
[E] extent_server 000000001dc05f6e getattr success
RPC STATS: 1:2 6001:518 6002:1159 6003:734 6004:62 
[E] extent_server 00000000f35b9a56 getattr success
[PUT] update 
[E] extent_server 000000001dc05f6e getattr success
[E] extent_server 00000000fd84f6b4 getattr success
[PUT] update 
[E] extent_server 000000001dc05f6e getattr success
[E] extent_server 00000000ea1aaeb2 getattr success
[PUT] update 
[E] extent_server 000000001dc05f6e getattr success
RPC STATS: 1:2 6001:521 6002:1171 6003:741 6004:65 
[E] extent_server 00000000cbcb8e51 getattr success
[PUT] update 
[E] extent_server 000000001dc05f6e getattr success
[E] extent_server 00000000d2b2f73e getattr success
[PUT] update 
[E] extent_server 000000001dc05f6e getattr success
[E] extent_server 00000000d91191d9 getattr success
[PUT] update 
[E] extent_server 000000001dc05f6e getattr success
[E] extent_server 00000000a34a5ec5 getattr success
RPC STATS: 1:2 6001:524 6002:1184 6003:747 6004:68 
[PUT] update 
[E] extent_server 000000001dc05f6e getattr success
[E] extent_server 0000000093d6fe0b getattr success
[PUT] update 
[E] extent_server 000000001dc05f6e getattr success
[E] extent_server 000000009e416fca getattr success
[PUT] update 
[E] extent_server 000000001dc05f6e getattr success
[E] extent_server 00000000db27f3ca getattr success
RPC STATS: 1:2 6001:527 6002:1196 6003:753 6004:72 
[PUT] update 
[E] extent_server 000000001dc05f6e getattr success
[E] extent_server 00000000e0bd9d8a getattr success
[PUT] update 
[E] extent_server 000000001dc05f6e getattr success
[E] extent_server 0000000096d54abc getattr success
[PUT] update 
[E] extent_server 000000001dc05f6e getattr success
[E] extent_server 000000009e5b34d9 getattr success
RPC STATS: 1:2 6001:530 6002:1209 6003:759 6004:75 
[PUT] update 
[E] extent_server 000000001dc05f6e getattr success
[E] extent_server 00000000b46861e1 getattr success
[PUT] update 
[E] extent_server 000000001dc05f6e getattr success
[E] extent_server 00000000a0db744a getattr success
[PUT] update 
[E] extent_server 000000001dc05f6e getattr success
[E] extent_server 00000000beb4f1e1 getattr success
RPC STATS: 1:2 6001:534 6002:1221 6003:765 6004:78 
[PUT] update 
[E] extent_server 000000001dc05f6e getattr success
[E] extent_server 00000000c6d8fecf getattr success
[PUT] update 
[E] extent_server 000000001dc05f6e getattr success
[E] extent_server 00000000bdf81507 getattr success
[PUT] update 
[E] extent_server 000000001dc05f6e getattr success
[E] extent_server 00000000f2b4de71 getattr success
[PUT] update 
RPC STATS: 1:2 6001:537 6002:1234 6003:771 6004:81 
[E] extent_server 000000001dc05f6e getattr success
[E] extent_server 00000000962dfefa getattr success
[PUT] update 
[E] extent_server 000000001dc05f6e getattr success
[E] extent_server 00000000fee13088 getattr success
[PUT] update 
[E] extent_server 000000001dc05f6e getattr success
[E] extent_server 0000000082f83551 getattr success
[PUT] update 
RPC STATS: 1:2 6001:540 6002:1246 6003:778 6004:84 
[E] extent_server 000000001dc05f6e getattr success
[E] extent_server 00000000d56a333f getattr success
[PUT] update 
[E] extent_server 000000001dc05f6e getattr success
[E] extent_server 00000000f95cc19c getattr success
[PUT] update 
[E] extent_server 000000001dc05f6e getattr success
[E] extent_server 00000000c34efbf4 getattr success
[PUT] update 
[E] extent_server 000000001dc05f6e getattr success
RPC STATS: 1:2 6001:543 6002:1259 6003:784 6004:87 
[E] extent_server 000000008d3335e4 getattr success
[PUT] update 
[E] extent_server 000000001dc05f6e getattr success
[E] extent_server 00000000cdc025ed getattr success
[PUT] update 
[E] extent_server 000000001dc05f6e getattr success
[E] extent_server 00000000cb69f662 getattr success
[PUT] update 
[E] extent_server 000000001dc05f6e getattr success
RPC STATS: 1:2 6001:546 6002:1271 6003:791 6004:90 
[E] extent_server 00000000f13d56e3 getattr success
[PUT] update 
[E] extent_server 000000001dc05f6e getattr success
[E] extent_server 000000008bd864cd getattr success
[PUT] update 
[E] extent_server 000000001dc05f6e getattr success
[E] extent_server 00000000b9098409 getattr success
[PUT] update 
[E] extent_server 000000001dc05f6e getattr success
[E] extent_server 00000000e498f139 getattr success
RPC STATS: 1:2 6001:549 6002:1284 6003:797 6004:93 
[PUT] update 
[E] extent_server 000000001dc05f6e getattr success
[E] extent_server 00000000895d5b82 getattr success
[PUT] update 
[E] extent_server 000000001dc05f6e getattr success
[E] extent_server 00000000a32432bb getattr success
[PUT] update 
[E] extent_server 000000001dc05f6e getattr success
[E] extent_server 00000000b0647f8a getattr success
RPC STATS: 1:2 6001:552 6002:1296 6003:803 6004:97 
[PUT] update 
[E] extent_server 000000001dc05f6e getattr success
[E] extent_server 00000000dc1052c0 getattr success
[PUT] update 
[E] extent_server 000000001dc05f6e getattr success
[E] extent_server 00000000fc35c494 getattr success
[PUT] update 
[E] extent_server 0000000042717de8 getattr success
[E] extent_server getattr failed
[E] extent_server 0000000042717de8 getattr success
RPC STATS: 1:2 6001:555 6002:1309 6003:810 6004:99 
[PUT] update 
[PUT] create 
[E] extent_server 00000000e9886017 getattr success
[PUT] update 
[E] extent_server 0000000042717de8 getattr success
[E] extent_server getattr failed
[E] extent_server 0000000042717de8 getattr success
[PUT] update 
[PUT] create 
[E] extent_server 00000000b7858c02 getattr success
[PUT] update 
[E] extent_server 0000000042717de8 getattr success
[E] extent_server getattr failed
[E] extent_server 0000000042717de8 getattr success
RPC STATS: 1:2 6001:561 6002:1320 6003:818 6004:99 
[PUT] update 
[PUT] create 
[E] extent_server 00000000867b5aa9 getattr success
[PUT] update 
[E] extent_server 0000000042717de8 getattr success
[E] extent_server getattr failed
[E] extent_server 0000000042717de8 getattr success
[PUT] update 
[PUT] create 
[E] extent_server 00000000fbe9632d getattr success
[PUT] update 
[E] extent_server 0000000042717de8 getattr success
[E] extent_server getattr failed
RPC STATS: 1:2 6001:567 6002:1331 6003:826 6004:99 
[E] extent_server 0000000042717de8 getattr success
[PUT] update 
[PUT] create 
[E] extent_server 00000000b8869d4b getattr success
[PUT] update 
[E] extent_server 0000000042717de8 getattr success
[E] extent_server getattr failed
[E] extent_server 0000000042717de8 getattr success
[PUT] update 
[PUT] create 
[E] extent_server 00000000bd2d5f9f getattr success
[PUT] update 
[E] extent_server 0000000042717de8 getattr success
RPC STATS: 1:2 6001:573 6002:1343 6003:833 6004:99 
[E] extent_server getattr failed
[E] extent_server 0000000042717de8 getattr success
[PUT] update 
[PUT] create 
[E] extent_server 0000000080716b72 getattr success
[PUT] update 
[E] extent_server 0000000042717de8 getattr success
[E] extent_server getattr failed
[E] extent_server 0000000042717de8 getattr success
[PUT] update 
[PUT] create 
[E] extent_server 00000000e306b676 getattr success
[PUT] update 
[E] extent_server 0000000042717de8 getattr success
RPC STATS: 1:2 6001:579 6002:1355 6003:840 6004:99 
[E] extent_server getattr failed
[E] extent_server 0000000042717de8 getattr success
[PUT] update 
[PUT] create 
[E] extent_server 00000000aeeb3ea5 getattr success
[PUT] update 
[E] extent_server 0000000042717de8 getattr success
[E] extent_server getattr failed
[E] extent_server 0000000042717de8 getattr success
[PUT] update 
[PUT] create 
[E] extent_server 000000009e43e89f getattr success
[PUT] update 
RPC STATS: 1:2 6001:585 6002:1366 6003:848 6004:99 
[E] extent_server 0000000042717de8 getattr success
[E] extent_server getattr failed
[E] extent_server 0000000042717de8 getattr success
[PUT] update 
[PUT] create 
[E] extent_server 00000000f22e7d27 getattr success
[PUT] update 
[E] extent_server 0000000042717de8 getattr success
[E] extent_server getattr failed
[E] extent_server 0000000042717de8 getattr success
[PUT] update 
[PUT] create 
[E] extent_server 00000000e31a9b94 getattr success
[PUT] update 
RPC STATS: 1:2 6001:591 6002:1378 6003:855 6004:99 
[E] extent_server 0000000042717de8 getattr success
[E] extent_server getattr failed
[E] extent_server 0000000042717de8 getattr success
[PUT] update 
[PUT] create 
[E] extent_server 00000000b5ac0b6c getattr success
[PUT] update 
[E] extent_server 0000000042717de8 getattr success
[E] extent_server getattr failed
[E] extent_server 0000000042717de8 getattr success
[PUT] update 
[PUT] create 
[E] extent_server 000000008a2c472b getattr success
RPC STATS: 1:2 6001:597 6002:1389 6003:863 6004:99 
[PUT] update 
[E] extent_server 0000000042717de8 getattr success
[E] extent_server getattr failed
[E] extent_server 0000000042717de8 getattr success
[PUT] update 
[PUT] create 
[E] extent_server 000000009cda0543 getattr success
[PUT] update 
[E] extent_server 0000000042717de8 getattr success
[E] extent_server getattr failed
[E] extent_server 0000000042717de8 getattr success
[PUT] update 
[PUT] create 
[E] extent_server 00000000a7670420 getattr success
RPC STATS: 1:2 6001:602 6002:1401 6003:871 6004:99 
[PUT] update 
[E] extent_server 0000000042717de8 getattr success
[E] extent_server getattr failed
[E] extent_server 0000000042717de8 getattr success
[PUT] update 
[PUT] create 
[E] extent_server 000000008012dce3 getattr success
[PUT] update 
[E] extent_server 0000000042717de8 getattr success
[E] extent_server getattr failed
[E] extent_server 0000000042717de8 getattr success
[PUT] update 
[PUT] create 
RPC STATS: 1:2 6001:608 6002:1412 6003:879 6004:99 
[E] extent_server 00000000ad57b967 getattr success
[PUT] update 
[E] extent_server 0000000042717de8 getattr success
[E] extent_server getattr failed
[E] extent_server 0000000042717de8 getattr success
[PUT] update 
[PUT] create 
[E] extent_server 00000000cd0ab091 getattr success
[PUT] update 
[E] extent_server 0000000042717de8 getattr success
[E] extent_server getattr failed
[E] extent_server 0000000042717de8 getattr success
[PUT] update 
RPC STATS: 1:2 6001:614 6002:1424 6003:886 6004:99 
[PUT] create 
[E] extent_server 00000000d48398ef getattr success
[PUT] update 
[E] extent_server 0000000042717de8 getattr success
[E] extent_server getattr failed
[E] extent_server 0000000042717de8 getattr success
[PUT] update 
[PUT] create 
[E] extent_server 00000000bf39018e getattr success
[PUT] update 
[E] extent_server 0000000042717de8 getattr success
[E] extent_server getattr failed
[E] extent_server 0000000042717de8 getattr success
RPC STATS: 1:2 6001:619 6002:1436 6003:894 6004:99 
[PUT] update 
[PUT] create 
[E] extent_server 00000000911549a4 getattr success
[PUT] update 
[E] extent_server 0000000042717de8 getattr success
[E] extent_server getattr failed
[E] extent_server 0000000042717de8 getattr success
[PUT] update 
[PUT] create 
[E] extent_server 000000008c29d388 getattr success
[PUT] update 
[E] extent_server 0000000042717de8 getattr success
[E] extent_server getattr failed
[E] extent_server 0000000042717de8 getattr success
RPC STATS: 1:2 6001:624 6002:1448 6003:902 6004:99 
[PUT] update 
[PUT] create 
[E] extent_server 000000009ecb1967 getattr success
[PUT] update 
[E] extent_server 0000000042717de8 getattr success
[E] extent_server getattr failed
[E] extent_server 0000000042717de8 getattr success
[PUT] update 
[PUT] create 
[E] extent_server 00000000d3c2c9f9 getattr success
[PUT] update 
[E] extent_server 0000000042717de8 getattr success
[E] extent_server getattr failed
[E] extent_server 0000000042717de8 getattr success
RPC STATS: 1:2 6001:630 6002:1459 6003:910 6004:99 
[PUT] update 
[PUT] create 
[E] extent_server 00000000cdbeca67 getattr success
[PUT] update 
[E] extent_server 0000000042717de8 getattr success
[E] extent_server getattr failed
[E] extent_server 0000000042717de8 getattr success
[PUT] update 
[PUT] create 
[E] extent_server 000000009b68aa74 getattr success
[PUT] update 
[E] extent_server 0000000042717de8 getattr success
[E] extent_server getattr failed
[E] extent_server 0000000042717de8 getattr success
RPC STATS: 1:2 6001:636 6002:1470 6003:918 6004:99 
[PUT] update 
[PUT] create 
[E] extent_server 00000000c5c7e9ab getattr success
[PUT] update 
[E] extent_server 0000000042717de8 getattr success
[E] extent_server getattr failed
[E] extent_server 0000000042717de8 getattr success
[PUT] update 
[PUT] create 
[E] extent_server 00000000cb9a17e6 getattr success
[PUT] update 
[E] extent_server 0000000042717de8 getattr success
[E] extent_server getattr failed
RPC STATS: 1:2 6001:642 6002:1481 6003:926 6004:99 
[E] extent_server 0000000042717de8 getattr success
[PUT] update 
[PUT] create 
[E] extent_server 00000000fb2cde64 getattr success
[PUT] update 
[E] extent_server 0000000042717de8 getattr success
[E] extent_server getattr failed
[E] extent_server 0000000042717de8 getattr success
[PUT] update 
[PUT] create 
[E] extent_server 00000000e2dd7705 getattr success
[PUT] update 
[E] extent_server 0000000042717de8 getattr success
RPC STATS: 1:2 6001:648 6002:1493 6003:933 6004:99 
[E] extent_server getattr failed
[E] extent_server 0000000042717de8 getattr success
[PUT] update 
[PUT] create 
[E] extent_server 00000000b52277fe getattr success
[PUT] update 
[E] extent_server 0000000042717de8 getattr success
[E] extent_server getattr failed
[E] extent_server 0000000042717de8 getattr success
[PUT] update 
[PUT] create 
[E] extent_server 00000000b2b26a66 getattr success
[PUT] update 
[E] extent_server 0000000042717de8 getattr success
RPC STATS: 1:2 6001:654 6002:1505 6003:940 6004:99 
[E] extent_server getattr failed
[E] extent_server 0000000042717de8 getattr success
[PUT] update 
[PUT] create 
[E] extent_server 00000000e958d1ae getattr success
[PUT] update 
[E] extent_server 0000000042717de8 getattr success
[E] extent_server getattr failed
[E] extent_server 0000000042717de8 getattr success
[PUT] update 
[PUT] create 
[E] extent_server 00000000b10bdb2b getattr success
[PUT] update 
RPC STATS: 1:2 6001:660 6002:1516 6003:948 6004:99 
[E] extent_server 0000000042717de8 getattr success
[E] extent_server getattr failed
[E] extent_server 0000000042717de8 getattr success
[PUT] update 
[PUT] create 
[E] extent_server 00000000eb3907b1 getattr success
[PUT] update 
[E] extent_server 0000000042717de8 getattr success
[E] extent_server getattr failed
[E] extent_server 0000000042717de8 getattr success
[PUT] update 
[PUT] create 
[E] extent_server 00000000a686314d getattr success
[PUT] update 
RPC STATS: 1:2 6001:666 6002:1528 6003:955 6004:99 
[E] extent_server 0000000042717de8 getattr success
[E] extent_server getattr failed
[E] extent_server 0000000042717de8 getattr success
[PUT] update 
[PUT] create 
[E] extent_server 00000000b17d469e getattr success
[PUT] update 
[E] extent_server 0000000042717de8 getattr success
[E] extent_server getattr failed
[E] extent_server 0000000042717de8 getattr success
[PUT] update 
[PUT] create 
[E] extent_server 00000000ce3fbe28 getattr success
RPC STATS: 1:2 6001:672 6002:1539 6003:963 6004:99 
[PUT] update 
[E] extent_server 0000000042717de8 getattr success
[E] extent_server getattr failed
[E] extent_server 0000000042717de8 getattr success
[PUT] update 
[PUT] create 
[E] extent_server 00000000d5716ff3 getattr success
[PUT] update 
[E] extent_server 0000000042717de8 getattr success
[E] extent_server getattr failed
[E] extent_server 0000000042717de8 getattr success
[PUT] update 
[PUT] create 
[E] extent_server 00000000cfc12f3d getattr success
RPC STATS: 1:2 6001:677 6002:1551 6003:971 6004:99 
[PUT] update 
[E] extent_server 0000000042717de8 getattr success
[E] extent_server getattr failed
[E] extent_server 0000000042717de8 getattr success
[PUT] update 
[PUT] create 
[E] extent_server 00000000c06e3b4f getattr success
[PUT] update 
[E] extent_server 0000000042717de8 getattr success
[E] extent_server getattr failed
[E] extent_server 0000000042717de8 getattr success
[PUT] update 
[PUT] create 
RPC STATS: 1:2 6001:683 6002:1562 6003:979 6004:99 
[E] extent_server 00000000b88c0b87 getattr success
[PUT] update 
[E] extent_server 0000000042717de8 getattr success
[E] extent_server getattr failed
[E] extent_server 0000000042717de8 getattr success
[PUT] update 
[PUT] create 
[E] extent_server 00000000856d3aaa getattr success
[PUT] update 
[E] extent_server 0000000042717de8 getattr success
[E] extent_server getattr failed
[E] extent_server 0000000042717de8 getattr success
[PUT] update 
RPC STATS: 1:2 6001:689 6002:1574 6003:986 6004:99 
[PUT] create 
[E] extent_server 00000000ca9a827b getattr success
[PUT] update 
[E] extent_server 0000000042717de8 getattr success
[E] extent_server getattr failed
[E] extent_server 0000000042717de8 getattr success
[PUT] update 
[PUT] create 
[E] extent_server 00000000d56610ca getattr success
[PUT] update 
[E] extent_server 0000000042717de8 getattr success
[E] extent_server getattr failed
[E] extent_server 0000000042717de8 getattr success
RPC STATS: 1:2 6001:694 6002:1586 6003:994 6004:99 
[PUT] update 
[PUT] create 
[E] extent_server 00000000acd43eca getattr success
[PUT] update 
[E] extent_server 0000000042717de8 getattr success
[E] extent_server getattr failed
[E] extent_server 0000000042717de8 getattr success
[PUT] update 
[PUT] create 
[E] extent_server 00000000caad5f5e getattr success
[PUT] update 
[E] extent_server 0000000042717de8 getattr success
[E] extent_server getattr failed
[E] extent_server 0000000042717de8 getattr success
RPC STATS: 1:2 6001:699 6002:1598 6003:1002 6004:99 
[PUT] update 
[PUT] create 
[E] extent_server 0000000082bdca31 getattr success
[PUT] update 
[E] extent_server 0000000042717de8 getattr success
[E] extent_server getattr failed
[E] extent_server 0000000042717de8 getattr success
[PUT] update 
[PUT] create 
[E] extent_server 00000000f9deef5b getattr success
[PUT] update 
[E] extent_server 0000000042717de8 getattr success
[E] extent_server 00000000f995a5a0 getattr success
RPC STATS: 1:2 6001:705 6002:1609 6003:1009 6004:100 
[PUT] update 
[E] extent_server 0000000042717de8 getattr success
[E] extent_server 0000000088d60353 getattr success
[PUT] update 
[E] extent_server 0000000042717de8 getattr success
[E] extent_server 0000000085900cc0 getattr success
[PUT] update 
[E] extent_server 0000000042717de8 getattr success
[E] extent_server 00000000da52d5e6 getattr success
RPC STATS: 1:2 6001:709 6002:1621 6003:1015 6004:103 
[PUT] update 
[E] extent_server 0000000042717de8 getattr success
[E] extent_server 00000000dde8cbb4 getattr success
[PUT] update 
[E] extent_server 0000000042717de8 getattr success
[E] extent_server 00000000d6be4a75 getattr success
[PUT] update 
[E] extent_server 0000000042717de8 getattr success
[E] extent_server 00000000b3e8b3bd getattr success
[PUT] update 
RPC STATS: 1:2 6001:712 6002:1634 6003:1021 6004:106 
[E] extent_server 0000000042717de8 getattr success
[E] extent_server 00000000de8a2653 getattr success
[PUT] update 
[E] extent_server 0000000042717de8 getattr success
[E] extent_server 0000000081639402 getattr success
[PUT] update 
[E] extent_server 0000000042717de8 getattr success
[E] extent_server 000000009e66eca2 getattr success
[PUT] update 
RPC STATS: 1:2 6001:715 6002:1646 6003:1028 6004:109 
[E] extent_server 0000000042717de8 getattr success
[E] extent_server 00000000e3357e8d getattr success
[PUT] update 
[E] extent_server 0000000042717de8 getattr success
[E] extent_server 00000000cdb0cfb2 getattr success
[PUT] update 
[E] extent_server 0000000042717de8 getattr success
[E] extent_server 00000000fea2e742 getattr success
[PUT] update 
[E] extent_server 0000000042717de8 getattr success
RPC STATS: 1:2 6001:718 6002:1659 6003:1034 6004:112 
[E] extent_server 0000000089eebc46 getattr success
[PUT] update 
[E] extent_server 0000000042717de8 getattr success
[E] extent_server 000000009d0b7934 getattr success
[PUT] update 
[E] extent_server 0000000042717de8 getattr success
[E] extent_server 00000000af579f5c getattr success
[PUT] update 
[E] extent_server 0000000042717de8 getattr success
RPC STATS: 1:2 6001:721 6002:1671 6003:1041 6004:115 
[E] extent_server 00000000bc4656a0 getattr success
[PUT] update 
[E] extent_server 0000000042717de8 getattr success
[E] extent_server 00000000e326a2e3 getattr success
[PUT] update 
[E] extent_server 0000000042717de8 getattr success
[E] extent_server 00000000ab106da7 getattr success
[PUT] update 
[E] extent_server 0000000042717de8 getattr success
[E] extent_server 00000000ebad1298 getattr success
RPC STATS: 1:2 6001:724 6002:1684 6003:1047 6004:118 
[PUT] update 
[E] extent_server 0000000042717de8 getattr success
[E] extent_server 00000000d7c15812 getattr success
[PUT] update 
[E] extent_server 0000000042717de8 getattr success
[E] extent_server 00000000e965cd4f getattr success
[PUT] update 
[E] extent_server 0000000042717de8 getattr success
[E] extent_server 0000000092610316 getattr success
RPC STATS: 1:2 6001:727 6002:1696 6003:1053 6004:122 
[PUT] update 
[E] extent_server 0000000042717de8 getattr success
[E] extent_server 0000000081011149 getattr success
[PUT] update 
[E] extent_server 0000000042717de8 getattr success
[E] extent_server 00000000b6b204f6 getattr success
[PUT] update 
[E] extent_server 0000000042717de8 getattr success
[E] extent_server 0000000084880845 getattr success
RPC STATS: 1:2 6001:730 6002:1709 6003:1059 6004:125 
[PUT] update 
[E] extent_server 0000000042717de8 getattr success
[E] extent_server 00000000aa80192b getattr success
[PUT] update 
[E] extent_server 0000000042717de8 getattr success
[E] extent_server 00000000f1bddf06 getattr success
[PUT] update 
[E] extent_server 0000000042717de8 getattr success
[E] extent_server 000000009dd27d2d getattr success
RPC STATS: 1:2 6001:734 6002:1721 6003:1065 6004:128 
[PUT] update 
[E] extent_server 0000000042717de8 getattr success
[E] extent_server 000000008f27c6b1 getattr success
[PUT] update 
[E] extent_server 0000000042717de8 getattr success
[E] extent_server 00000000b42f5cee getattr success
[PUT] update 
[E] extent_server 0000000042717de8 getattr success
[E] extent_server 00000000976822cd getattr success
[PUT] update 
RPC STATS: 1:2 6001:737 6002:1734 6003:1071 6004:131 
[E] extent_server 0000000042717de8 getattr success
[E] extent_server 0000000097fdca04 getattr success
[PUT] update 
[E] extent_server 0000000042717de8 getattr success
[E] extent_server 00000000b9bf69af getattr success
[PUT] update 
[E] extent_server 0000000042717de8 getattr success
[E] extent_server 00000000f1baf8b3 getattr success
[PUT] update 
RPC STATS: 1:2 6001:740 6002:1746 6003:1078 6004:134 
[E] extent_server 0000000042717de8 getattr success
[E] extent_server 00000000f5e695b8 getattr success
[PUT] update 
[E] extent_server 0000000042717de8 getattr success
[E] extent_server 00000000907db424 getattr success
[PUT] update 
[E] extent_server 0000000042717de8 getattr success
[E] extent_server 00000000a5a3ac71 getattr success
[PUT] update 
[E] extent_server 0000000042717de8 getattr success
RPC STATS: 1:2 6001:743 6002:1759 6003:1084 6004:137 
[E] extent_server 00000000d470bc0b getattr success
[PUT] update 
[E] extent_server 0000000042717de8 getattr success
[E] extent_server 0000000091e14826 getattr success
[PUT] update 
[E] extent_server 0000000042717de8 getattr success
[E] extent_server 00000000c40a9913 getattr success
[PUT] update 
[E] extent_server 0000000042717de8 getattr success
RPC STATS: 1:2 6001:746 6002:1771 6003:1091 6004:140 
[E] extent_server 00000000b7a63a99 getattr success
[PUT] update 
[E] extent_server 0000000042717de8 getattr success
[E] extent_server 00000000df9217d9 getattr success
[PUT] update 
[E] extent_server 0000000042717de8 getattr success
[E] extent_server 00000000c2ad8055 getattr success
[PUT] update 
[E] extent_server 0000000042717de8 getattr success
[E] extent_server 00000000c194f6df getattr success
RPC STATS: 1:2 6001:749 6002:1784 6003:1097 6004:143 
[PUT] update 
[E] extent_server 0000000042717de8 getattr success
[E] extent_server 00000000fc9d910d getattr success
[PUT] update 
[E] extent_server 0000000042717de8 getattr success
[E] extent_server 00000000f2051fb2 getattr success
[PUT] update 
[E] extent_server 0000000042717de8 getattr success
[E] extent_server 00000000fddb4d7f getattr success
RPC STATS: 1:2 6001:752 6002:1796 6003:1103 6004:147 
[PUT] update 
[E] extent_server 0000000042717de8 getattr success
[E] extent_server 00000000dfc433f0 getattr success
[PUT] update 
[E] extent_server 0000000042717de8 getattr success
[E] extent_server 000000009d158d59 getattr success
[PUT] update 
[E] extent_server 0000000042717de8 getattr success
[E] extent_server 00000000e9886017 getattr success
RPC STATS: 1:2 6001:755 6002:1809 6003:1109 6004:150 
[PUT] update 
[E] extent_server 0000000042717de8 getattr success
[E] extent_server 00000000b7858c02 getattr success
[PUT] update 
[E] extent_server 0000000042717de8 getattr success
[E] extent_server 00000000867b5aa9 getattr success
[PUT] update 
[E] extent_server 0000000042717de8 getattr success
[E] extent_server 00000000fbe9632d getattr success
RPC STATS: 1:2 6001:759 6002:1821 6003:1115 6004:153 
[PUT] update 
[E] extent_server 0000000042717de8 getattr success
[E] extent_server 00000000b8869d4b getattr success
[PUT] update 
[E] extent_server 0000000042717de8 getattr success
[E] extent_server 00000000bd2d5f9f getattr success
[PUT] update 
[E] extent_server 0000000042717de8 getattr success
[E] extent_server 0000000080716b72 getattr success
[PUT] update 
RPC STATS: 1:2 6001:762 6002:1834 6003:1121 6004:156 
[E] extent_server 0000000042717de8 getattr success
[E] extent_server 00000000e306b676 getattr success
[PUT] update 
[E] extent_server 0000000042717de8 getattr success
[E] extent_server 00000000aeeb3ea5 getattr success
[PUT] update 
[E] extent_server 0000000042717de8 getattr success
[E] extent_server 000000009e43e89f getattr success
[PUT] update 
RPC STATS: 1:2 6001:765 6002:1846 6003:1128 6004:159 
[E] extent_server 0000000042717de8 getattr success
[E] extent_server 00000000f22e7d27 getattr success
[PUT] update 
[E] extent_server 0000000042717de8 getattr success
[E] extent_server 00000000e31a9b94 getattr success
[PUT] update 
[E] extent_server 0000000042717de8 getattr success
[E] extent_server 00000000b5ac0b6c getattr success
[PUT] update 
[E] extent_server 0000000042717de8 getattr success
RPC STATS: 1:2 6001:768 6002:1859 6003:1134 6004:162 
[E] extent_server 000000008a2c472b getattr success
[PUT] update 
[E] extent_server 0000000042717de8 getattr success
[E] extent_server 000000009cda0543 getattr success
[PUT] update 
[E] extent_server 0000000042717de8 getattr success
[E] extent_server 00000000a7670420 getattr success
[PUT] update 
[E] extent_server 0000000042717de8 getattr success
RPC STATS: 1:2 6001:771 6002:1871 6003:1141 6004:165 
[E] extent_server 000000008012dce3 getattr success
[PUT] update 
[E] extent_server 0000000042717de8 getattr success
[E] extent_server 00000000ad57b967 getattr success
[PUT] update 
[E] extent_server 0000000042717de8 getattr success
[E] extent_server 00000000cd0ab091 getattr success
[PUT] update 
[E] extent_server 0000000042717de8 getattr success
[E] extent_server 00000000d48398ef getattr success
RPC STATS: 1:2 6001:774 6002:1884 6003:1147 6004:168 
[PUT] update 
[E] extent_server 0000000042717de8 getattr success
[E] extent_server 00000000bf39018e getattr success
[PUT] update 
[E] extent_server 0000000042717de8 getattr success
[E] extent_server 00000000911549a4 getattr success
[PUT] update 
[E] extent_server 0000000042717de8 getattr success
[E] extent_server 000000008c29d388 getattr success
RPC STATS: 1:2 6001:777 6002:1896 6003:1153 6004:172 
[PUT] update 
[E] extent_server 0000000042717de8 getattr success
[E] extent_server 000000009ecb1967 getattr success
[PUT] update 
[E] extent_server 0000000042717de8 getattr success
[E] extent_server 00000000d3c2c9f9 getattr success
[PUT] update 
[E] extent_server 0000000042717de8 getattr success
[E] extent_server 00000000cdbeca67 getattr success
RPC STATS: 1:2 6001:780 6002:1909 6003:1159 6004:175 
[PUT] update 
[E] extent_server 0000000042717de8 getattr success
[E] extent_server 000000009b68aa74 getattr success
[PUT] update 
[E] extent_server 0000000042717de8 getattr success
[E] extent_server 00000000c5c7e9ab getattr success
[PUT] update 
[E] extent_server 0000000042717de8 getattr success
[E] extent_server 00000000cb9a17e6 getattr success
RPC STATS: 1:2 6001:784 6002:1921 6003:1165 6004:178 
[PUT] update 
[E] extent_server 0000000042717de8 getattr success
[E] extent_server 00000000fb2cde64 getattr success
[PUT] update 
[E] extent_server 0000000042717de8 getattr success
[E] extent_server 00000000e2dd7705 getattr success
[PUT] update 
[E] extent_server 0000000042717de8 getattr success
[E] extent_server 00000000b52277fe getattr success
[PUT] update 
RPC STATS: 1:2 6001:787 6002:1934 6003:1171 6004:181 
[E] extent_server 0000000042717de8 getattr success
[E] extent_server 00000000b2b26a66 getattr success
[PUT] update 
[E] extent_server 0000000042717de8 getattr success
[E] extent_server 00000000e958d1ae getattr success
[PUT] update 
[E] extent_server 0000000042717de8 getattr success
[E] extent_server 00000000b10bdb2b getattr success
[PUT] update 
RPC STATS: 1:2 6001:790 6002:1946 6003:1178 6004:184 
[E] extent_server 0000000042717de8 getattr success
[E] extent_server 00000000eb3907b1 getattr success
[PUT] update 
[E] extent_server 0000000042717de8 getattr success
[E] extent_server 00000000a686314d getattr success
[PUT] update 
[E] extent_server 0000000042717de8 getattr success
[E] extent_server 00000000b17d469e getattr success
[PUT] update 
[E] extent_server 0000000042717de8 getattr success
RPC STATS: 1:2 6001:793 6002:1959 6003:1184 6004:187 
[E] extent_server 00000000ce3fbe28 getattr success
[PUT] update 
[E] extent_server 0000000042717de8 getattr success
[E] extent_server 00000000d5716ff3 getattr success
[PUT] update 
[E] extent_server 0000000042717de8 getattr success
[E] extent_server 00000000cfc12f3d getattr success
[PUT] update 
[E] extent_server 0000000042717de8 getattr success
RPC STATS: 1:2 6001:796 6002:1971 6003:1191 6004:190 
[E] extent_server 00000000c06e3b4f getattr success
[PUT] update 
[E] extent_server 0000000042717de8 getattr success
[E] extent_server 00000000b88c0b87 getattr success
[PUT] update 
[E] extent_server 0000000042717de8 getattr success
[E] extent_server 00000000856d3aaa getattr success
[PUT] update 
[E] extent_server 0000000042717de8 getattr success
[E] extent_server 00000000ca9a827b getattr success
RPC STATS: 1:2 6001:799 6002:1984 6003:1197 6004:193 
[PUT] update 
[E] extent_server 0000000042717de8 getattr success
[E] extent_server 00000000d56610ca getattr success
[PUT] update 
[E] extent_server 0000000042717de8 getattr success
[E] extent_server 00000000acd43eca getattr success
[PUT] update 
[E] extent_server 0000000042717de8 getattr success
[E] extent_server 00000000caad5f5e getattr success
RPC STATS: 1:2 6001:802 6002:1996 6003:1203 6004:197 
[PUT] update 
[E] extent_server 0000000042717de8 getattr success
[E] extent_server 0000000082bdca31 getattr success
[PUT] update 
[E] extent_server 0000000042717de8 getattr success
[E] extent_server 000000001dc05f6e getattr success
[E] extent_server 0000000000000001 getattr success
[E] extent_server 0000000000000001 getattr success
