[PUT] create 
unique: 1, opcode: INIT (26), nodeid: 0, insize: 56
INIT: 7.13
flags=0x0000007b
max_readahead=0x00020000
   INIT: 7.8
   flags=0x00000000
   max_readahead=0x00020000
   max_write=0x00020000
   unique: 1, error: 0 (Success), outsize: 40
unique: 2, opcode: GETATTR (3), nodeid: 1, insize: 56
get_attr start
getattr 0000000000000001 0
[c] 127.0.0.1:42548 acquire [l] 0000000000000001 not exist
acquire OK status 3
getdir 0000000000000001
[E] extent_server 0000000000000001 getattr success
[release]
lock_status 2
   getattr -> 1355772167 1355772167 1355772167
   unique: 2, error: 0 (Success), outsize: 112
unique: 3, opcode: LOOKUP (1), nodeid: 1, insize: 46
[l] 0000000000000001 [RETRYING] [c] 127.0.0.1:42548 wait for lock
[LOOK UP] under dir 0000000000000001
[i] look up d5938
[i] readdir_yfs_client
[i] 0000000000000001
have not found d5938
[release]
lock_status 2
getattr b76233a000000001 0
[c] 127.0.0.1:42548 acquire [l] b76233a000000001 not exist
acquire OK status 3
getdir b76233a000000001
[release]
lock_status 2
   unique: 3, error: -2 (No such file or directory), outsize: 16
unique: 4, opcode: MKDIR (9), nodeid: 1, insize: 54
[l] 0000000000000001 [RETRYING] [c] 127.0.0.1:42548 wait for lock
[E] extent_server 0000000000000001 getattr success
[i] create_yfs_client
[LOOK UP] under dir 0000000000000001
[i] look up d5938
[i] readdir_yfs_client
[i] 0000000000000001
have not found d5938
