[PUT] create 
[PUT] update 
[E] extent_server 0000000000000001 getattr success
[E] extent_server 0000000000000001 getattr success
[E] extent_server 0000000000000001 getattr success
[E] extent_server 0000000000000001 getattr success
[E] extent_server 0000000000000001 getattr success
[E] extent_server 0000000000000001 getattr success
[E] extent_server 0000000000000001 getattr success
[E] extent_server getattr failed
[E] extent_server 0000000000000001 getattr success
[PUT] update 
[PUT] create 
[E] extent_server 000000007d6533b3 getattr success
[E] extent_server getattr failed
[E] extent_server 0000000000000001 getattr success
RPC STATS: 1:2 6001:4 6002:7 6003:12 
[PUT] update 
[PUT] create 
[E] extent_server 00000000597fd3a6 getattr success
[E] extent_server 000000007d6533b3 getattr success
[E] extent_server 000000007d6533b3 getattr success
[E] extent_server getattr failed
[E] extent_server 000000007d6533b3 getattr success
[E] extent_server 00000000597fd3a6 getattr success
[PUT] update 
[PUT] create 
[E] extent_server 00000000abd51bae getattr success
[PUT] update 
[E] extent_server getattr failed
[E] extent_server 00000000597fd3a6 getattr success
RPC STATS: 1:2 6001:9 6002:18 6003:21 
[PUT] update 
[PUT] create 
[E] extent_server 0000000095dfd793 getattr success
[PUT] update 
[E] extent_server 000000007d6533b3 getattr success
[E] extent_server 00000000597fd3a6 getattr success
[E] extent_server getattr failed
[E] extent_server 000000007d6533b3 getattr success
[E] extent_server getattr failed
[E] extent_server 00000000597fd3a6 getattr success
[PUT] update 
RPC STATS: 1:2 6001:14 6002:31 6003:28 
[PUT] create 
[PUT] update 
[E] extent_server 00000000b963076e getattr success
[PUT] create 
[E] extent_server 000000008724c044 getattr success
[PUT] update 
[E] extent_server 000000007d6533b3 getattr success
[E] extent_server getattr failed
[E] extent_server 000000007d6533b3 getattr success
[PUT] update 
[PUT] update 
[PUT] create 
[E] extent_server 00000000597fd3a6 getattr success
[E] extent_server 00000000ba12be28 getattr success
[PUT] update 
RPC STATS: 1:2 6001:21 6002:41 6003:36 
[E] extent_server getattr failed
[E] extent_server 00000000597fd3a6 getattr success
[E] extent_server 000000007d6533b3 getattr success
[PUT] update 
[PUT] create 
[E] extent_server 000000008c71d21f getattr success
[E] extent_server getattr failed
[PUT] update 
[E] extent_server 000000007d6533b3 getattr success
[PUT] update 
[PUT] create 
[E] extent_server 00000000915e9220 getattr success
[PUT] update 
RPC STATS: 1:2 6001:27 6002:53 6003:43 
[E] extent_server 000000007d6533b3 getattr success
[E] extent_server getattr failed
[E] extent_server 00000000597fd3a6 getattr success
[E] extent_server 000000007d6533b3 getattr success
[E] extent_server getattr failed
[PUT] update 
[PUT] create 
[E] extent_server 00000000597fd3a6 getattr success
[E] extent_server 000000009fb95925 getattr success
[PUT] update 
[PUT] create 
[PUT] update 
[E] extent_server 0000000080d7fddf getattr success
[PUT] update 
RPC STATS: 1:2 6001:33 6002:64 6003:51 
[E] extent_server 000000007d6533b3 getattr success
[E] extent_server 00000000597fd3a6 getattr success
[E] extent_server getattr failed
[E] extent_server 000000007d6533b3 getattr success
[PUT] update 
[PUT] create 
[E] extent_server 0000000082736834 getattr success
[PUT] update 
[E] extent_server 000000007d6533b3 getattr success
[E] extent_server getattr failed
[E] extent_server 000000007d6533b3 getattr success
[E] extent_server getattr failed
[E] extent_server 00000000597fd3a6 getattr success
RPC STATS: 1:2 6001:36 6002:77 6003:60 
[PUT] update 
[PUT] create 
[PUT] update 
[PUT] create 
[E] extent_server 00000000d894ceab getattr success
[E] extent_server 0000000096eb6ceb getattr success
[PUT] update 
[PUT] update 
[E] extent_server 00000000597fd3a6 getattr success
[E] extent_server getattr failed
[E] extent_server 00000000597fd3a6 getattr success
[PUT] update 
[PUT] create 
[E] extent_server 00000000df5efd15 getattr success
RPC STATS: 1:2 6001:44 6002:88 6003:66 
[PUT] update 
[E] extent_server 00000000597fd3a6 getattr success
[E] extent_server getattr failed
[E] extent_server 00000000597fd3a6 getattr success
[PUT] update 
[PUT] create 
[E] extent_server 00000000e2e46dee getattr success
[PUT] update 
[E] extent_server 00000000597fd3a6 getattr success
[E] extent_server getattr failed
[E] extent_server 00000000597fd3a6 getattr success
[PUT] update 
[PUT] create 
RPC STATS: 1:2 6001:50 6002:99 6003:74 
[E] extent_server 00000000d256c2ef getattr success
[PUT] update 
[E] extent_server 00000000597fd3a6 getattr success
[E] extent_server getattr failed
[E] extent_server 00000000597fd3a6 getattr success
[PUT] update 
[PUT] create 
[E] extent_server 00000000fa329527 getattr success
[PUT] update 
[E] extent_server 00000000597fd3a6 getattr success
[E] extent_server getattr failed
[E] extent_server 00000000597fd3a6 getattr success
[PUT] update 
RPC STATS: 1:2 6001:56 6002:111 6003:81 
[PUT] create 
[E] extent_server 000000007d6533b3 getattr success
[E] extent_server getattr failed
[E] extent_server 000000007d6533b3 getattr success
[PUT] update 
[PUT] create 
[E] extent_server 00000000c3bfa7e9 getattr success
[PUT] update 
[E] extent_server 00000000d058f3a2 getattr success
[PUT] update 
[E] extent_server 00000000597fd3a6 getattr success
[E] extent_server getattr failed
[E] extent_server 000000007d6533b3 getattr success
[E] extent_server getattr failed
[E] extent_server 000000007d6533b3 getattr success
RPC STATS: 1:2 6001:60 6002:122 6003:91 
[PUT] update 
[PUT] create 
[E] extent_server 00000000a3ef6607 getattr success
[PUT] update 
[E] extent_server 000000007d6533b3 getattr success
[E] extent_server getattr failed
[E] extent_server 000000007d6533b3 getattr success
[PUT] update 
[PUT] create 
[E] extent_server 00000000cd6011db getattr success
[E] extent_server 00000000597fd3a6 getattr success
[PUT] update 
[PUT] create 
RPC STATS: 1:2 6001:67 6002:133 6003:98 
[E] extent_server 00000000893257c3 getattr success
[PUT] update 
[E] extent_server 00000000597fd3a6 getattr success
[PUT] update 
[E] extent_server getattr failed
[E] extent_server 00000000597fd3a6 getattr success
[PUT] update 
[PUT] create 
[E] extent_server 000000008c58c125 getattr success
[PUT] update 
[E] extent_server 000000007d6533b3 getattr success
[E] extent_server getattr failed
[E] extent_server 00000000597fd3a6 getattr success
RPC STATS: 1:2 6001:72 6002:145 6003:106 
[E] extent_server getattr failed
[E] extent_server 00000000597fd3a6 getattr success
[PUT] update 
[PUT] create 
[E] extent_server 00000000ccac7d98 getattr success
[PUT] update 
[E] extent_server 000000007d6533b3 getattr success
[PUT] update 
[PUT] create 
[E] extent_server 00000000df4bb0b9 getattr success
[PUT] update 
[E] extent_server 00000000597fd3a6 getattr success
[E] extent_server 000000007d6533b3 getattr success
RPC STATS: 1:2 6001:78 6002:157 6003:113 
[E] extent_server getattr failed
[E] extent_server getattr failed
[E] extent_server 00000000597fd3a6 getattr success
[E] extent_server 000000007d6533b3 getattr success
[PUT] update 
[PUT] update 
[PUT] create 
[PUT] create 
[E] extent_server 00000000abc3bd7d getattr success
[E] extent_server 00000000e4ec64e6 getattr success
[PUT] update 
[PUT] update 
[E] extent_server 000000007d6533b3 getattr success
[E] extent_server getattr failed
[E] extent_server 000000007d6533b3 getattr success
RPC STATS: 1:2 6001:84 6002:168 6003:121 
[PUT] update 
[PUT] create 
[E] extent_server 00000000bebf28e2 getattr success
[PUT] update 
[E] extent_server 000000007d6533b3 getattr success
[E] extent_server getattr failed
[E] extent_server 000000007d6533b3 getattr success
[E] extent_server 00000000597fd3a6 getattr success
[PUT] update 
[PUT] create 
[E] extent_server getattr failed
[E] extent_server 00000000ad5f4628 getattr success
[E] extent_server 00000000597fd3a6 getattr success
RPC STATS: 1:2 6001:89 6002:180 6003:129 
[PUT] update 
[PUT] update 
[PUT] create 
[E] extent_server 00000000e530f052 getattr success
[E] extent_server 000000007d6533b3 getattr success
[PUT] update 
[E] extent_server getattr failed
[E] extent_server 00000000597fd3a6 getattr success
[E] extent_server 000000007d6533b3 getattr success
[PUT] update 
[PUT] create 
[E] extent_server getattr failed
[E] extent_server 00000000aeb7fa04 getattr success
[E] extent_server 00000000597fd3a6 getattr success
RPC STATS: 1:2 6001:95 6002:191 6003:137 
[PUT] update 
[PUT] update 
[PUT] create 
[E] extent_server 000000007d6533b3 getattr success
[E] extent_server getattr failed
[E] extent_server 000000007d6533b3 getattr success
[PUT] update 
[PUT] create 
[E] extent_server 000000009930affa getattr success
[PUT] update 
[E] extent_server 000000007d6533b3 getattr success
[E] extent_server getattr failed
[E] extent_server 000000007d6533b3 getattr success
RPC STATS: 1:2 6001:101 6002:203 6003:144 
[PUT] update 
[PUT] create 
[E] extent_server 00000000a44b0bb1 getattr success
[PUT] update 
[E] extent_server 00000000c881a1c4 getattr success
[PUT] update 
[E] extent_server 000000007d6533b3 getattr success
[E] extent_server 00000000597fd3a6 getattr success
[E] extent_server getattr failed
[E] extent_server 00000000597fd3a6 getattr success
[PUT] update 
[PUT] create 
[E] extent_server 00000000e897babe getattr success
RPC STATS: 1:2 6001:108 6002:214 6003:151 
[PUT] update 
[E] extent_server 00000000597fd3a6 getattr success
[E] extent_server getattr failed
[E] extent_server 000000007d6533b3 getattr success
[E] extent_server getattr failed
[E] extent_server 00000000597fd3a6 getattr success
[PUT] update 
[PUT] create 
[E] extent_server 00000000a4c51605 getattr success
[PUT] update 
[E] extent_server 000000007d6533b3 getattr success
[PUT] update 
[PUT] create 
RPC STATS: 1:2 6001:113 6002:226 6003:159 
[E] extent_server 00000000972f93f2 getattr success
[E] extent_server getattr failed
[PUT] update 
[E] extent_server 000000007d6533b3 getattr success
[E] extent_server 00000000597fd3a6 getattr success
[PUT] update 
[PUT] create 
[E] extent_server 00000000a62c62f8 getattr success
[E] extent_server getattr failed
[E] extent_server 00000000597fd3a6 getattr success
[PUT] update 
[PUT] create 
[E] extent_server 00000000d09cf37e getattr success
[PUT] update 
RPC STATS: 1:2 6001:119 6002:237 6003:167 
[E] extent_server 00000000597fd3a6 getattr success
[E] extent_server getattr failed
[E] extent_server 00000000597fd3a6 getattr success
[PUT] update 
[PUT] create 
[E] extent_server 00000000fd267af5 getattr success
[PUT] update 
[E] extent_server 00000000597fd3a6 getattr success
[E] extent_server getattr failed
[E] extent_server 00000000597fd3a6 getattr success
[PUT] update 
[PUT] create 
[E] extent_server 00000000f548f002 getattr success
[PUT] update 
RPC STATS: 1:2 6001:125 6002:249 6003:174 
[PUT] update 
[E] extent_server 000000007d6533b3 getattr success
[E] extent_server getattr failed
[E] extent_server 000000007d6533b3 getattr success
[PUT] update 
[PUT] create 
[E] extent_server 00000000e9d974e5 getattr success
[PUT] update 
[E] extent_server 00000000597fd3a6 getattr success
[E] extent_server 000000007d6533b3 getattr success
[E] extent_server getattr failed
[E] extent_server 000000007d6533b3 getattr success
RPC STATS: 1:2 6001:130 6002:261 6003:182 
[PUT] update 
[PUT] create 
[E] extent_server 00000000e648b58c getattr success
[E] extent_server getattr failed
[E] extent_server 00000000597fd3a6 getattr success
[PUT] update 
[PUT] create 
[E] extent_server 00000000d249bcbe getattr success
[PUT] update 
[E] extent_server 00000000597fd3a6 getattr success
[E] extent_server getattr failed
[E] extent_server 00000000597fd3a6 getattr success
[PUT] update 
[PUT] create 
[E] extent_server 00000000d958bdf2 getattr success
RPC STATS: 1:2 6001:136 6002:272 6003:190 
[PUT] update 
[E] extent_server 00000000597fd3a6 getattr success
[E] extent_server getattr failed
[PUT] update 
[E] extent_server 00000000597fd3a6 getattr success
[PUT] update 
[PUT] create 
[E] extent_server 00000000e2d447ca getattr success
[PUT] update 
[E] extent_server 00000000597fd3a6 getattr success
[E] extent_server getattr failed
[E] extent_server 00000000597fd3a6 getattr success
RPC STATS: 1:2 6001:142 6002:284 6003:197 
[PUT] update 
[PUT] create 
[E] extent_server 00000000f26ebb70 getattr success
[PUT] update 
[E] extent_server 00000000597fd3a6 getattr success
[E] extent_server getattr failed
[E] extent_server 000000007d6533b3 getattr success
[E] extent_server getattr failed
[E] extent_server 000000007d6533b3 getattr success
[PUT] update 
[PUT] create 
[E] extent_server 00000000dd238d55 getattr success
[E] extent_server 00000000597fd3a6 getattr success
[PUT] update 
RPC STATS: 1:2 6001:148 6002:295 6003:205 
[PUT] create 
[E] extent_server 00000000ef765bc2 getattr success
[PUT] update 
[E] extent_server 00000000597fd3a6 getattr success
[PUT] update 
[E] extent_server 000000007d6533b3 getattr success
[E] extent_server getattr failed
[E] extent_server 000000007d6533b3 getattr success
[PUT] update 
[PUT] create 
[E] extent_server 00000000b9679baa getattr success
[PUT] update 
[E] extent_server 000000007d6533b3 getattr success
RPC STATS: 1:2 6001:153 6002:307 6003:213 
[E] extent_server getattr failed
[E] extent_server 00000000597fd3a6 getattr success
[PUT] update 
[PUT] create 
[E] extent_server 000000008b3f1ad0 getattr success
[PUT] update 
[E] extent_server getattr failed
[E] extent_server 000000007d6533b3 getattr success
[E] extent_server 00000000597fd3a6 getattr success
[PUT] update 
[PUT] create 
[E] extent_server 00000000a6bedce0 getattr success
[E] extent_server getattr failed
[E] extent_server 00000000597fd3a6 getattr success
RPC STATS: 1:2 6001:159 6002:318 6003:221 
[PUT] update 
[PUT] update 
[PUT] create 
[E] extent_server 000000007d6533b3 getattr success
[E] extent_server getattr failed
[E] extent_server 000000007d6533b3 getattr success
[PUT] update 
[PUT] create 
[E] extent_server 00000000b63d5fd2 getattr success
[PUT] update 
[E] extent_server 000000007d6533b3 getattr success
[E] extent_server getattr failed
[E] extent_server 000000007d6533b3 getattr success
RPC STATS: 1:2 6001:164 6002:331 6003:228 
[PUT] update 
[PUT] create 
[E] extent_server 00000000b8a1ce6e getattr success
[PUT] update 
[E] extent_server 000000008029e734 getattr success
[PUT] update 
[E] extent_server 00000000597fd3a6 getattr success
[E] extent_server getattr failed
[E] extent_server 00000000597fd3a6 getattr success
[PUT] update 
[PUT] create 
[E] extent_server 00000000eef49cec getattr success
[E] extent_server 000000007d6533b3 getattr success
[E] extent_server getattr failed
[E] extent_server 000000007d6533b3 getattr success
RPC STATS: 1:2 6001:170 6002:341 6003:237 
[PUT] update 
[PUT] create 
[E] extent_server 00000000d7acf66b getattr success
[PUT] update 
[PUT] update 
[E] extent_server 000000007d6533b3 getattr success
[E] extent_server getattr failed
[E] extent_server 000000007d6533b3 getattr success
[PUT] update 
[PUT] create 
[E] extent_server 00000000a6ad41ae getattr success
[PUT] update 
RPC STATS: 1:2 6001:177 6002:353 6003:243 
[E] extent_server 000000007d6533b3 getattr success
[E] extent_server getattr failed
[E] extent_server 000000007d6533b3 getattr success
[PUT] update 
[PUT] create 
[E] extent_server 00000000597fd3a6 getattr success
[E] extent_server 000000009d3e180f getattr success
[PUT] update 
[E] extent_server 000000007d6533b3 getattr success
[E] extent_server getattr failed
[E] extent_server getattr failed
[E] extent_server 000000007d6533b3 getattr success
[PUT] update 
[PUT] create 
RPC STATS: 1:2 6001:182 6002:364 6003:252 
[E] extent_server 00000000f9422ad8 getattr success
[PUT] update 
[E] extent_server 000000007d6533b3 getattr success
[E] extent_server getattr failed
[E] extent_server 000000007d6533b3 getattr success
[PUT] update 
[PUT] create 
[E] extent_server 00000000a4127561 getattr success
[PUT] update 
[E] extent_server 000000007d6533b3 getattr success
[E] extent_server getattr failed
[E] extent_server 000000007d6533b3 getattr success
[PUT] update 
RPC STATS: 1:2 6001:188 6002:376 6003:259 
[PUT] create 
[E] extent_server 00000000c91333bd getattr success
[PUT] update 
[E] extent_server 000000007d6533b3 getattr success
[E] extent_server 00000000597fd3a6 getattr success
[PUT] update 
[PUT] create 
[E] extent_server 00000000d8badde9 getattr success
[PUT] update 
[E] extent_server 00000000597fd3a6 getattr success
[E] extent_server getattr failed
[E] extent_server 00000000597fd3a6 getattr success
[PUT] update 
RPC STATS: 1:2 6001:194 6002:388 6003:266 
[PUT] create 
[E] extent_server 00000000d9a9bada getattr success
[PUT] update 
[E] extent_server 00000000597fd3a6 getattr success
[E] extent_server getattr failed
[E] extent_server 000000007d6533b3 getattr success
[E] extent_server getattr failed
[E] extent_server 00000000597fd3a6 getattr success
[PUT] update 
[PUT] create 
[E] extent_server 00000000b2a53246 getattr success
[PUT] update 
[PUT] create 
[PUT] update 
[E] extent_server 0000000084d4747f getattr success
RPC STATS: 1:2 6001:200 6002:399 6003:274 
[PUT] update 
[E] extent_server 00000000597fd3a6 getattr success
[E] extent_server getattr failed
[E] extent_server 00000000597fd3a6 getattr success
[PUT] update 
[PUT] create 
[E] extent_server 00000000dfdf9e2d getattr success
[PUT] update 
[E] extent_server 00000000597fd3a6 getattr success
[E] extent_server getattr failed
[E] extent_server 000000007d6533b3 getattr success
[E] extent_server getattr failed
[E] extent_server 000000007d6533b3 getattr success
RPC STATS: 1:2 6001:204 6002:411 6003:283 
[PUT] update 
[PUT] create 
[E] extent_server 00000000de253389 getattr success
[PUT] update 
[E] extent_server 000000007d6533b3 getattr success
[E] extent_server 00000000597fd3a6 getattr success
[PUT] update 
[E] extent_server getattr failed
[PUT] create 
[E] extent_server 00000000e61b8cf9 getattr success
[E] extent_server 000000007d6533b3 getattr success
[PUT] update 
[PUT] update 
RPC STATS: 1:2 6001:212 6002:422 6003:289 
[PUT] create 
[E] extent_server 00000000da71c5dd getattr success
[PUT] update 
[E] extent_server 00000000597fd3a6 getattr success
[E] extent_server 000000007d6533b3 getattr success
[E] extent_server getattr failed
[E] extent_server getattr failed
[E] extent_server 00000000597fd3a6 getattr success
[E] extent_server 000000007d6533b3 getattr success
[PUT] update 
[PUT] create 
[E] extent_server 00000000d25e8b6b getattr success
[PUT] update 
RPC STATS: 1:2 6001:217 6002:434 6003:297 
[PUT] create 
[PUT] update 
[E] extent_server 0000000085ac725e getattr success
[PUT] update 
[E] extent_server 00000000597fd3a6 getattr success
[E] extent_server 000000007d6533b3 getattr success
[E] extent_server getattr failed
[E] extent_server 000000007d6533b3 getattr success
[E] extent_server getattr failed
[PUT] update 
[E] extent_server 00000000597fd3a6 getattr success
[PUT] create 
[E] extent_server 00000000e0989bbd getattr success
[PUT] update 
RPC STATS: 1:2 6001:222 6002:446 6003:305 
[PUT] update 
[PUT] create 
[E] extent_server 00000000b8746cd9 getattr success
[E] extent_server 000000007d6533b3 getattr success
[PUT] update 
[E] extent_server 00000000597fd3a6 getattr success
[E] extent_server getattr failed
[E] extent_server 00000000597fd3a6 getattr success
[PUT] update 
[PUT] create 
[E] extent_server 00000000c57a8a0e getattr success
[PUT] update 
[E] extent_server 00000000597fd3a6 getattr success
RPC STATS: 1:2 6001:228 6002:457 6003:313 
[E] extent_server getattr failed
[E] extent_server 00000000597fd3a6 getattr success
[PUT] update 
[PUT] create 
[E] extent_server 00000000e890e04c getattr success
[PUT] update 
[E] extent_server getattr failed
[E] extent_server 000000007d6533b3 getattr success
[PUT] update 
[PUT] create 
[E] extent_server 00000000f15d32c8 getattr success
[PUT] update 
[E] extent_server 000000007d6533b3 getattr success
[E] extent_server getattr failed
RPC STATS: 1:2 6001:234 6002:468 6003:321 
[E] extent_server 000000007d6533b3 getattr success
[E] extent_server 00000000597fd3a6 getattr success
[PUT] update 
[PUT] create 
[E] extent_server 00000000961e3354 getattr success
[PUT] update 
[E] extent_server 000000007d6533b3 getattr success
[E] extent_server getattr failed
[E] extent_server 000000007d6533b3 getattr success
[PUT] update 
[PUT] create 
[E] extent_server 00000000848801c4 getattr success
[PUT] update 
[E] extent_server 000000007d6533b3 getattr success
RPC STATS: 1:2 6001:240 6002:480 6003:328 
[E] extent_server getattr failed
[E] extent_server 000000007d6533b3 getattr success
[PUT] update 
[PUT] create 
[E] extent_server 00000000bebd44a4 getattr success
[PUT] update 
[E] extent_server 000000007d6533b3 getattr success
[E] extent_server getattr failed
[E] extent_server 000000007d6533b3 getattr success
[PUT] update 
[PUT] create 
[E] extent_server 00000000f569e40e getattr success
[PUT] update 
RPC STATS: 1:2 6001:246 6002:491 6003:336 
[E] extent_server 000000007d6533b3 getattr success
[E] extent_server getattr failed
[E] extent_server 000000007d6533b3 getattr success
[PUT] update 
[PUT] create 
[E] extent_server 00000000e97466aa getattr success
[PUT] update 
[E] extent_server 000000007d6533b3 getattr success
[E] extent_server getattr failed
[E] extent_server 000000007d6533b3 getattr success
[PUT] update 
[PUT] create 
[E] extent_server 00000000fd7c6d86 getattr success
RPC STATS: 1:2 6001:252 6002:503 6003:343 
[PUT] update 
[E] extent_server 000000007d6533b3 getattr success
[E] extent_server getattr failed
[E] extent_server 000000007d6533b3 getattr success
[PUT] update 
[PUT] create 
[E] extent_server 00000000a2c92a36 getattr success
[PUT] update 
[E] extent_server 000000007d6533b3 getattr success
[E] extent_server getattr failed
[E] extent_server 000000007d6533b3 getattr success
[PUT] update 
[PUT] create 
[E] extent_server 00000000982c60af getattr success
RPC STATS: 1:2 6001:257 6002:515 6003:351 
[PUT] update 
[E] extent_server 000000007d6533b3 getattr success
[E] extent_server getattr failed
[E] extent_server 000000007d6533b3 getattr success
[PUT] update 
[PUT] create 
[E] extent_server 0000000096ad1d81 getattr success
[PUT] update 
[E] extent_server 000000007d6533b3 getattr success
[E] extent_server getattr failed
[E] extent_server 000000007d6533b3 getattr success
[PUT] update 
[PUT] create 
RPC STATS: 1:2 6001:263 6002:526 6003:359 
[E] extent_server 00000000c71435e7 getattr success
[PUT] update 
[E] extent_server 000000007d6533b3 getattr success
[E] extent_server getattr failed
[E] extent_server 000000007d6533b3 getattr success
[PUT] update 
[PUT] create 
[E] extent_server 00000000bcf176b4 getattr success
[PUT] update 
[E] extent_server 000000007d6533b3 getattr success
[E] extent_server getattr failed
[E] extent_server 000000007d6533b3 getattr success
[PUT] update 
RPC STATS: 1:2 6001:269 6002:538 6003:366 
[PUT] create 
[E] extent_server 00000000bcd98079 getattr success
[PUT] update 
[E] extent_server getattr failed
[E] extent_server 00000000597fd3a6 getattr success
[PUT] update 
[PUT] create 
[E] extent_server 000000008acb2fc8 getattr success
[PUT] update 
[E] extent_server 00000000597fd3a6 getattr success
[E] extent_server getattr failed
[E] extent_server 00000000597fd3a6 getattr success
[PUT] update 
[PUT] create 
RPC STATS: 1:2 6001:275 6002:549 6003:374 
[E] extent_server 00000000bfad1f36 getattr success
[PUT] update 
[E] extent_server 00000000597fd3a6 getattr success
[E] extent_server getattr failed
[E] extent_server 00000000597fd3a6 getattr success
[PUT] update 
[PUT] create 
[E] extent_server 00000000b8e9d3ef getattr success
[PUT] update 
[E] extent_server 00000000597fd3a6 getattr success
[E] extent_server getattr failed
[E] extent_server 00000000597fd3a6 getattr success
[PUT] update 
RPC STATS: 1:2 6001:281 6002:561 6003:381 
[PUT] create 
[E] extent_server 0000000093fd878c getattr success
[PUT] update 
[E] extent_server 00000000597fd3a6 getattr success
[E] extent_server getattr failed
[E] extent_server 000000007d6533b3 getattr success
[E] extent_server getattr failed
[E] extent_server 000000007d6533b3 getattr success
[PUT] update 
[PUT] create 
[E] extent_server 00000000b0edaacc getattr success
[PUT] update 
[E] extent_server 000000007d6533b3 getattr success
[E] extent_server getattr failed
[E] extent_server 00000000597fd3a6 getattr success
RPC STATS: 1:2 6001:285 6002:572 6003:391 
[PUT] update 
[PUT] create 
[E] extent_server 00000000cc05e05b getattr success
[E] extent_server 000000007d6533b3 getattr success
[PUT] update 
[PUT] create 
[E] extent_server 00000000a33a2c40 getattr success
[PUT] update 
[E] extent_server 000000007d6533b3 getattr success
[E] extent_server getattr failed
[E] extent_server 000000007d6533b3 getattr success
[PUT] update 
[PUT] create 
RPC STATS: 1:2 6001:292 6002:583 6003:398 
[E] extent_server 0000000099fd0dce getattr success
[PUT] update 
[E] extent_server 000000007d6533b3 getattr success
[E] extent_server getattr failed
[E] extent_server 000000007d6533b3 getattr success
[PUT] update 
[PUT] create 
[E] extent_server 00000000ea554677 getattr success
[PUT] update 
[E] extent_server 000000007d6533b3 getattr success
[E] extent_server getattr failed
[E] extent_server 000000007d6533b3 getattr success
[PUT] update 
RPC STATS: 1:2 6001:298 6002:595 6003:405 
[PUT] create 
[E] extent_server 00000000c9f90921 getattr success
[PUT] update 
[PUT] update 
[E] extent_server 000000007d6533b3 getattr success
[E] extent_server getattr failed
[E] extent_server 000000007d6533b3 getattr success
[PUT] update 
[PUT] create 
[E] extent_server 00000000d03a6da0 getattr success
[PUT] update 
[E] extent_server 00000000597fd3a6 getattr success
[E] extent_server getattr failed
[E] extent_server 00000000597fd3a6 getattr success
RPC STATS: 1:2 6001:303 6002:607 6003:413 
[PUT] update 
[PUT] create 
[E] extent_server 0000000085965187 getattr success
[E] extent_server 000000007d6533b3 getattr success
[PUT] update 
[E] extent_server 00000000597fd3a6 getattr success
[E] extent_server getattr failed
[E] extent_server 000000007d6533b3 getattr success
[E] extent_server getattr failed
[PUT] update 
[PUT] create 
[E] extent_server 00000000a2f714e5 getattr success
[PUT] update 
RPC STATS: 1:2 6001:309 6002:618 6003:421 
[E] extent_server 000000007d6533b3 getattr success
[E] extent_server getattr failed
[E] extent_server 000000007d6533b3 getattr success
[PUT] update 
[PUT] create 
[E] extent_server 00000000a1a5ff8c getattr success
[PUT] update 
[E] extent_server 000000007d6533b3 getattr success
[E] extent_server getattr failed
[E] extent_server 000000007d6533b3 getattr success
[PUT] update 
[PUT] create 
[E] extent_server 00000000f6e7af4e getattr success
[PUT] update 
RPC STATS: 1:2 6001:315 6002:630 6003:428 
[E] extent_server 000000007d6533b3 getattr success
[E] extent_server getattr failed
[E] extent_server 000000007d6533b3 getattr success
[PUT] update 
[PUT] create 
[E] extent_server 00000000c0352cf4 getattr success
[PUT] update 
[E] extent_server 000000007d6533b3 getattr success
[E] extent_server getattr failed
[E] extent_server 000000007d6533b3 getattr success
[PUT] update 
[PUT] create 
[E] extent_server 000000009ae82a64 getattr success
RPC STATS: 1:2 6001:321 6002:641 6003:436 
[PUT] update 
[E] extent_server 000000007d6533b3 getattr success
[E] extent_server getattr failed
[E] extent_server 000000007d6533b3 getattr success
[PUT] update 
[PUT] create 
[E] extent_server 000000009afa24af getattr success
[PUT] update 
[E] extent_server 000000007d6533b3 getattr success
[E] extent_server 00000000597fd3a6 getattr success
[PUT] update 
[PUT] create 
[E] extent_server 00000000bfc14509 getattr success
[PUT] update 
RPC STATS: 1:2 6001:327 6002:653 6003:443 
[E] extent_server 00000000597fd3a6 getattr success
[E] extent_server getattr failed
[E] extent_server 00000000597fd3a6 getattr success
[PUT] update 
[PUT] create 
[E] extent_server 00000000b136d0ad getattr success
[PUT] update 
[E] extent_server getattr failed
[E] extent_server 000000007d6533b3 getattr success
[PUT] update 
[PUT] create 
[E] extent_server 00000000894860b1 getattr success
[PUT] update 
RPC STATS: 1:2 6001:333 6002:665 6003:450 
[E] extent_server 000000007d6533b3 getattr success
[E] extent_server getattr failed
[E] extent_server 000000007d6533b3 getattr success
[PUT] update 
[PUT] create 
[E] extent_server 00000000cd8d5caa getattr success
[PUT] update 
[E] extent_server 00000000597fd3a6 getattr success
[E] extent_server getattr failed
[E] extent_server 00000000597fd3a6 getattr success
[PUT] update 
[PUT] create 
[E] extent_server 00000000ce17f34c getattr success
[E] extent_server 000000007d6533b3 getattr success
RPC STATS: 1:2 6001:338 6002:676 6003:459 
[PUT] update 
[E] extent_server 00000000597fd3a6 getattr success
[E] extent_server getattr failed
[E] extent_server getattr failed
[E] extent_server 000000007d6533b3 getattr success
[PUT] update 
[PUT] create 
[E] extent_server 00000000f91f5838 getattr success
[PUT] update 
[E] extent_server 00000000597fd3a6 getattr success
[PUT] update 
[PUT] create 
[E] extent_server 00000000a858ffc7 getattr success
RPC STATS: 1:2 6001:345 6002:687 6003:466 
[PUT] update 
[E] extent_server 000000007d6533b3 getattr success
[E] extent_server 00000000597fd3a6 getattr success
[E] extent_server getattr failed
[E] extent_server getattr failed
[E] extent_server 000000007d6533b3 getattr success
[PUT] update 
[PUT] create 
[E] extent_server 00000000e3ba268e getattr success
[PUT] update 
[E] extent_server 000000007d6533b3 getattr success
[E] extent_server getattr failed
[E] extent_server 000000007d6533b3 getattr success
RPC STATS: 1:2 6001:348 6002:700 6003:475 
[PUT] update 
[PUT] create 
[E] extent_server 000000009febe815 getattr success
[PUT] update 
[E] extent_server 000000007d6533b3 getattr success
[E] extent_server 00000000597fd3a6 getattr success
[PUT] update 
[PUT] create 
[E] extent_server 00000000c866649f getattr success
[PUT] update 
[E] extent_server getattr failed
[E] extent_server 00000000597fd3a6 getattr success
[E] extent_server getattr failed
[E] extent_server 00000000597fd3a6 getattr success
RPC STATS: 1:2 6001:354 6002:711 6003:483 
[PUT] update 
[PUT] create 
[E] extent_server 000000009eb4e6ca getattr success
[PUT] update 
[E] extent_server 00000000597fd3a6 getattr success
[E] extent_server getattr failed
[E] extent_server 00000000597fd3a6 getattr success
[PUT] update 
[PUT] create 
[E] extent_server 00000000a57f7abc getattr success
[PUT] update 
[E] extent_server 000000007d6533b3 getattr success
[PUT] update 
RPC STATS: 1:2 6001:362 6002:722 6003:489 
[PUT] create 
[E] extent_server 00000000d9b7f3f5 getattr success
[E] extent_server 00000000597fd3a6 getattr success
[E] extent_server getattr failed
[E] extent_server 00000000597fd3a6 getattr success
[PUT] update 
[PUT] create 
[E] extent_server 00000000bdaf54a1 getattr success
[PUT] update 
[E] extent_server 00000000597fd3a6 getattr success
[E] extent_server getattr failed
[E] extent_server 00000000597fd3a6 getattr success
[PUT] update 
[PUT] create 
RPC STATS: 1:2 6001:367 6002:733 6003:498 
[E] extent_server 00000000f0fea388 getattr success
[PUT] update 
[E] extent_server 00000000597fd3a6 getattr success
[PUT] update 
[E] extent_server 000000007d6533b3 getattr success
[E] extent_server getattr failed
[E] extent_server getattr failed
[E] extent_server 00000000597fd3a6 getattr success
[PUT] update 
[PUT] create 
[E] extent_server 000000007d6533b3 getattr success
[PUT] update 
[PUT] create 
RPC STATS: 1:2 6001:373 6002:745 6003:505 
[E] extent_server 00000000d5175957 getattr success
[PUT] update 
[E] extent_server 000000007d6533b3 getattr success
[E] extent_server getattr failed
[E] extent_server 00000000fed838ae getattr success
[PUT] update 
[E] extent_server 00000000597fd3a6 getattr success
[E] extent_server getattr failed
[E] extent_server 00000000597fd3a6 getattr success
[PUT] update 
[PUT] create 
[E] extent_server 00000000a0839c6c getattr success
[PUT] update 
[E] extent_server 00000000597fd3a6 getattr success
RPC STATS: 1:2 6001:378 6002:757 6003:513 
[E] extent_server getattr failed
[E] extent_server 00000000597fd3a6 getattr success
[PUT] update 
[PUT] create 
[E] extent_server 00000000e36d5ef8 getattr success
[PUT] update 
[E] extent_server 00000000597fd3a6 getattr success
[E] extent_server getattr failed
[E] extent_server 00000000597fd3a6 getattr success
[PUT] update 
[PUT] create 
[E] extent_server 00000000ee4e9470 getattr success
[PUT] update 
RPC STATS: 1:2 6001:384 6002:768 6003:521 
[E] extent_server 00000000597fd3a6 getattr success
[E] extent_server getattr failed
[E] extent_server 00000000597fd3a6 getattr success
[PUT] update 
[PUT] create 
[E] extent_server 00000000abc2b73c getattr success
[PUT] update 
[E] extent_server 00000000597fd3a6 getattr success
[E] extent_server 000000007d6533b3 getattr success
[PUT] update 
[PUT] create 
[E] extent_server 00000000b60a1b6a getattr success
[PUT] update 
[E] extent_server 000000007d6533b3 getattr success
RPC STATS: 1:2 6001:390 6002:780 6003:528 
[E] extent_server getattr failed
[E] extent_server 000000007d6533b3 getattr success
[PUT] update 
[PUT] create 
[E] extent_server 00000000de3ff5b9 getattr success
[E] extent_server getattr failed
[E] extent_server 00000000597fd3a6 getattr success
[PUT] update 
[PUT] create 
[E] extent_server 00000000e397462d getattr success
[PUT] update 
[E] extent_server 00000000597fd3a6 getattr success
[PUT] update 
RPC STATS: 1:2 6001:396 6002:792 6003:535 
[E] extent_server 000000007d6533b3 getattr success
[E] extent_server getattr failed
[E] extent_server 00000000597fd3a6 getattr success
[PUT] update 
[PUT] create 
[E] extent_server 00000000dd43315c getattr success
[PUT] update 
[E] extent_server 00000000597fd3a6 getattr success
[E] extent_server getattr failed
[E] extent_server 00000000597fd3a6 getattr success
[PUT] update 
[PUT] create 
[E] extent_server 00000000847d9525 getattr success
RPC STATS: 1:2 6001:402 6002:803 6003:543 
[PUT] update 
[E] extent_server 00000000597fd3a6 getattr success
[E] extent_server getattr failed
[E] extent_server 00000000597fd3a6 getattr success
[PUT] update 
[PUT] create 
[E] extent_server 00000000bd410107 getattr success
[PUT] update 
[E] extent_server getattr failed
[E] extent_server 000000007d6533b3 getattr success
[PUT] update 
[PUT] create 
[E] extent_server 0000000093d49dfb getattr success
[PUT] update 
RPC STATS: 1:2 6001:408 6002:815 6003:550 
[E] extent_server 000000007d6533b3 getattr success
[E] extent_server 00000000597fd3a6 getattr success
[E] extent_server getattr failed
[E] extent_server 000000007d6533b3 getattr success
[PUT] update 
[PUT] create 
[E] extent_server 00000000ab73ff78 getattr success
[PUT] update 
[E] extent_server 000000007d6533b3 getattr success
[E] extent_server getattr failed
[E] extent_server getattr failed
[E] extent_server 00000000597fd3a6 getattr success
[PUT] update 
RPC STATS: 1:2 6001:413 6002:826 6003:559 
[PUT] create 
[E] extent_server 00000000e217a5db getattr success
[PUT] update 
[E] extent_server 000000007d6533b3 getattr success
[PUT] update 
[PUT] create 
[E] extent_server 00000000597fd3a6 getattr success
[E] extent_server 00000000c7b45c64 getattr success
[PUT] update 
[E] extent_server 000000007d6533b3 getattr success
[E] extent_server getattr failed
[E] extent_server 00000000597fd3a6 getattr success
[PUT] update 
RPC STATS: 1:2 6001:419 6002:838 6003:566 
[PUT] create 
[E] extent_server 00000000e45d3353 getattr success
[PUT] update 
[E] extent_server 00000000597fd3a6 getattr success
[E] extent_server getattr failed
[E] extent_server 00000000597fd3a6 getattr success
[PUT] update 
[PUT] create 
[E] extent_server 00000000a35c8e01 getattr success
[PUT] update 
[E] extent_server 00000000597fd3a6 getattr success
[E] extent_server getattr failed
[E] extent_server 00000000597fd3a6 getattr success
RPC STATS: 1:2 6001:424 6002:850 6003:574 
[PUT] update 
[PUT] create 
[E] extent_server 00000000e7c4183a getattr success
[PUT] update 
[E] extent_server 00000000597fd3a6 getattr success
[E] extent_server getattr failed
[E] extent_server 00000000597fd3a6 getattr success
[PUT] update 
[PUT] create 
[E] extent_server 000000009cd1a02c getattr success
[PUT] update 
[E] extent_server 00000000597fd3a6 getattr success
[E] extent_server getattr failed
[E] extent_server 00000000597fd3a6 getattr success
RPC STATS: 1:2 6001:429 6002:862 6003:582 
[PUT] update 
[PUT] create 
[E] extent_server 00000000e8d7180f getattr success
[PUT] update 
[E] extent_server 00000000597fd3a6 getattr success
[E] extent_server getattr failed
[E] extent_server 000000007d6533b3 getattr success
[PUT] update 
[PUT] create 
[E] extent_server 0000000091510b81 getattr success
[PUT] update 
[E] extent_server 000000007d6533b3 getattr success
[E] extent_server getattr failed
[E] extent_server 000000007d6533b3 getattr success
RPC STATS: 1:2 6001:435 6002:873 6003:590 
[PUT] update 
[PUT] create 
[E] extent_server 00000000ce3d29ae getattr success
[PUT] update 
[E] extent_server 000000007d6533b3 getattr success
[E] extent_server getattr failed
[E] extent_server getattr failed
[E] extent_server 00000000597fd3a6 getattr success
[PUT] update 
[PUT] create 
[E] extent_server 00000000d054f886 getattr success
[E] extent_server 000000007d6533b3 getattr success
[PUT] update 
[PUT] create 
RPC STATS: 1:2 6001:442 6002:883 6003:598 
[E] extent_server 00000000dfe0bd13 getattr success
[PUT] update 
[E] extent_server 000000007d6533b3 getattr success
[E] extent_server getattr failed
[E] extent_server 000000007d6533b3 getattr success
[PUT] update 
[PUT] create 
[E] extent_server 00000000a7fe2902 getattr success
[PUT] update 
[E] extent_server 000000007d6533b3 getattr success
[E] extent_server getattr failed
[PUT] update 
[E] extent_server 00000000597fd3a6 getattr success
RPC STATS: 1:2 6001:447 6002:895 6003:606 
[E] extent_server getattr failed
[E] extent_server 00000000597fd3a6 getattr success
[PUT] update 
[PUT] create 
[E] extent_server 00000000a79ccff4 getattr success
[PUT] update 
[E] extent_server 00000000597fd3a6 getattr success
[E] extent_server getattr failed
[E] extent_server 00000000597fd3a6 getattr success
[PUT] update 
[PUT] create 
[E] extent_server 00000000a8843745 getattr success
[E] extent_server 000000007d6533b3 getattr success
RPC STATS: 1:2 6001:453 6002:907 6003:613 
[PUT] update 
[PUT] create 
[E] extent_server 0000000095515f95 getattr success
[PUT] update 
[E] extent_server 00000000597fd3a6 getattr success
[E] extent_server getattr failed
[E] extent_server 00000000597fd3a6 getattr success
[PUT] update 
[PUT] create 
[E] extent_server 00000000893ecc75 getattr success
[PUT] update 
[PUT] update 
[E] extent_server 000000007d6533b3 getattr success
[E] extent_server getattr failed
RPC STATS: 1:2 6001:459 6002:918 6003:621 
[E] extent_server 00000000597fd3a6 getattr success
[E] extent_server getattr failed
[E] extent_server 00000000597fd3a6 getattr success
[PUT] update 
[PUT] create 
[E] extent_server 00000000bb9a5780 getattr success
[PUT] update 
[E] extent_server 00000000597fd3a6 getattr success
[E] extent_server getattr failed
[E] extent_server 00000000597fd3a6 getattr success
[PUT] update 
[PUT] create 
[E] extent_server 00000000f48a17a0 getattr success
[PUT] update 
RPC STATS: 1:2 6001:465 6002:930 6003:628 
[E] extent_server 00000000597fd3a6 getattr success
[E] extent_server getattr failed
[E] extent_server 000000007d6533b3 getattr success
[PUT] update 
[PUT] create 
[E] extent_server 000000009cd233c7 getattr success
[PUT] update 
[E] extent_server 000000007d6533b3 getattr success
[E] extent_server getattr failed
[E] extent_server 000000007d6533b3 getattr success
[PUT] update 
[PUT] create 
[E] extent_server 00000000e4d7a97b getattr success
RPC STATS: 1:2 6001:471 6002:941 6003:636 
[PUT] update 
[E] extent_server 00000000597fd3a6 getattr success
[PUT] update 
[PUT] create 
[E] extent_server 000000008ed51dfd getattr success
[PUT] update 
[E] extent_server 000000007d6533b3 getattr success
[E] extent_server getattr failed
[E] extent_server 00000000597fd3a6 getattr success
[E] extent_server 000000007d6533b3 getattr success
[PUT] update 
[PUT] create 
[E] extent_server getattr failed
[E] extent_server 00000000c63f0a61 getattr success
RPC STATS: 1:2 6001:476 6002:952 6003:645 
[E] extent_server 00000000597fd3a6 getattr success
[PUT] update 
[PUT] update 
[PUT] create 
[E] extent_server 00000000fb5b9c89 getattr success
[PUT] update 
[E] extent_server 00000000597fd3a6 getattr success
[E] extent_server getattr failed
[E] extent_server 000000007d6533b3 getattr success
[E] extent_server 00000000597fd3a6 getattr success
[PUT] update 
[PUT] create 
[E] extent_server 00000000a5c0e84d getattr success
RPC STATS: 1:2 6001:482 6002:964 6003:652 
[E] extent_server getattr failed
[PUT] update 
[E] extent_server 000000007d6533b3 getattr success
[PUT] update 
[PUT] create 
[E] extent_server 00000000c00c6007 getattr success
[E] extent_server 00000000597fd3a6 getattr success
[PUT] update 
[E] extent_server 000000007d6533b3 getattr success
[E] extent_server getattr failed
[E] extent_server 00000000597fd3a6 getattr success
[E] extent_server getattr failed
[E] extent_server 000000007d6533b3 getattr success
RPC STATS: 1:2 6001:486 6002:977 6003:660 
[PUT] update 
[PUT] create 
[E] extent_server 00000000dced1149 getattr success
[PUT] update 
[PUT] update 
[PUT] create 
[E] extent_server 00000000fed4b749 getattr success
[PUT] update 
[E] extent_server 00000000597fd3a6 getattr success
[E] extent_server 000000007d6533b3 getattr success
[E] extent_server getattr failed
[E] extent_server getattr failed
[E] extent_server 000000007d6533b3 getattr success
[E] extent_server 00000000597fd3a6 getattr success
RPC STATS: 1:2 6001:492 6002:988 6003:668 
[PUT] update 
[PUT] create 
[PUT] update 
[PUT] create 
[E] extent_server 00000000b09450d8 getattr success
[PUT] update 
[E] extent_server 000000007d6533b3 getattr success
[E] extent_server getattr failed
[E] extent_server 000000007d6533b3 getattr success
[PUT] update 
[PUT] create 
[E] extent_server 000000008a056928 getattr success
[PUT] update 
RPC STATS: 1:2 6001:500 6002:999 6003:674 
[E] extent_server 000000007d6533b3 getattr success
[E] extent_server getattr failed
[E] extent_server 000000007d6533b3 getattr success
[PUT] update 
[PUT] create 
[E] extent_server 00000000cf0f24ea getattr success
[PUT] update 
[E] extent_server 000000007d6533b3 getattr success
[E] extent_server 00000000a3b49c50 getattr success
[PUT] update 
[E] extent_server getattr failed
[E] extent_server 000000007d6533b3 getattr success
[PUT] update 
RPC STATS: 1:2 6001:506 6002:1011 6003:681 
[PUT] create 
[E] extent_server 00000000d38b65bd getattr success
[PUT] update 
[E] extent_server 000000007d6533b3 getattr success
[E] extent_server getattr failed
[E] extent_server 000000007d6533b3 getattr success
[PUT] update 
[PUT] create 
[E] extent_server 00000000abab68b4 getattr success
[PUT] update 
[E] extent_server 000000007d6533b3 getattr success
[E] extent_server getattr failed
[E] extent_server 000000007d6533b3 getattr success
RPC STATS: 1:2 6001:511 6002:1023 6003:689 
[PUT] update 
[PUT] create 
[E] extent_server 00000000c5f6d438 getattr success
[PUT] update 
[E] extent_server 000000007d6533b3 getattr success
[E] extent_server getattr failed
[E] extent_server 000000007d6533b3 getattr success
[PUT] update 
[PUT] create 
[E] extent_server 0000000093c092b1 getattr success
[PUT] update 
[E] extent_server 000000007d6533b3 getattr success
[E] extent_server 00000000597fd3a6 getattr success
[E] extent_server getattr failed
[E] extent_server 00000000597fd3a6 getattr success
RPC STATS: 1:2 6001:516 6002:1034 6003:698 
[PUT] update 
[PUT] create 
[E] extent_server 00000000ee274ced getattr success
[PUT] update 
[E] extent_server 00000000597fd3a6 getattr success
[E] extent_server getattr failed
[E] extent_server 00000000597fd3a6 getattr success
[PUT] update 
[PUT] create 
[E] extent_server getattr failed
[E] extent_server 000000007d6533b3 getattr success
[PUT] update 
[PUT] create 
RPC STATS: 1:2 6001:523 6002:1045 6003:705 
[E] extent_server 00000000c6939318 getattr success
[PUT] update 
[E] extent_server 000000007d6533b3 getattr success
[E] extent_server 00000000fba1f813 getattr success
[PUT] update 
[E] extent_server 00000000597fd3a6 getattr success
[E] extent_server getattr failed
[E] extent_server 000000007d6533b3 getattr success
[PUT] update 
[PUT] create 
[E] extent_server 00000000e0f0f8e8 getattr success
[PUT] update 
[E] extent_server getattr failed
[E] extent_server 00000000597fd3a6 getattr success
RPC STATS: 1:2 6001:528 6002:1057 6003:713 
[PUT] update 
[PUT] create 
[E] extent_server 00000000c934170d getattr success
[PUT] update 
[E] extent_server 00000000597fd3a6 getattr success
[E] extent_server getattr failed
[E] extent_server 00000000597fd3a6 getattr success
[E] extent_server 000000007d6533b3 getattr success
[PUT] update 
[PUT] create 
[E] extent_server 00000000abd6a18e getattr success
[PUT] update 
[E] extent_server 00000000597fd3a6 getattr success
RPC STATS: 1:2 6001:534 6002:1068 6003:721 
[E] extent_server getattr failed
[E] extent_server 00000000597fd3a6 getattr success
[PUT] update 
[PUT] create 
[E] extent_server 00000000eca09b9b getattr success
[PUT] update 
[E] extent_server 00000000597fd3a6 getattr success
[E] extent_server getattr failed
[E] extent_server 00000000597fd3a6 getattr success
[PUT] update 
[PUT] create 
[E] extent_server 00000000c80c4fbb getattr success
[PUT] update 
[E] extent_server 00000000597fd3a6 getattr success
RPC STATS: 1:2 6001:540 6002:1080 6003:728 
[E] extent_server getattr failed
[E] extent_server 00000000597fd3a6 getattr success
[PUT] update 
[PUT] create 
[E] extent_server 00000000cc5a3dfa getattr success
[PUT] update 
[E] extent_server 00000000597fd3a6 getattr success
[E] extent_server getattr failed
[E] extent_server 00000000597fd3a6 getattr success
[PUT] update 
[PUT] create 
[E] extent_server 00000000d00dfa94 getattr success
[PUT] update 
RPC STATS: 1:2 6001:546 6002:1092 6003:735 
[E] extent_server 00000000597fd3a6 getattr success
[E] extent_server getattr failed
[E] extent_server 00000000597fd3a6 getattr success
[PUT] update 
[PUT] create 
[E] extent_server 00000000b65ae42c getattr success
[PUT] update 
[E] extent_server 00000000597fd3a6 getattr success
[E] extent_server getattr failed
[E] extent_server 00000000597fd3a6 getattr success
[PUT] update 
[PUT] create 
[E] extent_server 00000000f81cf536 getattr success
RPC STATS: 1:2 6001:552 6002:1103 6003:743 
[PUT] update 
[E] extent_server 00000000597fd3a6 getattr success
[E] extent_server getattr failed
[E] extent_server 00000000597fd3a6 getattr success
[PUT] update 
[PUT] create 
[E] extent_server 00000000b3a540c1 getattr success
[E] extent_server getattr failed
[E] extent_server 0000000000000001 getattr success
[E] extent_server 000000007d6533b3 getattr success
[PUT] update 
[PUT] create 
[E] extent_server 000000009d08f362 getattr success
[PUT] update 
[E] extent_server 000000007d6533b3 getattr success
RPC STATS: 1:2 6001:557 6002:1114 6003:752 
[E] extent_server getattr failed
[E] extent_server 000000007d6533b3 getattr success
[PUT] update 
[PUT] create 
[E] extent_server 000000009420efc2 getattr success
[PUT] update 
[E] extent_server 000000007d6533b3 getattr success
[E] extent_server getattr failed
[E] extent_server 0000000000000001 getattr success
[PUT] update 
[E] extent_server 00000000597fd3a6 getattr success
[E] extent_server getattr failed
[E] extent_server 00000000597fd3a6 getattr success
RPC STATS: 1:2 6001:561 6002:1126 6003:761 
[PUT] update 
[PUT] create 
[E] extent_server 000000007d6533b3 getattr success
[PUT] update 
[PUT] create 
[E] extent_server 00000000da105120 getattr success
[E] extent_server 0000000000000001 getattr success
[PUT] update 
[E] extent_server 000000007d6533b3 getattr success
[E] extent_server getattr failed
[E] extent_server 000000007d6533b3 getattr success
[PUT] update 
[PUT] create 
[E] extent_server 0000000080c319f1 getattr success
RPC STATS: 1:2 6001:569 6002:1136 6003:768 
[PUT] update 
[E] extent_server 000000007d6533b3 getattr success
[E] extent_server getattr failed
[E] extent_server 000000007d6533b3 getattr success
[PUT] update 
[PUT] create 
[E] extent_server 00000000b40cd7d8 getattr success
[PUT] update 
[E] extent_server 000000007d6533b3 getattr success
[E] extent_server getattr failed
[E] extent_server 000000007d6533b3 getattr success
[PUT] update 
[PUT] create 
[E] extent_server 00000000b3c84516 getattr success
RPC STATS: 1:2 6001:574 6002:1148 6003:776 
[PUT] update 
[E] extent_server 000000007d6533b3 getattr success
[E] extent_server getattr failed
[E] extent_server 000000007d6533b3 getattr success
[PUT] update 
[PUT] create 
[E] extent_server 00000000d5da7348 getattr success
[E] extent_server 00000000939e1588 getattr success
[E] extent_server 0000000000000001 getattr success
[PUT] update 
[E] extent_server 0000000000000001 getattr success
[PUT] update 
[E] extent_server 00000000597fd3a6 getattr success
[E] extent_server 000000007d6533b3 getattr success
RPC STATS: 1:2 6001:579 6002:1158 6003:786 
[E] extent_server 00000000abd51bae getattr success
[PUT] update 
[E] extent_server 000000007d6533b3 getattr success
[E] extent_server 0000000000000001 getattr success
[E] extent_server getattr failed
[E] extent_server 00000000597fd3a6 getattr success
[PUT] update 
[PUT] create 
[E] extent_server 00000000fc9a8a5c getattr success
[PUT] update 
[E] extent_server 00000000597fd3a6 getattr success
[E] extent_server 00000000b963076e getattr success
RPC STATS: 1:2 6001:583 6002:1170 6003:793 6004:2 
[PUT] update 
[E] extent_server 000000007d6533b3 getattr success
[E] extent_server 00000000ba12be28 getattr success
[PUT] update 
[E] extent_server 000000007d6533b3 getattr success
[E] extent_server 00000000915e9220 getattr success
[PUT] update 
[E] extent_server 000000007d6533b3 getattr success
[E] extent_server getattr failed
[E] extent_server 000000009fb95925 getattr success
RPC STATS: 1:2 6001:586 6002:1182 6003:800 6004:5 
[PUT] update 
[E] extent_server 00000000597fd3a6 getattr success
[PUT] update 
[PUT] create 
[E] extent_server 00000000f0e641c8 getattr success
[PUT] update 
[E] extent_server 00000000597fd3a6 getattr success
[E] extent_server getattr failed
[E] extent_server 00000000597fd3a6 getattr success
[PUT] update 
[PUT] create 
[E] extent_server 00000000f5b5bb64 getattr success
[E] extent_server 000000007d6533b3 getattr success
RPC STATS: 1:2 6001:592 6002:1194 6003:807 6004:5 
[PUT] update 
[E] extent_server 00000000597fd3a6 getattr success
[E] extent_server 0000000082736834 getattr success
[E] extent_server getattr failed
[E] extent_server 00000000597fd3a6 getattr success
[PUT] update 
[PUT] create 
[E] extent_server 00000000e0f7bdaf getattr success
[PUT] update 
[E] extent_server 00000000597fd3a6 getattr success
[E] extent_server getattr failed
[E] extent_server 00000000597fd3a6 getattr success
RPC STATS: 1:2 6001:597 6002:1206 6003:815 6004:5 
[PUT] update 
[PUT] create 
[E] extent_server 000000009442cfc9 getattr success
[PUT] update 
[E] extent_server 00000000597fd3a6 getattr success
[E] extent_server getattr failed
[E] extent_server 00000000597fd3a6 getattr success
[PUT] update 
[PUT] create 
[E] extent_server 00000000dd79d39e getattr success
[PUT] update 
[PUT] update 
[E] extent_server 00000000597fd3a6 getattr success
RPC STATS: 1:2 6001:603 6002:1217 6003:822 6004:6 
[E] extent_server getattr failed
[E] extent_server 00000000597fd3a6 getattr success
[PUT] update 
[PUT] create 
[E] extent_server 00000000fdc95ddb getattr success
[E] extent_server 000000007d6533b3 getattr success
[E] extent_server 0000000096eb6ceb getattr success
[PUT] update 
[E] extent_server 00000000597fd3a6 getattr success
[E] extent_server getattr failed
[E] extent_server 00000000597fd3a6 getattr success
RPC STATS: 1:2 6001:607 6002:1230 6003:829 6004:7 
[PUT] update 
[PUT] update 
[PUT] create 
[E] extent_server 00000000fd19e7d9 getattr success
[PUT] update 
[E] extent_server 000000007d6533b3 getattr success
[E] extent_server 00000000597fd3a6 getattr success
[E] extent_server 00000000c3bfa7e9 getattr success
[E] extent_server getattr failed
[E] extent_server 00000000597fd3a6 getattr success
[PUT] update 
[PUT] update 
[PUT] create 
RPC STATS: 1:2 6001:613 6002:1241 6003:836 6004:8 
[E] extent_server 00000000adcecc24 getattr success
[E] extent_server 000000007d6533b3 getattr success
[PUT] update 
[E] extent_server 00000000a3ef6607 getattr success
[PUT] update 
[E] extent_server 000000007d6533b3 getattr success
[E] extent_server 00000000cd6011db getattr success
[PUT] update 
[E] extent_server 000000007d6533b3 getattr success
[E] extent_server 00000000597fd3a6 getattr success
[E] extent_server 0000000095dfd793 getattr success
RPC STATS: 1:2 6001:616 6002:1254 6003:843 6004:10 
[PUT] update 
[E] extent_server 00000000df4bb0b9 getattr success
[E] extent_server 00000000597fd3a6 getattr success
[PUT] update 
[E] extent_server 000000008724c044 getattr success
[E] extent_server 000000007d6533b3 getattr success
[PUT] update 
[E] extent_server 00000000e4ec64e6 getattr success
[E] extent_server 00000000597fd3a6 getattr success
RPC STATS: 1:2 6001:619 6002:1266 6003:849 6004:14 
[PUT] update 
[E] extent_server 000000008c71d21f getattr success
[E] extent_server 000000007d6533b3 getattr success
[PUT] update 
[E] extent_server 00000000bebf28e2 getattr success
[E] extent_server 00000000597fd3a6 getattr success
[PUT] update 
[E] extent_server 0000000080d7fddf getattr success
[E] extent_server 000000007d6533b3 getattr success
RPC STATS: 1:2 6001:622 6002:1279 6003:855 6004:17 
[PUT] update 
[E] extent_server 00000000597fd3a6 getattr success
[E] extent_server 00000000d894ceab getattr success
[PUT] update 
[E] extent_server 00000000597fd3a6 getattr success
[E] extent_server 00000000ad5f4628 getattr success
[E] extent_server 00000000df5efd15 getattr success
[PUT] update 
[PUT] update 
RPC STATS: 1:2 6001:626 6002:1291 6003:861 6004:20 
[E] extent_server 000000007d6533b3 getattr success
[E] extent_server 00000000597fd3a6 getattr success
[E] extent_server 00000000aeb7fa04 getattr success
[E] extent_server 00000000e2e46dee getattr success
[PUT] update 
[PUT] update 
[E] extent_server 000000007d6533b3 getattr success
[E] extent_server 00000000597fd3a6 getattr success
[E] extent_server 000000009930affa getattr success
[E] extent_server 00000000d256c2ef getattr success
RPC STATS: 1:2 6001:628 6002:1303 6003:868 6004:24 
[PUT] update 
[PUT] update 
[E] extent_server 00000000597fd3a6 getattr success
[E] extent_server 000000007d6533b3 getattr success
[E] extent_server 00000000a44b0bb1 getattr success
[PUT] update 
[E] extent_server 000000007d6533b3 getattr success
[E] extent_server 00000000a4c51605 getattr success
[PUT] update 
[E] extent_server 000000007d6533b3 getattr success
RPC STATS: 1:2 6001:632 6002:1316 6003:874 6004:26 
[E] extent_server 00000000a62c62f8 getattr success
[PUT] update 
[E] extent_server 000000007d6533b3 getattr success
[E] extent_server 00000000e9d974e5 getattr success
[PUT] update 
[E] extent_server 000000007d6533b3 getattr success
[E] extent_server 00000000e648b58c getattr success
[PUT] update 
[E] extent_server 000000007d6533b3 getattr success
RPC STATS: 1:2 6001:635 6002:1328 6003:881 6004:29 
[E] extent_server 00000000dd238d55 getattr success
[PUT] update 
[E] extent_server 000000007d6533b3 getattr success
[E] extent_server 00000000b9679baa getattr success
[PUT] update 
[E] extent_server 000000007d6533b3 getattr success
[E] extent_server 00000000fa329527 getattr success
[PUT] update 
[E] extent_server 00000000597fd3a6 getattr success
RPC STATS: 1:2 6001:638 6002:1341 6003:887 6004:32 
[E] extent_server 00000000d058f3a2 getattr success
[PUT] update 
[E] extent_server 00000000597fd3a6 getattr success
[E] extent_server 00000000893257c3 getattr success
[E] extent_server 00000000a6bedce0 getattr success
[PUT] update 
[E] extent_server 000000007d6533b3 getattr success
[E] extent_server 00000000b63d5fd2 getattr success
[PUT] update 
RPC STATS: 1:2 6001:641 6002:1353 6003:893 6004:36 
[E] extent_server 000000007d6533b3 getattr success
[PUT] update 
[E] extent_server 00000000597fd3a6 getattr success
[E] extent_server 00000000b8a1ce6e getattr success
[PUT] update 
[E] extent_server 000000007d6533b3 getattr success
[E] extent_server 000000008c58c125 getattr success
[PUT] update 
[E] extent_server 00000000597fd3a6 getattr success
[E] extent_server 00000000ccac7d98 getattr success
RPC STATS: 1:2 6001:644 6002:1366 6003:899 6004:39 
[PUT] update 
[E] extent_server 00000000597fd3a6 getattr success
[E] extent_server 00000000abc3bd7d getattr success
[E] extent_server 00000000d7acf66b getattr success
[PUT] update 
[PUT] update 
[E] extent_server 00000000597fd3a6 getattr success
[E] extent_server 000000007d6533b3 getattr success
[E] extent_server 00000000a6ad41ae getattr success
[E] extent_server 00000000e530f052 getattr success
RPC STATS: 1:2 6001:647 6002:1378 6003:906 6004:42 
[PUT] update 
[E] extent_server 00000000597fd3a6 getattr success
[E] extent_server 00000000c881a1c4 getattr success
[PUT] update 
[E] extent_server 00000000597fd3a6 getattr success
[PUT] update 
[E] extent_server 000000007d6533b3 getattr success
[E] extent_server 00000000e897babe getattr success
[PUT] update 
RPC STATS: 1:2 6001:651 6002:1391 6003:911 6004:45 
[E] extent_server 00000000597fd3a6 getattr success
[E] extent_server 00000000972f93f2 getattr success
[PUT] update 
[E] extent_server 00000000597fd3a6 getattr success
[E] extent_server 00000000d09cf37e getattr success
[PUT] update 
[E] extent_server 000000009d3e180f getattr success
[PUT] update 
[E] extent_server 00000000597fd3a6 getattr success
RPC STATS: 1:2 6001:654 6002:1404 6003:917 6004:48 
[E] extent_server 000000007d6533b3 getattr success
[E] extent_server 00000000fd267af5 getattr success
[E] extent_server 00000000f9422ad8 getattr success
[PUT] update 
[PUT] update 
[E] extent_server 00000000597fd3a6 getattr success
[E] extent_server 000000007d6533b3 getattr success
[E] extent_server 00000000f548f002 getattr success
[E] extent_server 00000000a4127561 getattr success
RPC STATS: 1:2 6001:656 6002:1416 6003:924 6004:52 
[PUT] update 
[PUT] update 
[E] extent_server 000000007d6533b3 getattr success
[E] extent_server 00000000597fd3a6 getattr success
[E] extent_server 00000000c91333bd getattr success
[PUT] update 
[E] extent_server 000000007d6533b3 getattr success
[E] extent_server 00000000b2a53246 getattr success
[PUT] update 
[E] extent_server 000000007d6533b3 getattr success
RPC STATS: 1:2 6001:660 6002:1428 6003:931 6004:54 
[E] extent_server 00000000de253389 getattr success
[PUT] update 
[E] extent_server 000000007d6533b3 getattr success
[E] extent_server 00000000da71c5dd getattr success
[PUT] update 
[E] extent_server 000000007d6533b3 getattr success
[E] extent_server 00000000d25e8b6b getattr success
[PUT] update 
[E] extent_server 000000007d6533b3 getattr success
[E] extent_server 00000000e0989bbd getattr success
RPC STATS: 1:2 6001:663 6002:1441 6003:937 6004:57 
[PUT] update 
[E] extent_server 000000007d6533b3 getattr success
[E] extent_server 00000000f15d32c8 getattr success
[PUT] update 
[E] extent_server 000000007d6533b3 getattr success
[E] extent_server 00000000961e3354 getattr success
[PUT] update 
[E] extent_server 00000000d249bcbe getattr success
RPC STATS: 1:2 6001:666 6002:1454 6003:942 6004:61 
[PUT] update 
[E] extent_server 00000000597fd3a6 getattr success
[E] extent_server 00000000d958bdf2 getattr success
[E] extent_server 000000007d6533b3 getattr success
[E] extent_server 00000000848801c4 getattr success
[PUT] update 
[PUT] update 
[E] extent_server 00000000597fd3a6 getattr success
[E] extent_server 00000000e2d447ca getattr success
RPC STATS: 1:2 6001:670 6002:1466 6003:948 6004:64 
[PUT] update 
[E] extent_server 000000007d6533b3 getattr success
[E] extent_server 00000000bebd44a4 getattr success
[E] extent_server 00000000597fd3a6 getattr success
[PUT] update 
[E] extent_server 000000007d6533b3 getattr success
[E] extent_server 00000000f569e40e getattr success
[PUT] update 
[E] extent_server 000000007d6533b3 getattr success
[E] extent_server 00000000e97466aa getattr success
RPC STATS: 1:2 6001:673 6002:1478 6003:955 6004:67 
[PUT] update 
[E] extent_server 000000007d6533b3 getattr success
[E] extent_server 00000000fd7c6d86 getattr success
[PUT] update 
[E] extent_server 000000007d6533b3 getattr success
[E] extent_server 00000000a2c92a36 getattr success
[PUT] update 
[E] extent_server 000000007d6533b3 getattr success
[E] extent_server 00000000f26ebb70 getattr success
[PUT] update 
RPC STATS: 1:2 6001:676 6002:1491 6003:961 6004:70 
[E] extent_server 00000000597fd3a6 getattr success
[E] extent_server 00000000ef765bc2 getattr success
[E] extent_server 00000000982c60af getattr success
[PUT] update 
[E] extent_server 00000000597fd3a6 getattr success
[PUT] update 
[E] extent_server 000000007d6533b3 getattr success
[E] extent_server 0000000096ad1d81 getattr success
[PUT] update 
RPC STATS: 1:2 6001:679 6002:1504 6003:967 6004:73 
[E] extent_server 000000007d6533b3 getattr success
[E] extent_server 00000000c71435e7 getattr success
[PUT] update 
[E] extent_server 000000007d6533b3 getattr success
[E] extent_server 00000000bcf176b4 getattr success
[PUT] update 
[E] extent_server 000000008b3f1ad0 getattr success
[PUT] update 
[E] extent_server 000000007d6533b3 getattr success
RPC STATS: 1:2 6001:682 6002:1516 6003:974 6004:76 
[E] extent_server 00000000bcd98079 getattr success
[PUT] update 
[E] extent_server 00000000597fd3a6 getattr success
[E] extent_server 000000008029e734 getattr success
[PUT] update 
[E] extent_server 00000000597fd3a6 getattr success
[E] extent_server 000000007d6533b3 getattr success
[E] extent_server 00000000eef49cec getattr success
[PUT] update 
[E] extent_server 00000000b0edaacc getattr success
RPC STATS: 1:2 6001:685 6002:1528 6003:980 6004:80 
[PUT] update 
[E] extent_server 00000000597fd3a6 getattr success
[E] extent_server 00000000d8badde9 getattr success
[E] extent_server 000000007d6533b3 getattr success
[PUT] update 
[E] extent_server 00000000597fd3a6 getattr success
[E] extent_server 00000000a33a2c40 getattr success
[PUT] update 
[E] extent_server 00000000d9a9bada getattr success
RPC STATS: 1:2 6001:688 6002:1541 6003:986 6004:83 
[E] extent_server 000000007d6533b3 getattr success
[PUT] update 
[E] extent_server 00000000597fd3a6 getattr success
[E] extent_server 0000000084d4747f getattr success
[PUT] update 
[E] extent_server 00000000597fd3a6 getattr success
[E] extent_server 00000000dfdf9e2d getattr success
[PUT] update 
[E] extent_server 00000000597fd3a6 getattr success
[E] extent_server 0000000099fd0dce getattr success
RPC STATS: 1:2 6001:691 6002:1553 6003:994 6004:85 
[E] extent_server 00000000e61b8cf9 getattr success
[PUT] update 
[E] extent_server 00000000597fd3a6 getattr success
[E] extent_server 0000000085ac725e getattr success
[PUT] update 
[E] extent_server 00000000597fd3a6 getattr success
[E] extent_server 00000000b8746cd9 getattr success
[PUT] update 
[E] extent_server 00000000597fd3a6 getattr success
[E] extent_server 00000000c57a8a0e getattr success
RPC STATS: 1:2 6001:694 6002:1566 6003:1000 6004:88 
[PUT] update 
[E] extent_server 00000000597fd3a6 getattr success
[E] extent_server 00000000e890e04c getattr success
[PUT] update 
[PUT] update 
[E] extent_server 000000007d6533b3 getattr success
[E] extent_server 00000000ea554677 getattr success
[E] extent_server 00000000597fd3a6 getattr success
[E] extent_server 000000008acb2fc8 getattr success
RPC STATS: 1:2 6001:697 6002:1578 6003:1006 6004:92 
[PUT] update 
[E] extent_server 00000000597fd3a6 getattr success
[E] extent_server 00000000bfad1f36 getattr success
[PUT] update 
[E] extent_server 00000000597fd3a6 getattr success
[E] extent_server 00000000b8e9d3ef getattr success
[PUT] update 
[E] extent_server 00000000597fd3a6 getattr success
RPC STATS: 1:2 6001:701 6002:1591 6003:1011 6004:95 
[PUT] update 
[E] extent_server 000000007d6533b3 getattr success
[E] extent_server 0000000093fd878c getattr success
[PUT] update 
[E] extent_server 00000000597fd3a6 getattr success
[E] extent_server 00000000cc05e05b getattr success
[PUT] update 
[E] extent_server 00000000c9f90921 getattr success
[PUT] update 
[E] extent_server 000000007d6533b3 getattr success
RPC STATS: 1:2 6001:704 6002:1604 6003:1017 6004:98 
[E] extent_server 00000000d03a6da0 getattr success
[PUT] update 
[E] extent_server 000000007d6533b3 getattr success
[E] extent_server 00000000a2f714e5 getattr success
[PUT] update 
[E] extent_server 00000000597fd3a6 getattr success
[E] extent_server 0000000085965187 getattr success
[E] extent_server 000000007d6533b3 getattr success
[E] extent_server 00000000a1a5ff8c getattr success
[PUT] update 
RPC STATS: 1:2 6001:707 6002:1616 6003:1024 6004:101 
[E] extent_server 00000000597fd3a6 getattr success
[E] extent_server 00000000bfc14509 getattr success
[PUT] update 
[PUT] update 
[E] extent_server 000000007d6533b3 getattr success
[E] extent_server 00000000f6e7af4e getattr success
[PUT] update 
[E] extent_server 00000000597fd3a6 getattr success
[E] extent_server 000000007d6533b3 getattr success
RPC STATS: 1:2 6001:710 6002:1629 6003:1030 6004:104 
[E] extent_server 00000000b136d0ad getattr success
[E] extent_server 00000000c0352cf4 getattr success
[PUT] update 
[PUT] update 
[E] extent_server 00000000597fd3a6 getattr success
[E] extent_server 00000000ce17f34c getattr success
[PUT] update 
[E] extent_server 000000007d6533b3 getattr success
[E] extent_server 000000009ae82a64 getattr success
RPC STATS: 1:2 6001:713 6002:1641 6003:1036 6004:108 
[PUT] update 
[E] extent_server 00000000597fd3a6 getattr success
[E] extent_server 00000000a858ffc7 getattr success
[E] extent_server 000000007d6533b3 getattr success
[PUT] update 
[E] extent_server 00000000597fd3a6 getattr success
[E] extent_server 00000000c866649f getattr success
[PUT] update 
[E] extent_server 00000000597fd3a6 getattr success
[E] extent_server 000000009eb4e6ca getattr success
RPC STATS: 1:2 6001:716 6002:1653 6003:1044 6004:110 
[E] extent_server 000000009afa24af getattr success
[PUT] update 
[E] extent_server 000000007d6533b3 getattr success
[E] extent_server 00000000894860b1 getattr success
[PUT] update 
[E] extent_server 00000000597fd3a6 getattr success
[PUT] update 
[E] extent_server 000000007d6533b3 getattr success
[E] extent_server 00000000cd8d5caa getattr success
RPC STATS: 1:2 6001:719 6002:1666 6003:1049 6004:114 
[PUT] update 
[E] extent_server 000000007d6533b3 getattr success
[E] extent_server 00000000f91f5838 getattr success
[PUT] update 
[E] extent_server 000000007d6533b3 getattr success
[E] extent_server 00000000e3ba268e getattr success
[PUT] update 
[E] extent_server 000000007d6533b3 getattr success
[E] extent_server 00000000a57f7abc getattr success
RPC STATS: 1:2 6001:723 6002:1678 6003:1055 6004:117 
[PUT] update 
[E] extent_server 00000000597fd3a6 getattr success
[E] extent_server 00000000bdaf54a1 getattr success
[PUT] update 
[E] extent_server 00000000597fd3a6 getattr success
[E] extent_server 00000000f0fea388 getattr success
[PUT] update 
[E] extent_server 00000000597fd3a6 getattr success
[E] extent_server 00000000fed838ae getattr success
[PUT] update 
RPC STATS: 1:2 6001:726 6002:1691 6003:1061 6004:120 
[E] extent_server 000000009febe815 getattr success
[PUT] update 
[E] extent_server 000000007d6533b3 getattr success
[E] extent_server 00000000d9b7f3f5 getattr success
[PUT] update 
[E] extent_server 00000000597fd3a6 getattr success
[E] extent_server 000000007d6533b3 getattr success
[E] extent_server 00000000d5175957 getattr success
[E] extent_server 00000000a0839c6c getattr success
RPC STATS: 1:2 6001:729 6002:1703 6003:1068 6004:123 
[PUT] update 
[PUT] update 
[E] extent_server 000000007d6533b3 getattr success
[E] extent_server 00000000597fd3a6 getattr success
[E] extent_server 00000000b60a1b6a getattr success
[E] extent_server 00000000e36d5ef8 getattr success
[PUT] update 
[E] extent_server 00000000597fd3a6 getattr success
[E] extent_server 00000000ee4e9470 getattr success
[PUT] update 
RPC STATS: 1:2 6001:732 6002:1716 6003:1074 6004:126 
[E] extent_server 00000000597fd3a6 getattr success
[E] extent_server 00000000abc2b73c getattr success
[PUT] update 
[E] extent_server 00000000597fd3a6 getattr success
[E] extent_server 00000000e397462d getattr success
[PUT] update 
[E] extent_server 00000000597fd3a6 getattr success
[E] extent_server 00000000dd43315c getattr success
[PUT] update 
RPC STATS: 1:2 6001:735 6002:1728 6003:1081 6004:129 
[E] extent_server 000000007d6533b3 getattr success
[E] extent_server 00000000de3ff5b9 getattr success
[PUT] update 
[E] extent_server 000000007d6533b3 getattr success
[E] extent_server 0000000093d49dfb getattr success
[PUT] update 
[E] extent_server 000000007d6533b3 getattr success
[E] extent_server 00000000ab73ff78 getattr success
[PUT] update 
[E] extent_server 000000007d6533b3 getattr success
RPC STATS: 1:2 6001:738 6002:1741 6003:1087 6004:132 
[E] extent_server 00000000c7b45c64 getattr success
[PUT] update 
[E] extent_server 000000007d6533b3 getattr success
[E] extent_server 0000000091510b81 getattr success
[PUT] update 
[E] extent_server 000000007d6533b3 getattr success
[E] extent_server 00000000ce3d29ae getattr success
[PUT] update 
[E] extent_server 000000007d6533b3 getattr success
RPC STATS: 1:2 6001:741 6002:1753 6003:1094 6004:135 
[E] extent_server 00000000dfe0bd13 getattr success
[PUT] update 
[E] extent_server 000000007d6533b3 getattr success
[E] extent_server 00000000a7fe2902 getattr success
[PUT] update 
[E] extent_server 000000007d6533b3 getattr success
[PUT] update 
[E] extent_server 0000000095515f95 getattr success
RPC STATS: 1:2 6001:745 6002:1766 6003:1098 6004:139 
[PUT] update 
[E] extent_server 000000007d6533b3 getattr success
[E] extent_server 000000009cd233c7 getattr success
[PUT] update 
[E] extent_server 000000007d6533b3 getattr success
[E] extent_server 00000000e4d7a97b getattr success
[PUT] update 
[E] extent_server 000000007d6533b3 getattr success
[E] extent_server 00000000c63f0a61 getattr success
[PUT] update 
RPC STATS: 1:2 6001:748 6002:1779 6003:1104 6004:142 
[E] extent_server 00000000597fd3a6 getattr success
[E] extent_server 00000000847d9525 getattr success
[PUT] update 
[E] extent_server 000000007d6533b3 getattr success
[E] extent_server 00000000597fd3a6 getattr success
[E] extent_server 00000000bd410107 getattr success
[PUT] update 
[E] extent_server 00000000597fd3a6 getattr success
[E] extent_server 00000000e217a5db getattr success
[PUT] update 
RPC STATS: 1:2 6001:751 6002:1791 6003:1111 6004:145 
[E] extent_server 00000000597fd3a6 getattr success
[E] extent_server 00000000e45d3353 getattr success
[PUT] update 
[E] extent_server 00000000597fd3a6 getattr success
[E] extent_server 00000000a35c8e01 getattr success
[PUT] update 
[E] extent_server 00000000597fd3a6 getattr success
[E] extent_server 00000000e7c4183a getattr success
[E] extent_server 00000000c00c6007 getattr success
RPC STATS: 1:2 6001:753 6002:1804 6003:1118 6004:148 
[PUT] update 
[E] extent_server 000000007d6533b3 getattr success
[E] extent_server 00000000fed4b749 getattr success
[PUT] update 
[E] extent_server 00000000597fd3a6 getattr success
[E] extent_server 000000009cd1a02c getattr success
[PUT] update 
[E] extent_server 00000000597fd3a6 getattr success
[E] extent_server 00000000e8d7180f getattr success
[PUT] update 
RPC STATS: 1:2 6001:757 6002:1816 6003:1124 6004:151 
[E] extent_server 000000007d6533b3 getattr success
[E] extent_server 00000000b09450d8 getattr success
[PUT] update 
[E] extent_server 000000007d6533b3 getattr success
[PUT] update 
[E] extent_server 000000008a056928 getattr success
[PUT] update 
[E] extent_server 000000007d6533b3 getattr success
[E] extent_server 00000000cf0f24ea getattr success
RPC STATS: 1:2 6001:760 6002:1828 6003:1130 6004:155 
[PUT] update 
[E] extent_server 00000000597fd3a6 getattr success
[E] extent_server 00000000d054f886 getattr success
[PUT] update 
[E] extent_server 00000000597fd3a6 getattr success
[E] extent_server 00000000a79ccff4 getattr success
[E] extent_server 000000007d6533b3 getattr success
[E] extent_server 00000000d38b65bd getattr success
[PUT] update 
RPC STATS: 1:2 6001:763 6002:1841 6003:1137 6004:157 
[E] extent_server 000000007d6533b3 getattr success
[PUT] update 
[E] extent_server 00000000abab68b4 getattr success
[PUT] update 
[E] extent_server 000000007d6533b3 getattr success
[E] extent_server 00000000c5f6d438 getattr success
[E] extent_server 00000000597fd3a6 getattr success
[PUT] update 
[E] extent_server 00000000a8843745 getattr success
[E] extent_server 000000007d6533b3 getattr success
RPC STATS: 1:2 6001:766 6002:1853 6003:1143 6004:161 
[E] extent_server 0000000093c092b1 getattr success
[PUT] update 
[PUT] update 
[E] extent_server 00000000597fd3a6 getattr success
[E] extent_server 000000007d6533b3 getattr success
[E] extent_server 00000000893ecc75 getattr success
[E] extent_server 00000000c6939318 getattr success
[PUT] update 
[E] extent_server 00000000597fd3a6 getattr success
[E] extent_server 00000000bb9a5780 getattr success
RPC STATS: 1:2 6001:769 6002:1866 6003:1150 6004:163 
[PUT] update 
[E] extent_server 00000000597fd3a6 getattr success
[E] extent_server 00000000f48a17a0 getattr success
[PUT] update 
[E] extent_server 00000000597fd3a6 getattr success
[E] extent_server 000000008ed51dfd getattr success
[PUT] update 
[E] extent_server 00000000597fd3a6 getattr success
RPC STATS: 1:2 6001:773 6002:1878 6003:1155 6004:167 
[PUT] update 
[E] extent_server 000000007d6533b3 getattr success
[E] extent_server 00000000e0f0f8e8 getattr success
[PUT] update 
[E] extent_server 00000000fb5b9c89 getattr success
[PUT] update 
[E] extent_server 00000000597fd3a6 getattr success
[E] extent_server 00000000a5c0e84d getattr success
[PUT] update 
RPC STATS: 1:2 6001:776 6002:1891 6003:1161 6004:170 
[E] extent_server 000000007d6533b3 getattr success
[E] extent_server 00000000597fd3a6 getattr success
[E] extent_server 00000000dced1149 getattr success
[E] extent_server 000000009d08f362 getattr success
[PUT] update 
[E] extent_server 000000007d6533b3 getattr success
[E] extent_server 000000009420efc2 getattr success
[PUT] update 
[E] extent_server 000000007d6533b3 getattr success
[E] extent_server 00000000da105120 getattr success
RPC STATS: 1:2 6001:779 6002:1903 6003:1168 6004:173 
[PUT] update 
[E] extent_server 000000007d6533b3 getattr success
[E] extent_server 0000000080c319f1 getattr success
[PUT] update 
[E] extent_server 000000007d6533b3 getattr success
[E] extent_server 00000000b40cd7d8 getattr success
[PUT] update 
[E] extent_server 000000007d6533b3 getattr success
[E] extent_server 00000000b3c84516 getattr success
[PUT] update 
RPC STATS: 1:2 6001:782 6002:1916 6003:1174 6004:176 
[E] extent_server 00000000597fd3a6 getattr success
[E] extent_server 00000000a3b49c50 getattr success
[PUT] update 
[E] extent_server 00000000597fd3a6 getattr success
[PUT] update 
[E] extent_server 00000000ee274ced getattr success
[PUT] update 
[E] extent_server 00000000597fd3a6 getattr success
[E] extent_server 00000000fba1f813 getattr success
RPC STATS: 1:2 6001:785 6002:1928 6003:1180 6004:180 
[PUT] update 
[E] extent_server 00000000597fd3a6 getattr success
[E] extent_server 00000000c934170d getattr success
[PUT] update 
[E] extent_server 00000000597fd3a6 getattr success
[E] extent_server 00000000abd6a18e getattr success
[PUT] update 
[E] extent_server 00000000597fd3a6 getattr success
[E] extent_server 00000000eca09b9b getattr success
RPC STATS: 1:2 6001:788 6002:1941 6003:1186 6004:183 
[PUT] update 
[E] extent_server 00000000597fd3a6 getattr success
[E] extent_server 00000000c80c4fbb getattr success
[PUT] update 
[E] extent_server 00000000597fd3a6 getattr success
[E] extent_server 00000000cc5a3dfa getattr success
[PUT] update 
[E] extent_server 00000000597fd3a6 getattr success
[E] extent_server 00000000d00dfa94 getattr success
RPC STATS: 1:2 6001:792 6002:1953 6003:1192 6004:186 
[PUT] update 
[E] extent_server 00000000597fd3a6 getattr success
[E] extent_server 00000000b65ae42c getattr success
[PUT] update 
[E] extent_server 00000000597fd3a6 getattr success
[E] extent_server 00000000f81cf536 getattr success
[PUT] update 
[E] extent_server 00000000597fd3a6 getattr success
[E] extent_server 00000000b3a540c1 getattr success
[PUT] update 
RPC STATS: 1:2 6001:795 6002:1966 6003:1198 6004:189 
[E] extent_server 00000000597fd3a6 getattr success
[E] extent_server 00000000939e1588 getattr success
[PUT] update 
[E] extent_server 00000000597fd3a6 getattr success
[E] extent_server 00000000fc9a8a5c getattr success
[PUT] update 
[E] extent_server 00000000597fd3a6 getattr success
[E] extent_server 00000000f0e641c8 getattr success
[PUT] update 
RPC STATS: 1:2 6001:798 6002:1978 6003:1205 6004:192 
[E] extent_server 00000000597fd3a6 getattr success
[E] extent_server 00000000f5b5bb64 getattr success
[PUT] update 
[E] extent_server 00000000597fd3a6 getattr success
[E] extent_server 00000000e0f7bdaf getattr success
[PUT] update 
[E] extent_server 00000000597fd3a6 getattr success
[E] extent_server 000000009442cfc9 getattr success
[PUT] update 
[E] extent_server 00000000597fd3a6 getattr success
RPC STATS: 1:2 6001:801 6002:1991 6003:1211 6004:195 
[E] extent_server 00000000dd79d39e getattr success
[PUT] update 
[E] extent_server 00000000597fd3a6 getattr success
[E] extent_server 00000000fdc95ddb getattr success
[PUT] update 
[E] extent_server 00000000597fd3a6 getattr success
[E] extent_server 00000000fd19e7d9 getattr success
[PUT] update 
[E] extent_server 000000007d6533b3 getattr success
RPC STATS: 1:2 6001:804 6002:2004 6003:1217 6004:198 
[E] extent_server 00000000597fd3a6 getattr success
